ARM GAS  C:\Users\afara\AppData\Local\Temp\cceThpda.s 			page 1


   1              		.cpu cortex-m4
   2              		.arch armv7e-m
   3              		.fpu fpv4-sp-d16
   4              		.eabi_attribute 27, 1
   5              		.eabi_attribute 28, 1
   6              		.eabi_attribute 20, 1
   7              		.eabi_attribute 21, 1
   8              		.eabi_attribute 23, 3
   9              		.eabi_attribute 24, 1
  10              		.eabi_attribute 25, 1
  11              		.eabi_attribute 26, 1
  12              		.eabi_attribute 30, 1
  13              		.eabi_attribute 34, 1
  14              		.eabi_attribute 18, 4
  15              		.file	"adc.c"
  16              		.text
  17              	.Ltext0:
  18              		.cfi_sections	.debug_frame
  19              		.section	.text.MX_ADC1_Init,"ax",%progbits
  20              		.align	1
  21              		.global	MX_ADC1_Init
  22              		.syntax unified
  23              		.thumb
  24              		.thumb_func
  26              	MX_ADC1_Init:
  27              	.LFB130:
  28              		.file 1 "Core/Src/adc.c"
   1:Core/Src/adc.c **** /* USER CODE BEGIN Header */
   2:Core/Src/adc.c **** /**
   3:Core/Src/adc.c ****   ******************************************************************************
   4:Core/Src/adc.c ****   * @file    adc.c
   5:Core/Src/adc.c ****   * @brief   This file provides code for the configuration
   6:Core/Src/adc.c ****   *          of the ADC instances.
   7:Core/Src/adc.c ****   ******************************************************************************
   8:Core/Src/adc.c ****   * @attention
   9:Core/Src/adc.c ****   *
  10:Core/Src/adc.c ****   * Copyright (c) 2022 STMicroelectronics.
  11:Core/Src/adc.c ****   * All rights reserved.
  12:Core/Src/adc.c ****   *
  13:Core/Src/adc.c ****   * This software is licensed under terms that can be found in the LICENSE file
  14:Core/Src/adc.c ****   * in the root directory of this software component.
  15:Core/Src/adc.c ****   * If no LICENSE file comes with this software, it is provided AS-IS.
  16:Core/Src/adc.c ****   *
  17:Core/Src/adc.c ****   ******************************************************************************
  18:Core/Src/adc.c ****   */
  19:Core/Src/adc.c **** /* USER CODE END Header */
  20:Core/Src/adc.c **** /* Includes ------------------------------------------------------------------*/
  21:Core/Src/adc.c **** #include "adc.h"
  22:Core/Src/adc.c **** 
  23:Core/Src/adc.c **** /* USER CODE BEGIN 0 */
  24:Core/Src/adc.c **** 
  25:Core/Src/adc.c **** /* USER CODE END 0 */
  26:Core/Src/adc.c **** 
  27:Core/Src/adc.c **** ADC_HandleTypeDef hadc1;
  28:Core/Src/adc.c **** DMA_HandleTypeDef hdma_adc1;
  29:Core/Src/adc.c **** 
  30:Core/Src/adc.c **** /* ADC1 init function */
ARM GAS  C:\Users\afara\AppData\Local\Temp\cceThpda.s 			page 2


  31:Core/Src/adc.c **** void MX_ADC1_Init(void)
  32:Core/Src/adc.c **** {
  29              		.loc 1 32 1 view -0
  30              		.cfi_startproc
  31              		@ args = 0, pretend = 0, frame = 40
  32              		@ frame_needed = 0, uses_anonymous_args = 0
  33 0000 00B5     		push	{lr}
  34              	.LCFI0:
  35              		.cfi_def_cfa_offset 4
  36              		.cfi_offset 14, -4
  37 0002 8BB0     		sub	sp, sp, #44
  38              	.LCFI1:
  39              		.cfi_def_cfa_offset 48
  33:Core/Src/adc.c **** 
  34:Core/Src/adc.c ****   /* USER CODE BEGIN ADC1_Init 0 */
  35:Core/Src/adc.c **** 
  36:Core/Src/adc.c ****   /* USER CODE END ADC1_Init 0 */
  37:Core/Src/adc.c **** 
  38:Core/Src/adc.c ****   ADC_MultiModeTypeDef multimode = {0};
  40              		.loc 1 38 3 view .LVU1
  41              		.loc 1 38 24 is_stmt 0 view .LVU2
  42 0004 0023     		movs	r3, #0
  43 0006 0793     		str	r3, [sp, #28]
  44 0008 0893     		str	r3, [sp, #32]
  45 000a 0993     		str	r3, [sp, #36]
  39:Core/Src/adc.c ****   ADC_ChannelConfTypeDef sConfig = {0};
  46              		.loc 1 39 3 is_stmt 1 view .LVU3
  47              		.loc 1 39 26 is_stmt 0 view .LVU4
  48 000c 0193     		str	r3, [sp, #4]
  49 000e 0293     		str	r3, [sp, #8]
  50 0010 0393     		str	r3, [sp, #12]
  51 0012 0493     		str	r3, [sp, #16]
  52 0014 0593     		str	r3, [sp, #20]
  53 0016 0693     		str	r3, [sp, #24]
  40:Core/Src/adc.c **** 
  41:Core/Src/adc.c ****   /* USER CODE BEGIN ADC1_Init 1 */
  42:Core/Src/adc.c **** 
  43:Core/Src/adc.c ****   /* USER CODE END ADC1_Init 1 */
  44:Core/Src/adc.c **** 
  45:Core/Src/adc.c ****   /** Common config
  46:Core/Src/adc.c ****   */
  47:Core/Src/adc.c ****   hadc1.Instance = ADC1;
  54              		.loc 1 47 3 is_stmt 1 view .LVU5
  55              		.loc 1 47 18 is_stmt 0 view .LVU6
  56 0018 4A48     		ldr	r0, .L23
  57 001a 4FF0A042 		mov	r2, #1342177280
  58 001e 0260     		str	r2, [r0]
  48:Core/Src/adc.c ****   hadc1.Init.ClockPrescaler = ADC_CLOCK_ASYNC_DIV1;
  59              		.loc 1 48 3 is_stmt 1 view .LVU7
  60              		.loc 1 48 29 is_stmt 0 view .LVU8
  61 0020 4360     		str	r3, [r0, #4]
  49:Core/Src/adc.c ****   hadc1.Init.Resolution = ADC_RESOLUTION_12B;
  62              		.loc 1 49 3 is_stmt 1 view .LVU9
  63              		.loc 1 49 25 is_stmt 0 view .LVU10
  64 0022 8360     		str	r3, [r0, #8]
  50:Core/Src/adc.c ****   hadc1.Init.ScanConvMode = ADC_SCAN_ENABLE;
  65              		.loc 1 50 3 is_stmt 1 view .LVU11
ARM GAS  C:\Users\afara\AppData\Local\Temp\cceThpda.s 			page 3


  66              		.loc 1 50 27 is_stmt 0 view .LVU12
  67 0024 0122     		movs	r2, #1
  68 0026 0261     		str	r2, [r0, #16]
  51:Core/Src/adc.c ****   hadc1.Init.ContinuousConvMode = DISABLE;
  69              		.loc 1 51 3 is_stmt 1 view .LVU13
  70              		.loc 1 51 33 is_stmt 0 view .LVU14
  71 0028 4376     		strb	r3, [r0, #25]
  52:Core/Src/adc.c ****   hadc1.Init.DiscontinuousConvMode = DISABLE;
  72              		.loc 1 52 3 is_stmt 1 view .LVU15
  73              		.loc 1 52 36 is_stmt 0 view .LVU16
  74 002a 80F82030 		strb	r3, [r0, #32]
  53:Core/Src/adc.c ****   hadc1.Init.ExternalTrigConvEdge = ADC_EXTERNALTRIGCONVEDGE_NONE;
  75              		.loc 1 53 3 is_stmt 1 view .LVU17
  76              		.loc 1 53 35 is_stmt 0 view .LVU18
  77 002e C362     		str	r3, [r0, #44]
  54:Core/Src/adc.c ****   hadc1.Init.ExternalTrigConv = ADC_SOFTWARE_START;
  78              		.loc 1 54 3 is_stmt 1 view .LVU19
  79              		.loc 1 54 31 is_stmt 0 view .LVU20
  80 0030 8262     		str	r2, [r0, #40]
  55:Core/Src/adc.c ****   hadc1.Init.DataAlign = ADC_DATAALIGN_RIGHT;
  81              		.loc 1 55 3 is_stmt 1 view .LVU21
  82              		.loc 1 55 24 is_stmt 0 view .LVU22
  83 0032 C360     		str	r3, [r0, #12]
  56:Core/Src/adc.c ****   hadc1.Init.NbrOfConversion = 8;
  84              		.loc 1 56 3 is_stmt 1 view .LVU23
  85              		.loc 1 56 30 is_stmt 0 view .LVU24
  86 0034 0821     		movs	r1, #8
  87 0036 C161     		str	r1, [r0, #28]
  57:Core/Src/adc.c ****   hadc1.Init.DMAContinuousRequests = ENABLE;
  88              		.loc 1 57 3 is_stmt 1 view .LVU25
  89              		.loc 1 57 36 is_stmt 0 view .LVU26
  90 0038 80F83020 		strb	r2, [r0, #48]
  58:Core/Src/adc.c ****   hadc1.Init.EOCSelection = ADC_EOC_SINGLE_CONV;
  91              		.loc 1 58 3 is_stmt 1 view .LVU27
  92              		.loc 1 58 27 is_stmt 0 view .LVU28
  93 003c 0422     		movs	r2, #4
  94 003e 4261     		str	r2, [r0, #20]
  59:Core/Src/adc.c ****   hadc1.Init.LowPowerAutoWait = DISABLE;
  95              		.loc 1 59 3 is_stmt 1 view .LVU29
  96              		.loc 1 59 31 is_stmt 0 view .LVU30
  97 0040 0376     		strb	r3, [r0, #24]
  60:Core/Src/adc.c ****   hadc1.Init.Overrun = ADC_OVR_DATA_OVERWRITTEN;
  98              		.loc 1 60 3 is_stmt 1 view .LVU31
  99              		.loc 1 60 22 is_stmt 0 view .LVU32
 100 0042 4363     		str	r3, [r0, #52]
  61:Core/Src/adc.c ****   if (HAL_ADC_Init(&hadc1) != HAL_OK)
 101              		.loc 1 61 3 is_stmt 1 view .LVU33
 102              		.loc 1 61 7 is_stmt 0 view .LVU34
 103 0044 FFF7FEFF 		bl	HAL_ADC_Init
 104              	.LVL0:
 105              		.loc 1 61 6 view .LVU35
 106 0048 0028     		cmp	r0, #0
 107 004a 5DD1     		bne	.L13
 108              	.L2:
  62:Core/Src/adc.c ****   {
  63:Core/Src/adc.c ****     Error_Handler();
  64:Core/Src/adc.c ****   }
ARM GAS  C:\Users\afara\AppData\Local\Temp\cceThpda.s 			page 4


  65:Core/Src/adc.c **** 
  66:Core/Src/adc.c ****   /** Configure the ADC multi-mode
  67:Core/Src/adc.c ****   */
  68:Core/Src/adc.c ****   multimode.Mode = ADC_MODE_INDEPENDENT;
 109              		.loc 1 68 3 is_stmt 1 view .LVU36
 110              		.loc 1 68 18 is_stmt 0 view .LVU37
 111 004c 0023     		movs	r3, #0
 112 004e 0793     		str	r3, [sp, #28]
  69:Core/Src/adc.c ****   if (HAL_ADCEx_MultiModeConfigChannel(&hadc1, &multimode) != HAL_OK)
 113              		.loc 1 69 3 is_stmt 1 view .LVU38
 114              		.loc 1 69 7 is_stmt 0 view .LVU39
 115 0050 07A9     		add	r1, sp, #28
 116 0052 3C48     		ldr	r0, .L23
 117 0054 FFF7FEFF 		bl	HAL_ADCEx_MultiModeConfigChannel
 118              	.LVL1:
 119              		.loc 1 69 6 view .LVU40
 120 0058 0028     		cmp	r0, #0
 121 005a 58D1     		bne	.L14
 122              	.L3:
  70:Core/Src/adc.c ****   {
  71:Core/Src/adc.c ****     Error_Handler();
  72:Core/Src/adc.c ****   }
  73:Core/Src/adc.c **** 
  74:Core/Src/adc.c ****   /** Configure Regular Channel
  75:Core/Src/adc.c ****   */
  76:Core/Src/adc.c ****   sConfig.Channel = ADC_CHANNEL_2;
 123              		.loc 1 76 3 is_stmt 1 view .LVU41
 124              		.loc 1 76 19 is_stmt 0 view .LVU42
 125 005c 0223     		movs	r3, #2
 126 005e 0193     		str	r3, [sp, #4]
  77:Core/Src/adc.c ****   sConfig.Rank = ADC_REGULAR_RANK_1;
 127              		.loc 1 77 3 is_stmt 1 view .LVU43
 128              		.loc 1 77 16 is_stmt 0 view .LVU44
 129 0060 0123     		movs	r3, #1
 130 0062 0293     		str	r3, [sp, #8]
  78:Core/Src/adc.c ****   sConfig.SingleDiff = ADC_SINGLE_ENDED;
 131              		.loc 1 78 3 is_stmt 1 view .LVU45
 132              		.loc 1 78 22 is_stmt 0 view .LVU46
 133 0064 0023     		movs	r3, #0
 134 0066 0493     		str	r3, [sp, #16]
  79:Core/Src/adc.c ****   sConfig.SamplingTime = ADC_SAMPLETIME_181CYCLES_5;
 135              		.loc 1 79 3 is_stmt 1 view .LVU47
 136              		.loc 1 79 24 is_stmt 0 view .LVU48
 137 0068 0622     		movs	r2, #6
 138 006a 0392     		str	r2, [sp, #12]
  80:Core/Src/adc.c ****   sConfig.OffsetNumber = ADC_OFFSET_NONE;
 139              		.loc 1 80 3 is_stmt 1 view .LVU49
 140              		.loc 1 80 24 is_stmt 0 view .LVU50
 141 006c 0593     		str	r3, [sp, #20]
  81:Core/Src/adc.c ****   sConfig.Offset = 0;
 142              		.loc 1 81 3 is_stmt 1 view .LVU51
 143              		.loc 1 81 18 is_stmt 0 view .LVU52
 144 006e 0693     		str	r3, [sp, #24]
  82:Core/Src/adc.c ****   if (HAL_ADC_ConfigChannel(&hadc1, &sConfig) != HAL_OK)
 145              		.loc 1 82 3 is_stmt 1 view .LVU53
 146              		.loc 1 82 7 is_stmt 0 view .LVU54
 147 0070 01A9     		add	r1, sp, #4
ARM GAS  C:\Users\afara\AppData\Local\Temp\cceThpda.s 			page 5


 148 0072 3448     		ldr	r0, .L23
 149 0074 FFF7FEFF 		bl	HAL_ADC_ConfigChannel
 150              	.LVL2:
 151              		.loc 1 82 6 view .LVU55
 152 0078 0028     		cmp	r0, #0
 153 007a 4BD1     		bne	.L15
 154              	.L4:
  83:Core/Src/adc.c ****   {
  84:Core/Src/adc.c ****     Error_Handler();
  85:Core/Src/adc.c ****   }
  86:Core/Src/adc.c **** 
  87:Core/Src/adc.c ****   /** Configure Regular Channel
  88:Core/Src/adc.c ****   */
  89:Core/Src/adc.c ****   sConfig.Channel = ADC_CHANNEL_3;
 155              		.loc 1 89 3 is_stmt 1 view .LVU56
 156              		.loc 1 89 19 is_stmt 0 view .LVU57
 157 007c 0323     		movs	r3, #3
 158 007e 0193     		str	r3, [sp, #4]
  90:Core/Src/adc.c ****   sConfig.Rank = ADC_REGULAR_RANK_2;
 159              		.loc 1 90 3 is_stmt 1 view .LVU58
 160              		.loc 1 90 16 is_stmt 0 view .LVU59
 161 0080 0223     		movs	r3, #2
 162 0082 0293     		str	r3, [sp, #8]
  91:Core/Src/adc.c ****   if (HAL_ADC_ConfigChannel(&hadc1, &sConfig) != HAL_OK)
 163              		.loc 1 91 3 is_stmt 1 view .LVU60
 164              		.loc 1 91 7 is_stmt 0 view .LVU61
 165 0084 01A9     		add	r1, sp, #4
 166 0086 2F48     		ldr	r0, .L23
 167 0088 FFF7FEFF 		bl	HAL_ADC_ConfigChannel
 168              	.LVL3:
 169              		.loc 1 91 6 view .LVU62
 170 008c 0028     		cmp	r0, #0
 171 008e 44D1     		bne	.L16
 172              	.L5:
  92:Core/Src/adc.c ****   {
  93:Core/Src/adc.c ****     Error_Handler();
  94:Core/Src/adc.c ****   }
  95:Core/Src/adc.c **** 
  96:Core/Src/adc.c ****   /** Configure Regular Channel
  97:Core/Src/adc.c ****   */
  98:Core/Src/adc.c ****   sConfig.Channel = ADC_CHANNEL_4;
 173              		.loc 1 98 3 is_stmt 1 view .LVU63
 174              		.loc 1 98 19 is_stmt 0 view .LVU64
 175 0090 0423     		movs	r3, #4
 176 0092 0193     		str	r3, [sp, #4]
  99:Core/Src/adc.c ****   sConfig.Rank = ADC_REGULAR_RANK_3;
 177              		.loc 1 99 3 is_stmt 1 view .LVU65
 178              		.loc 1 99 16 is_stmt 0 view .LVU66
 179 0094 0323     		movs	r3, #3
 180 0096 0293     		str	r3, [sp, #8]
 100:Core/Src/adc.c ****   if (HAL_ADC_ConfigChannel(&hadc1, &sConfig) != HAL_OK)
 181              		.loc 1 100 3 is_stmt 1 view .LVU67
 182              		.loc 1 100 7 is_stmt 0 view .LVU68
 183 0098 01A9     		add	r1, sp, #4
 184 009a 2A48     		ldr	r0, .L23
 185 009c FFF7FEFF 		bl	HAL_ADC_ConfigChannel
 186              	.LVL4:
ARM GAS  C:\Users\afara\AppData\Local\Temp\cceThpda.s 			page 6


 187              		.loc 1 100 6 view .LVU69
 188 00a0 0028     		cmp	r0, #0
 189 00a2 3DD1     		bne	.L17
 190              	.L6:
 101:Core/Src/adc.c ****   {
 102:Core/Src/adc.c ****     Error_Handler();
 103:Core/Src/adc.c ****   }
 104:Core/Src/adc.c **** 
 105:Core/Src/adc.c ****   /** Configure Regular Channel
 106:Core/Src/adc.c ****   */
 107:Core/Src/adc.c ****   sConfig.Channel = ADC_CHANNEL_5;
 191              		.loc 1 107 3 is_stmt 1 view .LVU70
 192              		.loc 1 107 19 is_stmt 0 view .LVU71
 193 00a4 0523     		movs	r3, #5
 194 00a6 0193     		str	r3, [sp, #4]
 108:Core/Src/adc.c ****   sConfig.Rank = ADC_REGULAR_RANK_4;
 195              		.loc 1 108 3 is_stmt 1 view .LVU72
 196              		.loc 1 108 16 is_stmt 0 view .LVU73
 197 00a8 0423     		movs	r3, #4
 198 00aa 0293     		str	r3, [sp, #8]
 109:Core/Src/adc.c ****   if (HAL_ADC_ConfigChannel(&hadc1, &sConfig) != HAL_OK)
 199              		.loc 1 109 3 is_stmt 1 view .LVU74
 200              		.loc 1 109 7 is_stmt 0 view .LVU75
 201 00ac 0DEB0301 		add	r1, sp, r3
 202 00b0 2448     		ldr	r0, .L23
 203 00b2 FFF7FEFF 		bl	HAL_ADC_ConfigChannel
 204              	.LVL5:
 205              		.loc 1 109 6 view .LVU76
 206 00b6 0028     		cmp	r0, #0
 207 00b8 35D1     		bne	.L18
 208              	.L7:
 110:Core/Src/adc.c ****   {
 111:Core/Src/adc.c ****     Error_Handler();
 112:Core/Src/adc.c ****   }
 113:Core/Src/adc.c **** 
 114:Core/Src/adc.c ****   /** Configure Regular Channel
 115:Core/Src/adc.c ****   */
 116:Core/Src/adc.c ****   sConfig.Channel = ADC_CHANNEL_6;
 209              		.loc 1 116 3 is_stmt 1 view .LVU77
 210              		.loc 1 116 19 is_stmt 0 view .LVU78
 211 00ba 0623     		movs	r3, #6
 212 00bc 0193     		str	r3, [sp, #4]
 117:Core/Src/adc.c ****   sConfig.Rank = ADC_REGULAR_RANK_5;
 213              		.loc 1 117 3 is_stmt 1 view .LVU79
 214              		.loc 1 117 16 is_stmt 0 view .LVU80
 215 00be 0523     		movs	r3, #5
 216 00c0 0293     		str	r3, [sp, #8]
 118:Core/Src/adc.c ****   if (HAL_ADC_ConfigChannel(&hadc1, &sConfig) != HAL_OK)
 217              		.loc 1 118 3 is_stmt 1 view .LVU81
 218              		.loc 1 118 7 is_stmt 0 view .LVU82
 219 00c2 01A9     		add	r1, sp, #4
 220 00c4 1F48     		ldr	r0, .L23
 221 00c6 FFF7FEFF 		bl	HAL_ADC_ConfigChannel
 222              	.LVL6:
 223              		.loc 1 118 6 view .LVU83
 224 00ca 78BB     		cbnz	r0, .L19
 225              	.L8:
ARM GAS  C:\Users\afara\AppData\Local\Temp\cceThpda.s 			page 7


 119:Core/Src/adc.c ****   {
 120:Core/Src/adc.c ****     Error_Handler();
 121:Core/Src/adc.c ****   }
 122:Core/Src/adc.c **** 
 123:Core/Src/adc.c ****   /** Configure Regular Channel
 124:Core/Src/adc.c ****   */
 125:Core/Src/adc.c ****   sConfig.Channel = ADC_CHANNEL_7;
 226              		.loc 1 125 3 is_stmt 1 view .LVU84
 227              		.loc 1 125 19 is_stmt 0 view .LVU85
 228 00cc 0723     		movs	r3, #7
 229 00ce 0193     		str	r3, [sp, #4]
 126:Core/Src/adc.c ****   sConfig.Rank = ADC_REGULAR_RANK_6;
 230              		.loc 1 126 3 is_stmt 1 view .LVU86
 231              		.loc 1 126 16 is_stmt 0 view .LVU87
 232 00d0 0623     		movs	r3, #6
 233 00d2 0293     		str	r3, [sp, #8]
 127:Core/Src/adc.c ****   if (HAL_ADC_ConfigChannel(&hadc1, &sConfig) != HAL_OK)
 234              		.loc 1 127 3 is_stmt 1 view .LVU88
 235              		.loc 1 127 7 is_stmt 0 view .LVU89
 236 00d4 01A9     		add	r1, sp, #4
 237 00d6 1B48     		ldr	r0, .L23
 238 00d8 FFF7FEFF 		bl	HAL_ADC_ConfigChannel
 239              	.LVL7:
 240              		.loc 1 127 6 view .LVU90
 241 00dc 48BB     		cbnz	r0, .L20
 242              	.L9:
 128:Core/Src/adc.c ****   {
 129:Core/Src/adc.c ****     Error_Handler();
 130:Core/Src/adc.c ****   }
 131:Core/Src/adc.c **** 
 132:Core/Src/adc.c ****   /** Configure Regular Channel
 133:Core/Src/adc.c ****   */
 134:Core/Src/adc.c ****   sConfig.Channel = ADC_CHANNEL_8;
 243              		.loc 1 134 3 is_stmt 1 view .LVU91
 244              		.loc 1 134 19 is_stmt 0 view .LVU92
 245 00de 0823     		movs	r3, #8
 246 00e0 0193     		str	r3, [sp, #4]
 135:Core/Src/adc.c ****   sConfig.Rank = ADC_REGULAR_RANK_7;
 247              		.loc 1 135 3 is_stmt 1 view .LVU93
 248              		.loc 1 135 16 is_stmt 0 view .LVU94
 249 00e2 0723     		movs	r3, #7
 250 00e4 0293     		str	r3, [sp, #8]
 136:Core/Src/adc.c ****   if (HAL_ADC_ConfigChannel(&hadc1, &sConfig) != HAL_OK)
 251              		.loc 1 136 3 is_stmt 1 view .LVU95
 252              		.loc 1 136 7 is_stmt 0 view .LVU96
 253 00e6 01A9     		add	r1, sp, #4
 254 00e8 1648     		ldr	r0, .L23
 255 00ea FFF7FEFF 		bl	HAL_ADC_ConfigChannel
 256              	.LVL8:
 257              		.loc 1 136 6 view .LVU97
 258 00ee 18BB     		cbnz	r0, .L21
 259              	.L10:
 137:Core/Src/adc.c ****   {
 138:Core/Src/adc.c ****     Error_Handler();
 139:Core/Src/adc.c ****   }
 140:Core/Src/adc.c **** 
 141:Core/Src/adc.c ****   /** Configure Regular Channel
ARM GAS  C:\Users\afara\AppData\Local\Temp\cceThpda.s 			page 8


 142:Core/Src/adc.c ****   */
 143:Core/Src/adc.c ****   sConfig.Channel = ADC_CHANNEL_9;
 260              		.loc 1 143 3 is_stmt 1 view .LVU98
 261              		.loc 1 143 19 is_stmt 0 view .LVU99
 262 00f0 0923     		movs	r3, #9
 263 00f2 0193     		str	r3, [sp, #4]
 144:Core/Src/adc.c ****   sConfig.Rank = ADC_REGULAR_RANK_8;
 264              		.loc 1 144 3 is_stmt 1 view .LVU100
 265              		.loc 1 144 16 is_stmt 0 view .LVU101
 266 00f4 0823     		movs	r3, #8
 267 00f6 0293     		str	r3, [sp, #8]
 145:Core/Src/adc.c ****   if (HAL_ADC_ConfigChannel(&hadc1, &sConfig) != HAL_OK)
 268              		.loc 1 145 3 is_stmt 1 view .LVU102
 269              		.loc 1 145 7 is_stmt 0 view .LVU103
 270 00f8 01A9     		add	r1, sp, #4
 271 00fa 1248     		ldr	r0, .L23
 272 00fc FFF7FEFF 		bl	HAL_ADC_ConfigChannel
 273              	.LVL9:
 274              		.loc 1 145 6 view .LVU104
 275 0100 E8B9     		cbnz	r0, .L22
 276              	.L1:
 146:Core/Src/adc.c ****   {
 147:Core/Src/adc.c ****     Error_Handler();
 148:Core/Src/adc.c ****   }
 149:Core/Src/adc.c ****   /* USER CODE BEGIN ADC1_Init 2 */
 150:Core/Src/adc.c **** 
 151:Core/Src/adc.c ****   /* USER CODE END ADC1_Init 2 */
 152:Core/Src/adc.c **** 
 153:Core/Src/adc.c **** }
 277              		.loc 1 153 1 view .LVU105
 278 0102 0BB0     		add	sp, sp, #44
 279              	.LCFI2:
 280              		.cfi_remember_state
 281              		.cfi_def_cfa_offset 4
 282              		@ sp needed
 283 0104 5DF804FB 		ldr	pc, [sp], #4
 284              	.L13:
 285              	.LCFI3:
 286              		.cfi_restore_state
  63:Core/Src/adc.c ****   }
 287              		.loc 1 63 5 is_stmt 1 view .LVU106
 288 0108 FFF7FEFF 		bl	Error_Handler
 289              	.LVL10:
 290 010c 9EE7     		b	.L2
 291              	.L14:
  71:Core/Src/adc.c ****   }
 292              		.loc 1 71 5 view .LVU107
 293 010e FFF7FEFF 		bl	Error_Handler
 294              	.LVL11:
 295 0112 A3E7     		b	.L3
 296              	.L15:
  84:Core/Src/adc.c ****   }
 297              		.loc 1 84 5 view .LVU108
 298 0114 FFF7FEFF 		bl	Error_Handler
 299              	.LVL12:
 300 0118 B0E7     		b	.L4
 301              	.L16:
ARM GAS  C:\Users\afara\AppData\Local\Temp\cceThpda.s 			page 9


  93:Core/Src/adc.c ****   }
 302              		.loc 1 93 5 view .LVU109
 303 011a FFF7FEFF 		bl	Error_Handler
 304              	.LVL13:
 305 011e B7E7     		b	.L5
 306              	.L17:
 102:Core/Src/adc.c ****   }
 307              		.loc 1 102 5 view .LVU110
 308 0120 FFF7FEFF 		bl	Error_Handler
 309              	.LVL14:
 310 0124 BEE7     		b	.L6
 311              	.L18:
 111:Core/Src/adc.c ****   }
 312              		.loc 1 111 5 view .LVU111
 313 0126 FFF7FEFF 		bl	Error_Handler
 314              	.LVL15:
 315 012a C6E7     		b	.L7
 316              	.L19:
 120:Core/Src/adc.c ****   }
 317              		.loc 1 120 5 view .LVU112
 318 012c FFF7FEFF 		bl	Error_Handler
 319              	.LVL16:
 320 0130 CCE7     		b	.L8
 321              	.L20:
 129:Core/Src/adc.c ****   }
 322              		.loc 1 129 5 view .LVU113
 323 0132 FFF7FEFF 		bl	Error_Handler
 324              	.LVL17:
 325 0136 D2E7     		b	.L9
 326              	.L21:
 138:Core/Src/adc.c ****   }
 327              		.loc 1 138 5 view .LVU114
 328 0138 FFF7FEFF 		bl	Error_Handler
 329              	.LVL18:
 330 013c D8E7     		b	.L10
 331              	.L22:
 147:Core/Src/adc.c ****   }
 332              		.loc 1 147 5 view .LVU115
 333 013e FFF7FEFF 		bl	Error_Handler
 334              	.LVL19:
 335              		.loc 1 153 1 is_stmt 0 view .LVU116
 336 0142 DEE7     		b	.L1
 337              	.L24:
 338              		.align	2
 339              	.L23:
 340 0144 00000000 		.word	.LANCHOR0
 341              		.cfi_endproc
 342              	.LFE130:
 344              		.section	.text.HAL_ADC_MspInit,"ax",%progbits
 345              		.align	1
 346              		.global	HAL_ADC_MspInit
 347              		.syntax unified
 348              		.thumb
 349              		.thumb_func
 351              	HAL_ADC_MspInit:
 352              	.LVL20:
 353              	.LFB131:
ARM GAS  C:\Users\afara\AppData\Local\Temp\cceThpda.s 			page 10


 154:Core/Src/adc.c **** 
 155:Core/Src/adc.c **** void HAL_ADC_MspInit(ADC_HandleTypeDef* adcHandle)
 156:Core/Src/adc.c **** {
 354              		.loc 1 156 1 is_stmt 1 view -0
 355              		.cfi_startproc
 356              		@ args = 0, pretend = 0, frame = 40
 357              		@ frame_needed = 0, uses_anonymous_args = 0
 358              		.loc 1 156 1 is_stmt 0 view .LVU118
 359 0000 70B5     		push	{r4, r5, r6, lr}
 360              	.LCFI4:
 361              		.cfi_def_cfa_offset 16
 362              		.cfi_offset 4, -16
 363              		.cfi_offset 5, -12
 364              		.cfi_offset 6, -8
 365              		.cfi_offset 14, -4
 366 0002 8AB0     		sub	sp, sp, #40
 367              	.LCFI5:
 368              		.cfi_def_cfa_offset 56
 157:Core/Src/adc.c **** 
 158:Core/Src/adc.c ****   GPIO_InitTypeDef GPIO_InitStruct = {0};
 369              		.loc 1 158 3 is_stmt 1 view .LVU119
 370              		.loc 1 158 20 is_stmt 0 view .LVU120
 371 0004 0023     		movs	r3, #0
 372 0006 0593     		str	r3, [sp, #20]
 373 0008 0693     		str	r3, [sp, #24]
 374 000a 0793     		str	r3, [sp, #28]
 375 000c 0893     		str	r3, [sp, #32]
 376 000e 0993     		str	r3, [sp, #36]
 159:Core/Src/adc.c ****   if(adcHandle->Instance==ADC1)
 377              		.loc 1 159 3 is_stmt 1 view .LVU121
 378              		.loc 1 159 15 is_stmt 0 view .LVU122
 379 0010 0368     		ldr	r3, [r0]
 380              		.loc 1 159 5 view .LVU123
 381 0012 B3F1A04F 		cmp	r3, #1342177280
 382 0016 01D0     		beq	.L29
 383              	.LVL21:
 384              	.L25:
 160:Core/Src/adc.c ****   {
 161:Core/Src/adc.c ****   /* USER CODE BEGIN ADC1_MspInit 0 */
 162:Core/Src/adc.c **** 
 163:Core/Src/adc.c ****   /* USER CODE END ADC1_MspInit 0 */
 164:Core/Src/adc.c ****     /* ADC1 clock enable */
 165:Core/Src/adc.c ****     __HAL_RCC_ADC12_CLK_ENABLE();
 166:Core/Src/adc.c **** 
 167:Core/Src/adc.c ****     __HAL_RCC_GPIOC_CLK_ENABLE();
 168:Core/Src/adc.c ****     __HAL_RCC_GPIOA_CLK_ENABLE();
 169:Core/Src/adc.c ****     __HAL_RCC_GPIOF_CLK_ENABLE();
 170:Core/Src/adc.c ****     /**ADC1 GPIO Configuration
 171:Core/Src/adc.c ****     PC0     ------> ADC1_IN6
 172:Core/Src/adc.c ****     PC1     ------> ADC1_IN7
 173:Core/Src/adc.c ****     PC2     ------> ADC1_IN8
 174:Core/Src/adc.c ****     PC3     ------> ADC1_IN9
 175:Core/Src/adc.c ****     PA1     ------> ADC1_IN2
 176:Core/Src/adc.c ****     PA2     ------> ADC1_IN3
 177:Core/Src/adc.c ****     PA3     ------> ADC1_IN4
 178:Core/Src/adc.c ****     PF4     ------> ADC1_IN5
 179:Core/Src/adc.c ****     */
ARM GAS  C:\Users\afara\AppData\Local\Temp\cceThpda.s 			page 11


 180:Core/Src/adc.c ****     GPIO_InitStruct.Pin = green_Pin|blue_Pin|purple_Pin|GPIO_PIN_3;
 181:Core/Src/adc.c ****     GPIO_InitStruct.Mode = GPIO_MODE_ANALOG;
 182:Core/Src/adc.c ****     GPIO_InitStruct.Pull = GPIO_NOPULL;
 183:Core/Src/adc.c ****     HAL_GPIO_Init(GPIOC, &GPIO_InitStruct);
 184:Core/Src/adc.c **** 
 185:Core/Src/adc.c ****     GPIO_InitStruct.Pin = brown_Pin|red_Pin|orange_Pin;
 186:Core/Src/adc.c ****     GPIO_InitStruct.Mode = GPIO_MODE_ANALOG;
 187:Core/Src/adc.c ****     GPIO_InitStruct.Pull = GPIO_NOPULL;
 188:Core/Src/adc.c ****     HAL_GPIO_Init(GPIOA, &GPIO_InitStruct);
 189:Core/Src/adc.c **** 
 190:Core/Src/adc.c ****     GPIO_InitStruct.Pin = yellow_Pin;
 191:Core/Src/adc.c ****     GPIO_InitStruct.Mode = GPIO_MODE_ANALOG;
 192:Core/Src/adc.c ****     GPIO_InitStruct.Pull = GPIO_NOPULL;
 193:Core/Src/adc.c ****     HAL_GPIO_Init(yellow_GPIO_Port, &GPIO_InitStruct);
 194:Core/Src/adc.c **** 
 195:Core/Src/adc.c ****     /* ADC1 DMA Init */
 196:Core/Src/adc.c ****     /* ADC1 Init */
 197:Core/Src/adc.c ****     hdma_adc1.Instance = DMA1_Channel1;
 198:Core/Src/adc.c ****     hdma_adc1.Init.Direction = DMA_PERIPH_TO_MEMORY;
 199:Core/Src/adc.c ****     hdma_adc1.Init.PeriphInc = DMA_PINC_DISABLE;
 200:Core/Src/adc.c ****     hdma_adc1.Init.MemInc = DMA_MINC_ENABLE;
 201:Core/Src/adc.c ****     hdma_adc1.Init.PeriphDataAlignment = DMA_PDATAALIGN_HALFWORD;
 202:Core/Src/adc.c ****     hdma_adc1.Init.MemDataAlignment = DMA_MDATAALIGN_HALFWORD;
 203:Core/Src/adc.c ****     hdma_adc1.Init.Mode = DMA_CIRCULAR;
 204:Core/Src/adc.c ****     hdma_adc1.Init.Priority = DMA_PRIORITY_LOW;
 205:Core/Src/adc.c ****     if (HAL_DMA_Init(&hdma_adc1) != HAL_OK)
 206:Core/Src/adc.c ****     {
 207:Core/Src/adc.c ****       Error_Handler();
 208:Core/Src/adc.c ****     }
 209:Core/Src/adc.c **** 
 210:Core/Src/adc.c ****     __HAL_LINKDMA(adcHandle,DMA_Handle,hdma_adc1);
 211:Core/Src/adc.c **** 
 212:Core/Src/adc.c ****   /* USER CODE BEGIN ADC1_MspInit 1 */
 213:Core/Src/adc.c **** 
 214:Core/Src/adc.c ****   /* USER CODE END ADC1_MspInit 1 */
 215:Core/Src/adc.c ****   }
 216:Core/Src/adc.c **** }
 385              		.loc 1 216 1 view .LVU124
 386 0018 0AB0     		add	sp, sp, #40
 387              	.LCFI6:
 388              		.cfi_remember_state
 389              		.cfi_def_cfa_offset 16
 390              		@ sp needed
 391 001a 70BD     		pop	{r4, r5, r6, pc}
 392              	.LVL22:
 393              	.L29:
 394              	.LCFI7:
 395              		.cfi_restore_state
 396              		.loc 1 216 1 view .LVU125
 397 001c 0446     		mov	r4, r0
 165:Core/Src/adc.c **** 
 398              		.loc 1 165 5 is_stmt 1 view .LVU126
 399              	.LBB2:
 165:Core/Src/adc.c **** 
 400              		.loc 1 165 5 view .LVU127
 165:Core/Src/adc.c **** 
 401              		.loc 1 165 5 view .LVU128
ARM GAS  C:\Users\afara\AppData\Local\Temp\cceThpda.s 			page 12


 402 001e 03F17043 		add	r3, r3, #-268435456
 403 0022 03F50433 		add	r3, r3, #135168
 404 0026 5A69     		ldr	r2, [r3, #20]
 405 0028 42F08052 		orr	r2, r2, #268435456
 406 002c 5A61     		str	r2, [r3, #20]
 165:Core/Src/adc.c **** 
 407              		.loc 1 165 5 view .LVU129
 408 002e 5A69     		ldr	r2, [r3, #20]
 409 0030 02F08052 		and	r2, r2, #268435456
 410 0034 0192     		str	r2, [sp, #4]
 165:Core/Src/adc.c **** 
 411              		.loc 1 165 5 view .LVU130
 412 0036 019A     		ldr	r2, [sp, #4]
 413              	.LBE2:
 165:Core/Src/adc.c **** 
 414              		.loc 1 165 5 view .LVU131
 167:Core/Src/adc.c ****     __HAL_RCC_GPIOA_CLK_ENABLE();
 415              		.loc 1 167 5 view .LVU132
 416              	.LBB3:
 167:Core/Src/adc.c ****     __HAL_RCC_GPIOA_CLK_ENABLE();
 417              		.loc 1 167 5 view .LVU133
 167:Core/Src/adc.c ****     __HAL_RCC_GPIOA_CLK_ENABLE();
 418              		.loc 1 167 5 view .LVU134
 419 0038 5A69     		ldr	r2, [r3, #20]
 420 003a 42F40022 		orr	r2, r2, #524288
 421 003e 5A61     		str	r2, [r3, #20]
 167:Core/Src/adc.c ****     __HAL_RCC_GPIOA_CLK_ENABLE();
 422              		.loc 1 167 5 view .LVU135
 423 0040 5A69     		ldr	r2, [r3, #20]
 424 0042 02F40022 		and	r2, r2, #524288
 425 0046 0292     		str	r2, [sp, #8]
 167:Core/Src/adc.c ****     __HAL_RCC_GPIOA_CLK_ENABLE();
 426              		.loc 1 167 5 view .LVU136
 427 0048 029A     		ldr	r2, [sp, #8]
 428              	.LBE3:
 167:Core/Src/adc.c ****     __HAL_RCC_GPIOA_CLK_ENABLE();
 429              		.loc 1 167 5 view .LVU137
 168:Core/Src/adc.c ****     __HAL_RCC_GPIOF_CLK_ENABLE();
 430              		.loc 1 168 5 view .LVU138
 431              	.LBB4:
 168:Core/Src/adc.c ****     __HAL_RCC_GPIOF_CLK_ENABLE();
 432              		.loc 1 168 5 view .LVU139
 168:Core/Src/adc.c ****     __HAL_RCC_GPIOF_CLK_ENABLE();
 433              		.loc 1 168 5 view .LVU140
 434 004a 5A69     		ldr	r2, [r3, #20]
 435 004c 42F40032 		orr	r2, r2, #131072
 436 0050 5A61     		str	r2, [r3, #20]
 168:Core/Src/adc.c ****     __HAL_RCC_GPIOF_CLK_ENABLE();
 437              		.loc 1 168 5 view .LVU141
 438 0052 5A69     		ldr	r2, [r3, #20]
 439 0054 02F40032 		and	r2, r2, #131072
 440 0058 0392     		str	r2, [sp, #12]
 168:Core/Src/adc.c ****     __HAL_RCC_GPIOF_CLK_ENABLE();
 441              		.loc 1 168 5 view .LVU142
 442 005a 039A     		ldr	r2, [sp, #12]
 443              	.LBE4:
 168:Core/Src/adc.c ****     __HAL_RCC_GPIOF_CLK_ENABLE();
ARM GAS  C:\Users\afara\AppData\Local\Temp\cceThpda.s 			page 13


 444              		.loc 1 168 5 view .LVU143
 169:Core/Src/adc.c ****     /**ADC1 GPIO Configuration
 445              		.loc 1 169 5 view .LVU144
 446              	.LBB5:
 169:Core/Src/adc.c ****     /**ADC1 GPIO Configuration
 447              		.loc 1 169 5 view .LVU145
 169:Core/Src/adc.c ****     /**ADC1 GPIO Configuration
 448              		.loc 1 169 5 view .LVU146
 449 005c 5A69     		ldr	r2, [r3, #20]
 450 005e 42F48002 		orr	r2, r2, #4194304
 451 0062 5A61     		str	r2, [r3, #20]
 169:Core/Src/adc.c ****     /**ADC1 GPIO Configuration
 452              		.loc 1 169 5 view .LVU147
 453 0064 5B69     		ldr	r3, [r3, #20]
 454 0066 03F48003 		and	r3, r3, #4194304
 455 006a 0493     		str	r3, [sp, #16]
 169:Core/Src/adc.c ****     /**ADC1 GPIO Configuration
 456              		.loc 1 169 5 view .LVU148
 457 006c 049B     		ldr	r3, [sp, #16]
 458              	.LBE5:
 169:Core/Src/adc.c ****     /**ADC1 GPIO Configuration
 459              		.loc 1 169 5 view .LVU149
 180:Core/Src/adc.c ****     GPIO_InitStruct.Mode = GPIO_MODE_ANALOG;
 460              		.loc 1 180 5 view .LVU150
 180:Core/Src/adc.c ****     GPIO_InitStruct.Mode = GPIO_MODE_ANALOG;
 461              		.loc 1 180 25 is_stmt 0 view .LVU151
 462 006e 0F23     		movs	r3, #15
 463 0070 0593     		str	r3, [sp, #20]
 181:Core/Src/adc.c ****     GPIO_InitStruct.Pull = GPIO_NOPULL;
 464              		.loc 1 181 5 is_stmt 1 view .LVU152
 181:Core/Src/adc.c ****     GPIO_InitStruct.Pull = GPIO_NOPULL;
 465              		.loc 1 181 26 is_stmt 0 view .LVU153
 466 0072 0326     		movs	r6, #3
 467 0074 0696     		str	r6, [sp, #24]
 182:Core/Src/adc.c ****     HAL_GPIO_Init(GPIOC, &GPIO_InitStruct);
 468              		.loc 1 182 5 is_stmt 1 view .LVU154
 183:Core/Src/adc.c **** 
 469              		.loc 1 183 5 view .LVU155
 470 0076 05A9     		add	r1, sp, #20
 471 0078 1748     		ldr	r0, .L31
 472              	.LVL23:
 183:Core/Src/adc.c **** 
 473              		.loc 1 183 5 is_stmt 0 view .LVU156
 474 007a FFF7FEFF 		bl	HAL_GPIO_Init
 475              	.LVL24:
 185:Core/Src/adc.c ****     GPIO_InitStruct.Mode = GPIO_MODE_ANALOG;
 476              		.loc 1 185 5 is_stmt 1 view .LVU157
 185:Core/Src/adc.c ****     GPIO_InitStruct.Mode = GPIO_MODE_ANALOG;
 477              		.loc 1 185 25 is_stmt 0 view .LVU158
 478 007e 0E23     		movs	r3, #14
 479 0080 0593     		str	r3, [sp, #20]
 186:Core/Src/adc.c ****     GPIO_InitStruct.Pull = GPIO_NOPULL;
 480              		.loc 1 186 5 is_stmt 1 view .LVU159
 186:Core/Src/adc.c ****     GPIO_InitStruct.Pull = GPIO_NOPULL;
 481              		.loc 1 186 26 is_stmt 0 view .LVU160
 482 0082 0696     		str	r6, [sp, #24]
 187:Core/Src/adc.c ****     HAL_GPIO_Init(GPIOA, &GPIO_InitStruct);
ARM GAS  C:\Users\afara\AppData\Local\Temp\cceThpda.s 			page 14


 483              		.loc 1 187 5 is_stmt 1 view .LVU161
 187:Core/Src/adc.c ****     HAL_GPIO_Init(GPIOA, &GPIO_InitStruct);
 484              		.loc 1 187 26 is_stmt 0 view .LVU162
 485 0084 0025     		movs	r5, #0
 486 0086 0795     		str	r5, [sp, #28]
 188:Core/Src/adc.c **** 
 487              		.loc 1 188 5 is_stmt 1 view .LVU163
 488 0088 05A9     		add	r1, sp, #20
 489 008a 4FF09040 		mov	r0, #1207959552
 490 008e FFF7FEFF 		bl	HAL_GPIO_Init
 491              	.LVL25:
 190:Core/Src/adc.c ****     GPIO_InitStruct.Mode = GPIO_MODE_ANALOG;
 492              		.loc 1 190 5 view .LVU164
 190:Core/Src/adc.c ****     GPIO_InitStruct.Mode = GPIO_MODE_ANALOG;
 493              		.loc 1 190 25 is_stmt 0 view .LVU165
 494 0092 1023     		movs	r3, #16
 495 0094 0593     		str	r3, [sp, #20]
 191:Core/Src/adc.c ****     GPIO_InitStruct.Pull = GPIO_NOPULL;
 496              		.loc 1 191 5 is_stmt 1 view .LVU166
 191:Core/Src/adc.c ****     GPIO_InitStruct.Pull = GPIO_NOPULL;
 497              		.loc 1 191 26 is_stmt 0 view .LVU167
 498 0096 0696     		str	r6, [sp, #24]
 192:Core/Src/adc.c ****     HAL_GPIO_Init(yellow_GPIO_Port, &GPIO_InitStruct);
 499              		.loc 1 192 5 is_stmt 1 view .LVU168
 192:Core/Src/adc.c ****     HAL_GPIO_Init(yellow_GPIO_Port, &GPIO_InitStruct);
 500              		.loc 1 192 26 is_stmt 0 view .LVU169
 501 0098 0795     		str	r5, [sp, #28]
 193:Core/Src/adc.c **** 
 502              		.loc 1 193 5 is_stmt 1 view .LVU170
 503 009a 05A9     		add	r1, sp, #20
 504 009c 0F48     		ldr	r0, .L31+4
 505 009e FFF7FEFF 		bl	HAL_GPIO_Init
 506              	.LVL26:
 197:Core/Src/adc.c ****     hdma_adc1.Init.Direction = DMA_PERIPH_TO_MEMORY;
 507              		.loc 1 197 5 view .LVU171
 197:Core/Src/adc.c ****     hdma_adc1.Init.Direction = DMA_PERIPH_TO_MEMORY;
 508              		.loc 1 197 24 is_stmt 0 view .LVU172
 509 00a2 0F48     		ldr	r0, .L31+8
 510 00a4 0F4B     		ldr	r3, .L31+12
 511 00a6 0360     		str	r3, [r0]
 198:Core/Src/adc.c ****     hdma_adc1.Init.PeriphInc = DMA_PINC_DISABLE;
 512              		.loc 1 198 5 is_stmt 1 view .LVU173
 198:Core/Src/adc.c ****     hdma_adc1.Init.PeriphInc = DMA_PINC_DISABLE;
 513              		.loc 1 198 30 is_stmt 0 view .LVU174
 514 00a8 4560     		str	r5, [r0, #4]
 199:Core/Src/adc.c ****     hdma_adc1.Init.MemInc = DMA_MINC_ENABLE;
 515              		.loc 1 199 5 is_stmt 1 view .LVU175
 199:Core/Src/adc.c ****     hdma_adc1.Init.MemInc = DMA_MINC_ENABLE;
 516              		.loc 1 199 30 is_stmt 0 view .LVU176
 517 00aa 8560     		str	r5, [r0, #8]
 200:Core/Src/adc.c ****     hdma_adc1.Init.PeriphDataAlignment = DMA_PDATAALIGN_HALFWORD;
 518              		.loc 1 200 5 is_stmt 1 view .LVU177
 200:Core/Src/adc.c ****     hdma_adc1.Init.PeriphDataAlignment = DMA_PDATAALIGN_HALFWORD;
 519              		.loc 1 200 27 is_stmt 0 view .LVU178
 520 00ac 8023     		movs	r3, #128
 521 00ae C360     		str	r3, [r0, #12]
 201:Core/Src/adc.c ****     hdma_adc1.Init.MemDataAlignment = DMA_MDATAALIGN_HALFWORD;
ARM GAS  C:\Users\afara\AppData\Local\Temp\cceThpda.s 			page 15


 522              		.loc 1 201 5 is_stmt 1 view .LVU179
 201:Core/Src/adc.c ****     hdma_adc1.Init.MemDataAlignment = DMA_MDATAALIGN_HALFWORD;
 523              		.loc 1 201 40 is_stmt 0 view .LVU180
 524 00b0 4FF48073 		mov	r3, #256
 525 00b4 0361     		str	r3, [r0, #16]
 202:Core/Src/adc.c ****     hdma_adc1.Init.Mode = DMA_CIRCULAR;
 526              		.loc 1 202 5 is_stmt 1 view .LVU181
 202:Core/Src/adc.c ****     hdma_adc1.Init.Mode = DMA_CIRCULAR;
 527              		.loc 1 202 37 is_stmt 0 view .LVU182
 528 00b6 4FF48063 		mov	r3, #1024
 529 00ba 4361     		str	r3, [r0, #20]
 203:Core/Src/adc.c ****     hdma_adc1.Init.Priority = DMA_PRIORITY_LOW;
 530              		.loc 1 203 5 is_stmt 1 view .LVU183
 203:Core/Src/adc.c ****     hdma_adc1.Init.Priority = DMA_PRIORITY_LOW;
 531              		.loc 1 203 25 is_stmt 0 view .LVU184
 532 00bc 2023     		movs	r3, #32
 533 00be 8361     		str	r3, [r0, #24]
 204:Core/Src/adc.c ****     if (HAL_DMA_Init(&hdma_adc1) != HAL_OK)
 534              		.loc 1 204 5 is_stmt 1 view .LVU185
 204:Core/Src/adc.c ****     if (HAL_DMA_Init(&hdma_adc1) != HAL_OK)
 535              		.loc 1 204 29 is_stmt 0 view .LVU186
 536 00c0 C561     		str	r5, [r0, #28]
 205:Core/Src/adc.c ****     {
 537              		.loc 1 205 5 is_stmt 1 view .LVU187
 205:Core/Src/adc.c ****     {
 538              		.loc 1 205 9 is_stmt 0 view .LVU188
 539 00c2 FFF7FEFF 		bl	HAL_DMA_Init
 540              	.LVL27:
 205:Core/Src/adc.c ****     {
 541              		.loc 1 205 8 view .LVU189
 542 00c6 18B9     		cbnz	r0, .L30
 543              	.L27:
 210:Core/Src/adc.c **** 
 544              		.loc 1 210 5 is_stmt 1 view .LVU190
 210:Core/Src/adc.c **** 
 545              		.loc 1 210 5 view .LVU191
 546 00c8 054B     		ldr	r3, .L31+8
 547 00ca A363     		str	r3, [r4, #56]
 210:Core/Src/adc.c **** 
 548              		.loc 1 210 5 view .LVU192
 549 00cc 5C62     		str	r4, [r3, #36]
 210:Core/Src/adc.c **** 
 550              		.loc 1 210 5 view .LVU193
 551              		.loc 1 216 1 is_stmt 0 view .LVU194
 552 00ce A3E7     		b	.L25
 553              	.L30:
 207:Core/Src/adc.c ****     }
 554              		.loc 1 207 7 is_stmt 1 view .LVU195
 555 00d0 FFF7FEFF 		bl	Error_Handler
 556              	.LVL28:
 557 00d4 F8E7     		b	.L27
 558              	.L32:
 559 00d6 00BF     		.align	2
 560              	.L31:
 561 00d8 00080048 		.word	1207961600
 562 00dc 00140048 		.word	1207964672
 563 00e0 00000000 		.word	.LANCHOR1
ARM GAS  C:\Users\afara\AppData\Local\Temp\cceThpda.s 			page 16


 564 00e4 08000240 		.word	1073872904
 565              		.cfi_endproc
 566              	.LFE131:
 568              		.section	.text.HAL_ADC_MspDeInit,"ax",%progbits
 569              		.align	1
 570              		.global	HAL_ADC_MspDeInit
 571              		.syntax unified
 572              		.thumb
 573              		.thumb_func
 575              	HAL_ADC_MspDeInit:
 576              	.LVL29:
 577              	.LFB132:
 217:Core/Src/adc.c **** 
 218:Core/Src/adc.c **** void HAL_ADC_MspDeInit(ADC_HandleTypeDef* adcHandle)
 219:Core/Src/adc.c **** {
 578              		.loc 1 219 1 view -0
 579              		.cfi_startproc
 580              		@ args = 0, pretend = 0, frame = 0
 581              		@ frame_needed = 0, uses_anonymous_args = 0
 220:Core/Src/adc.c **** 
 221:Core/Src/adc.c ****   if(adcHandle->Instance==ADC1)
 582              		.loc 1 221 3 view .LVU197
 583              		.loc 1 221 15 is_stmt 0 view .LVU198
 584 0000 0368     		ldr	r3, [r0]
 585              		.loc 1 221 5 view .LVU199
 586 0002 B3F1A04F 		cmp	r3, #1342177280
 587 0006 00D0     		beq	.L39
 588 0008 7047     		bx	lr
 589              	.L39:
 219:Core/Src/adc.c **** 
 590              		.loc 1 219 1 view .LVU200
 591 000a 10B5     		push	{r4, lr}
 592              	.LCFI8:
 593              		.cfi_def_cfa_offset 8
 594              		.cfi_offset 4, -8
 595              		.cfi_offset 14, -4
 596 000c 0446     		mov	r4, r0
 222:Core/Src/adc.c ****   {
 223:Core/Src/adc.c ****   /* USER CODE BEGIN ADC1_MspDeInit 0 */
 224:Core/Src/adc.c **** 
 225:Core/Src/adc.c ****   /* USER CODE END ADC1_MspDeInit 0 */
 226:Core/Src/adc.c ****     /* Peripheral clock disable */
 227:Core/Src/adc.c ****     __HAL_RCC_ADC12_CLK_DISABLE();
 597              		.loc 1 227 5 is_stmt 1 view .LVU201
 598 000e 0B4A     		ldr	r2, .L40
 599 0010 5369     		ldr	r3, [r2, #20]
 600 0012 23F08053 		bic	r3, r3, #268435456
 601 0016 5361     		str	r3, [r2, #20]
 228:Core/Src/adc.c **** 
 229:Core/Src/adc.c ****     /**ADC1 GPIO Configuration
 230:Core/Src/adc.c ****     PC0     ------> ADC1_IN6
 231:Core/Src/adc.c ****     PC1     ------> ADC1_IN7
 232:Core/Src/adc.c ****     PC2     ------> ADC1_IN8
 233:Core/Src/adc.c ****     PC3     ------> ADC1_IN9
 234:Core/Src/adc.c ****     PA1     ------> ADC1_IN2
 235:Core/Src/adc.c ****     PA2     ------> ADC1_IN3
 236:Core/Src/adc.c ****     PA3     ------> ADC1_IN4
ARM GAS  C:\Users\afara\AppData\Local\Temp\cceThpda.s 			page 17


 237:Core/Src/adc.c ****     PF4     ------> ADC1_IN5
 238:Core/Src/adc.c ****     */
 239:Core/Src/adc.c ****     HAL_GPIO_DeInit(GPIOC, green_Pin|blue_Pin|purple_Pin|GPIO_PIN_3);
 602              		.loc 1 239 5 view .LVU202
 603 0018 0F21     		movs	r1, #15
 604 001a 0948     		ldr	r0, .L40+4
 605              	.LVL30:
 606              		.loc 1 239 5 is_stmt 0 view .LVU203
 607 001c FFF7FEFF 		bl	HAL_GPIO_DeInit
 608              	.LVL31:
 240:Core/Src/adc.c **** 
 241:Core/Src/adc.c ****     HAL_GPIO_DeInit(GPIOA, brown_Pin|red_Pin|orange_Pin);
 609              		.loc 1 241 5 is_stmt 1 view .LVU204
 610 0020 0E21     		movs	r1, #14
 611 0022 4FF09040 		mov	r0, #1207959552
 612 0026 FFF7FEFF 		bl	HAL_GPIO_DeInit
 613              	.LVL32:
 242:Core/Src/adc.c **** 
 243:Core/Src/adc.c ****     HAL_GPIO_DeInit(yellow_GPIO_Port, yellow_Pin);
 614              		.loc 1 243 5 view .LVU205
 615 002a 1021     		movs	r1, #16
 616 002c 0548     		ldr	r0, .L40+8
 617 002e FFF7FEFF 		bl	HAL_GPIO_DeInit
 618              	.LVL33:
 244:Core/Src/adc.c **** 
 245:Core/Src/adc.c ****     /* ADC1 DMA DeInit */
 246:Core/Src/adc.c ****     HAL_DMA_DeInit(adcHandle->DMA_Handle);
 619              		.loc 1 246 5 view .LVU206
 620 0032 A06B     		ldr	r0, [r4, #56]
 621 0034 FFF7FEFF 		bl	HAL_DMA_DeInit
 622              	.LVL34:
 247:Core/Src/adc.c ****   /* USER CODE BEGIN ADC1_MspDeInit 1 */
 248:Core/Src/adc.c **** 
 249:Core/Src/adc.c ****   /* USER CODE END ADC1_MspDeInit 1 */
 250:Core/Src/adc.c ****   }
 251:Core/Src/adc.c **** }
 623              		.loc 1 251 1 is_stmt 0 view .LVU207
 624 0038 10BD     		pop	{r4, pc}
 625              	.LVL35:
 626              	.L41:
 627              		.loc 1 251 1 view .LVU208
 628 003a 00BF     		.align	2
 629              	.L40:
 630 003c 00100240 		.word	1073876992
 631 0040 00080048 		.word	1207961600
 632 0044 00140048 		.word	1207964672
 633              		.cfi_endproc
 634              	.LFE132:
 636              		.global	hdma_adc1
 637              		.global	hadc1
 638              		.section	.bss.hadc1,"aw",%nobits
 639              		.align	2
 640              		.set	.LANCHOR0,. + 0
 643              	hadc1:
 644 0000 00000000 		.space	80
 644      00000000 
 644      00000000 
ARM GAS  C:\Users\afara\AppData\Local\Temp\cceThpda.s 			page 18


 644      00000000 
 644      00000000 
 645              		.section	.bss.hdma_adc1,"aw",%nobits
 646              		.align	2
 647              		.set	.LANCHOR1,. + 0
 650              	hdma_adc1:
 651 0000 00000000 		.space	68
 651      00000000 
 651      00000000 
 651      00000000 
 651      00000000 
 652              		.text
 653              	.Letext0:
 654              		.file 2 "c:\\dev\\dev_tools\\gcc-arm-none-eabi-10.3-2021.10\\arm-none-eabi\\include\\machine\\_def
 655              		.file 3 "c:\\dev\\dev_tools\\gcc-arm-none-eabi-10.3-2021.10\\arm-none-eabi\\include\\sys\\_stdint.
 656              		.file 4 "Drivers/CMSIS/Device/ST/STM32F3xx/Include/stm32f303xc.h"
 657              		.file 5 "Drivers/CMSIS/Device/ST/STM32F3xx/Include/stm32f3xx.h"
 658              		.file 6 "Drivers/STM32F3xx_HAL_Driver/Inc/stm32f3xx_hal_def.h"
 659              		.file 7 "Drivers/STM32F3xx_HAL_Driver/Inc/stm32f3xx_hal_gpio.h"
 660              		.file 8 "Drivers/STM32F3xx_HAL_Driver/Inc/stm32f3xx_hal_dma.h"
 661              		.file 9 "Drivers/STM32F3xx_HAL_Driver/Inc/stm32f3xx_hal_adc_ex.h"
 662              		.file 10 "Drivers/STM32F3xx_HAL_Driver/Inc/stm32f3xx_hal_adc.h"
 663              		.file 11 "Core/Inc/adc.h"
 664              		.file 12 "Core/Inc/main.h"
ARM GAS  C:\Users\afara\AppData\Local\Temp\cceThpda.s 			page 19


DEFINED SYMBOLS
                            *ABS*:00000000 adc.c
C:\Users\afara\AppData\Local\Temp\cceThpda.s:20     .text.MX_ADC1_Init:00000000 $t
C:\Users\afara\AppData\Local\Temp\cceThpda.s:26     .text.MX_ADC1_Init:00000000 MX_ADC1_Init
C:\Users\afara\AppData\Local\Temp\cceThpda.s:340    .text.MX_ADC1_Init:00000144 $d
C:\Users\afara\AppData\Local\Temp\cceThpda.s:345    .text.HAL_ADC_MspInit:00000000 $t
C:\Users\afara\AppData\Local\Temp\cceThpda.s:351    .text.HAL_ADC_MspInit:00000000 HAL_ADC_MspInit
C:\Users\afara\AppData\Local\Temp\cceThpda.s:561    .text.HAL_ADC_MspInit:000000d8 $d
C:\Users\afara\AppData\Local\Temp\cceThpda.s:569    .text.HAL_ADC_MspDeInit:00000000 $t
C:\Users\afara\AppData\Local\Temp\cceThpda.s:575    .text.HAL_ADC_MspDeInit:00000000 HAL_ADC_MspDeInit
C:\Users\afara\AppData\Local\Temp\cceThpda.s:630    .text.HAL_ADC_MspDeInit:0000003c $d
C:\Users\afara\AppData\Local\Temp\cceThpda.s:650    .bss.hdma_adc1:00000000 hdma_adc1
C:\Users\afara\AppData\Local\Temp\cceThpda.s:643    .bss.hadc1:00000000 hadc1
C:\Users\afara\AppData\Local\Temp\cceThpda.s:639    .bss.hadc1:00000000 $d
C:\Users\afara\AppData\Local\Temp\cceThpda.s:646    .bss.hdma_adc1:00000000 $d

UNDEFINED SYMBOLS
HAL_ADC_Init
HAL_ADCEx_MultiModeConfigChannel
HAL_ADC_ConfigChannel
Error_Handler
HAL_GPIO_Init
HAL_DMA_Init
HAL_GPIO_DeInit
HAL_DMA_DeInit
