ARM GAS  C:\Users\afara\AppData\Local\Temp\ccmHh0Jf.s 			page 1


   1              		.cpu cortex-m4
   2              		.arch armv7e-m
   3              		.fpu fpv4-sp-d16
   4              		.eabi_attribute 27, 1
   5              		.eabi_attribute 28, 1
   6              		.eabi_attribute 20, 1
   7              		.eabi_attribute 21, 1
   8              		.eabi_attribute 23, 3
   9              		.eabi_attribute 24, 1
  10              		.eabi_attribute 25, 1
  11              		.eabi_attribute 26, 1
  12              		.eabi_attribute 30, 1
  13              		.eabi_attribute 34, 1
  14              		.eabi_attribute 18, 4
  15              		.file	"dma.c"
  16              		.text
  17              	.Ltext0:
  18              		.cfi_sections	.debug_frame
  19              		.section	.text.MX_DMA_Init,"ax",%progbits
  20              		.align	1
  21              		.global	MX_DMA_Init
  22              		.syntax unified
  23              		.thumb
  24              		.thumb_func
  26              	MX_DMA_Init:
  27              	.LFB130:
  28              		.file 1 "Core/Src/dma.c"
   1:Core/Src/dma.c **** /* USER CODE BEGIN Header */
   2:Core/Src/dma.c **** /**
   3:Core/Src/dma.c ****   ******************************************************************************
   4:Core/Src/dma.c ****   * @file    dma.c
   5:Core/Src/dma.c ****   * @brief   This file provides code for the configuration
   6:Core/Src/dma.c ****   *          of all the requested memory to memory DMA transfers.
   7:Core/Src/dma.c ****   ******************************************************************************
   8:Core/Src/dma.c ****   * @attention
   9:Core/Src/dma.c ****   *
  10:Core/Src/dma.c ****   * Copyright (c) 2022 STMicroelectronics.
  11:Core/Src/dma.c ****   * All rights reserved.
  12:Core/Src/dma.c ****   *
  13:Core/Src/dma.c ****   * This software is licensed under terms that can be found in the LICENSE file
  14:Core/Src/dma.c ****   * in the root directory of this software component.
  15:Core/Src/dma.c ****   * If no LICENSE file comes with this software, it is provided AS-IS.
  16:Core/Src/dma.c ****   *
  17:Core/Src/dma.c ****   ******************************************************************************
  18:Core/Src/dma.c ****   */
  19:Core/Src/dma.c **** /* USER CODE END Header */
  20:Core/Src/dma.c **** 
  21:Core/Src/dma.c **** /* Includes ------------------------------------------------------------------*/
  22:Core/Src/dma.c **** #include "dma.h"
  23:Core/Src/dma.c **** 
  24:Core/Src/dma.c **** /* USER CODE BEGIN 0 */
  25:Core/Src/dma.c **** 
  26:Core/Src/dma.c **** /* USER CODE END 0 */
  27:Core/Src/dma.c **** 
  28:Core/Src/dma.c **** /*----------------------------------------------------------------------------*/
  29:Core/Src/dma.c **** /* Configure DMA                                                              */
  30:Core/Src/dma.c **** /*----------------------------------------------------------------------------*/
ARM GAS  C:\Users\afara\AppData\Local\Temp\ccmHh0Jf.s 			page 2


  31:Core/Src/dma.c **** 
  32:Core/Src/dma.c **** /* USER CODE BEGIN 1 */
  33:Core/Src/dma.c **** 
  34:Core/Src/dma.c **** /* USER CODE END 1 */
  35:Core/Src/dma.c **** 
  36:Core/Src/dma.c **** /**
  37:Core/Src/dma.c ****   * Enable DMA controller clock
  38:Core/Src/dma.c ****   */
  39:Core/Src/dma.c **** void MX_DMA_Init(void)
  40:Core/Src/dma.c **** {
  29              		.loc 1 40 1 view -0
  30              		.cfi_startproc
  31              		@ args = 0, pretend = 0, frame = 8
  32              		@ frame_needed = 0, uses_anonymous_args = 0
  33 0000 00B5     		push	{lr}
  34              	.LCFI0:
  35              		.cfi_def_cfa_offset 4
  36              		.cfi_offset 14, -4
  37 0002 83B0     		sub	sp, sp, #12
  38              	.LCFI1:
  39              		.cfi_def_cfa_offset 16
  41:Core/Src/dma.c **** 
  42:Core/Src/dma.c ****   /* DMA controller clock enable */
  43:Core/Src/dma.c ****   __HAL_RCC_DMA1_CLK_ENABLE();
  40              		.loc 1 43 3 view .LVU1
  41              	.LBB2:
  42              		.loc 1 43 3 view .LVU2
  43              		.loc 1 43 3 view .LVU3
  44 0004 164B     		ldr	r3, .L3
  45 0006 5A69     		ldr	r2, [r3, #20]
  46 0008 42F00102 		orr	r2, r2, #1
  47 000c 5A61     		str	r2, [r3, #20]
  48              		.loc 1 43 3 view .LVU4
  49 000e 5A69     		ldr	r2, [r3, #20]
  50 0010 02F00102 		and	r2, r2, #1
  51 0014 0092     		str	r2, [sp]
  52              		.loc 1 43 3 view .LVU5
  53 0016 009A     		ldr	r2, [sp]
  54              	.LBE2:
  55              		.loc 1 43 3 view .LVU6
  44:Core/Src/dma.c ****   __HAL_RCC_DMA2_CLK_ENABLE();
  56              		.loc 1 44 3 view .LVU7
  57              	.LBB3:
  58              		.loc 1 44 3 view .LVU8
  59              		.loc 1 44 3 view .LVU9
  60 0018 5A69     		ldr	r2, [r3, #20]
  61 001a 42F00202 		orr	r2, r2, #2
  62 001e 5A61     		str	r2, [r3, #20]
  63              		.loc 1 44 3 view .LVU10
  64 0020 5B69     		ldr	r3, [r3, #20]
  65 0022 03F00203 		and	r3, r3, #2
  66 0026 0193     		str	r3, [sp, #4]
  67              		.loc 1 44 3 view .LVU11
  68 0028 019B     		ldr	r3, [sp, #4]
  69              	.LBE3:
  70              		.loc 1 44 3 view .LVU12
  45:Core/Src/dma.c **** 
ARM GAS  C:\Users\afara\AppData\Local\Temp\ccmHh0Jf.s 			page 3


  46:Core/Src/dma.c ****   /* DMA interrupt init */
  47:Core/Src/dma.c ****   /* DMA1_Channel1_IRQn interrupt configuration */
  48:Core/Src/dma.c ****   HAL_NVIC_SetPriority(DMA1_Channel1_IRQn, 0, 0);
  71              		.loc 1 48 3 view .LVU13
  72 002a 0022     		movs	r2, #0
  73 002c 1146     		mov	r1, r2
  74 002e 0B20     		movs	r0, #11
  75 0030 FFF7FEFF 		bl	HAL_NVIC_SetPriority
  76              	.LVL0:
  49:Core/Src/dma.c ****   HAL_NVIC_EnableIRQ(DMA1_Channel1_IRQn);
  77              		.loc 1 49 3 view .LVU14
  78 0034 0B20     		movs	r0, #11
  79 0036 FFF7FEFF 		bl	HAL_NVIC_EnableIRQ
  80              	.LVL1:
  50:Core/Src/dma.c ****   /* DMA2_Channel3_IRQn interrupt configuration */
  51:Core/Src/dma.c ****   HAL_NVIC_SetPriority(DMA2_Channel3_IRQn, 0, 0);
  81              		.loc 1 51 3 view .LVU15
  82 003a 0022     		movs	r2, #0
  83 003c 1146     		mov	r1, r2
  84 003e 3A20     		movs	r0, #58
  85 0040 FFF7FEFF 		bl	HAL_NVIC_SetPriority
  86              	.LVL2:
  52:Core/Src/dma.c ****   HAL_NVIC_EnableIRQ(DMA2_Channel3_IRQn);
  87              		.loc 1 52 3 view .LVU16
  88 0044 3A20     		movs	r0, #58
  89 0046 FFF7FEFF 		bl	HAL_NVIC_EnableIRQ
  90              	.LVL3:
  53:Core/Src/dma.c ****   /* DMA2_Channel5_IRQn interrupt configuration */
  54:Core/Src/dma.c ****   HAL_NVIC_SetPriority(DMA2_Channel5_IRQn, 0, 0);
  91              		.loc 1 54 3 view .LVU17
  92 004a 0022     		movs	r2, #0
  93 004c 1146     		mov	r1, r2
  94 004e 3C20     		movs	r0, #60
  95 0050 FFF7FEFF 		bl	HAL_NVIC_SetPriority
  96              	.LVL4:
  55:Core/Src/dma.c ****   HAL_NVIC_EnableIRQ(DMA2_Channel5_IRQn);
  97              		.loc 1 55 3 view .LVU18
  98 0054 3C20     		movs	r0, #60
  99 0056 FFF7FEFF 		bl	HAL_NVIC_EnableIRQ
 100              	.LVL5:
  56:Core/Src/dma.c **** 
  57:Core/Src/dma.c **** }
 101              		.loc 1 57 1 is_stmt 0 view .LVU19
 102 005a 03B0     		add	sp, sp, #12
 103              	.LCFI2:
 104              		.cfi_def_cfa_offset 4
 105              		@ sp needed
 106 005c 5DF804FB 		ldr	pc, [sp], #4
 107              	.L4:
 108              		.align	2
 109              	.L3:
 110 0060 00100240 		.word	1073876992
 111              		.cfi_endproc
 112              	.LFE130:
 114              		.text
 115              	.Letext0:
 116              		.file 2 "c:\\dev\\dev_tools\\gcc-arm-none-eabi-10.3-2021.10\\arm-none-eabi\\include\\machine\\_def
ARM GAS  C:\Users\afara\AppData\Local\Temp\ccmHh0Jf.s 			page 4


 117              		.file 3 "c:\\dev\\dev_tools\\gcc-arm-none-eabi-10.3-2021.10\\arm-none-eabi\\include\\sys\\_stdint.
 118              		.file 4 "Drivers/CMSIS/Device/ST/STM32F3xx/Include/stm32f303xc.h"
 119              		.file 5 "Drivers/STM32F3xx_HAL_Driver/Inc/stm32f3xx_hal_cortex.h"
ARM GAS  C:\Users\afara\AppData\Local\Temp\ccmHh0Jf.s 			page 5


DEFINED SYMBOLS
                            *ABS*:00000000 dma.c
C:\Users\afara\AppData\Local\Temp\ccmHh0Jf.s:20     .text.MX_DMA_Init:00000000 $t
C:\Users\afara\AppData\Local\Temp\ccmHh0Jf.s:26     .text.MX_DMA_Init:00000000 MX_DMA_Init
C:\Users\afara\AppData\Local\Temp\ccmHh0Jf.s:110    .text.MX_DMA_Init:00000060 $d

UNDEFINED SYMBOLS
HAL_NVIC_SetPriority
HAL_NVIC_EnableIRQ
