ARM GAS  C:\Users\afara\AppData\Local\Temp\cc4P9SUg.s 			page 1


   1              		.cpu cortex-m4
   2              		.arch armv7e-m
   3              		.fpu fpv4-sp-d16
   4              		.eabi_attribute 27, 1
   5              		.eabi_attribute 28, 1
   6              		.eabi_attribute 20, 1
   7              		.eabi_attribute 21, 1
   8              		.eabi_attribute 23, 3
   9              		.eabi_attribute 24, 1
  10              		.eabi_attribute 25, 1
  11              		.eabi_attribute 26, 1
  12              		.eabi_attribute 30, 1
  13              		.eabi_attribute 34, 1
  14              		.eabi_attribute 18, 4
  15              		.file	"main.c"
  16              		.text
  17              	.Ltext0:
  18              		.cfi_sections	.debug_frame
  19              		.global	__aeabi_ui2d
  20              		.global	__aeabi_dmul
  21              		.global	__aeabi_d2uiz
  22              		.section	.text.HAL_ADC_ConvCpltCallback,"ax",%progbits
  23              		.align	1
  24              		.global	HAL_ADC_ConvCpltCallback
  25              		.syntax unified
  26              		.thumb
  27              		.thumb_func
  29              	HAL_ADC_ConvCpltCallback:
  30              	.LVL0:
  31              	.LFB135:
  32              		.file 1 "Core/Src/main.c"
   1:Core/Src/main.c **** /* USER CODE BEGIN Header */
   2:Core/Src/main.c **** /**
   3:Core/Src/main.c ****   ******************************************************************************
   4:Core/Src/main.c ****   * @file           : main.c
   5:Core/Src/main.c ****   * @brief          : Main program body
   6:Core/Src/main.c ****   ******************************************************************************
   7:Core/Src/main.c ****   * @attention
   8:Core/Src/main.c ****   *
   9:Core/Src/main.c ****   * Copyright (c) 2022 STMicroelectronics.
  10:Core/Src/main.c ****   * All rights reserved.
  11:Core/Src/main.c ****   *
  12:Core/Src/main.c ****   * This software is licensed under terms that can be found in the LICENSE file
  13:Core/Src/main.c ****   * in the root directory of this software component.
  14:Core/Src/main.c ****   * If no LICENSE file comes with this software, it is provided AS-IS.
  15:Core/Src/main.c ****   *
  16:Core/Src/main.c ****   ******************************************************************************
  17:Core/Src/main.c ****   */
  18:Core/Src/main.c **** /* USER CODE END Header */
  19:Core/Src/main.c **** /* Includes ------------------------------------------------------------------*/
  20:Core/Src/main.c **** #include "main.h"
  21:Core/Src/main.c **** #include "adc.h"
  22:Core/Src/main.c **** #include "dma.h"
  23:Core/Src/main.c **** #include "tim.h"
  24:Core/Src/main.c **** #include "usart.h"
  25:Core/Src/main.c **** #include "gpio.h"
  26:Core/Src/main.c **** 
ARM GAS  C:\Users\afara\AppData\Local\Temp\cc4P9SUg.s 			page 2


  27:Core/Src/main.c **** /* Private includes ----------------------------------------------------------*/
  28:Core/Src/main.c **** /* USER CODE BEGIN Includes */
  29:Core/Src/main.c **** 
  30:Core/Src/main.c **** #include <string.h>
  31:Core/Src/main.c **** #include <stdio.h>
  32:Core/Src/main.c **** #include <stdlib.h>
  33:Core/Src/main.c **** 
  34:Core/Src/main.c **** /* USER CODE END Includes */
  35:Core/Src/main.c **** 
  36:Core/Src/main.c **** /* Private typedef -----------------------------------------------------------*/
  37:Core/Src/main.c **** /* USER CODE BEGIN PTD */
  38:Core/Src/main.c **** 
  39:Core/Src/main.c **** /* USER CODE END PTD */
  40:Core/Src/main.c **** 
  41:Core/Src/main.c **** /* Private define ------------------------------------------------------------*/
  42:Core/Src/main.c **** /* USER CODE BEGIN PD */
  43:Core/Src/main.c **** 
  44:Core/Src/main.c **** //*******************************[Aliases}**************************************
  45:Core/Src/main.c **** #define ADC_RESOLUTION 4096 // adc resolution 12 bits
  46:Core/Src/main.c **** #define BUF_SIZE 256 // Size of usart transmit buffer
  47:Core/Src/main.c **** #define NUM_ADC_CHANNELS 8 // Number of adc channels used for battery voltage measurment [0 to 6 = 
  48:Core/Src/main.c **** #define NUM_AVG 10 // Number of samples to average per adc channel
  49:Core/Src/main.c **** #define TOLAL_BAT_VOL_SCALE_FAC 11.357 // The scale factor calculated by 28.2v / 2.483 (At the time
  50:Core/Src/main.c **** /* 
  51:Core/Src/main.c **** 72Mhz / 36000 [PRESCALER] = 2Khz timer clock
  52:Core/Src/main.c **** 1 / 2000 = 0.0005s aka 500us per ARR count
  53:Core/Src/main.c **** 20000 * 0.0005s = 10s, so 20000 ARR counts = 10s delay, whats why INTERVAL is 20k
  54:Core/Src/main.c **** */
  55:Core/Src/main.c **** #define INTERVAL 20000 
  56:Core/Src/main.c **** 
  57:Core/Src/main.c **** /* USER CODE END PD */
  58:Core/Src/main.c **** 
  59:Core/Src/main.c **** /* Private macro -------------------------------------------------------------*/
  60:Core/Src/main.c **** /* USER CODE BEGIN PM */
  61:Core/Src/main.c **** 
  62:Core/Src/main.c **** /* USER CODE END PM */
  63:Core/Src/main.c **** 
  64:Core/Src/main.c **** /* Private variables ---------------------------------------------------------*/
  65:Core/Src/main.c **** 
  66:Core/Src/main.c **** /* USER CODE BEGIN PV */
  67:Core/Src/main.c **** 
  68:Core/Src/main.c **** //*******************************[Global Flags]*********************************
  69:Core/Src/main.c **** uint8_t txempty;
  70:Core/Src/main.c **** uint8_t rxfull;
  71:Core/Src/main.c **** uint8_t startTransmit = 0;
  72:Core/Src/main.c **** 
  73:Core/Src/main.c **** //*******************************[Global Buffers]*******************************
  74:Core/Src/main.c **** uint8_t rxbuff[8];
  75:Core/Src/main.c **** 
  76:Core/Src/main.c **** //******************************[Global Variables]******************************
  77:Core/Src/main.c **** uint16_t adcChannelArray[NUM_ADC_CHANNELS]; // Used by dma to store each channel's val in a seperat
  78:Core/Src/main.c **** uint16_t batVoltage[NUM_ADC_CHANNELS][NUM_AVG]; // 2d array for bat voltage per channel of X sample
  79:Core/Src/main.c **** uint16_t avgBatVoltage[NUM_ADC_CHANNELS]; // Final averaged bat voltage and initized with offset fo
  80:Core/Src/main.c **** 
  81:Core/Src/main.c **** /* USER CODE END PV */
  82:Core/Src/main.c **** 
  83:Core/Src/main.c **** /* Private function prototypes -----------------------------------------------*/
ARM GAS  C:\Users\afara\AppData\Local\Temp\cc4P9SUg.s 			page 3


  84:Core/Src/main.c **** void SystemClock_Config(void);
  85:Core/Src/main.c **** /* USER CODE BEGIN PFP */
  86:Core/Src/main.c **** 
  87:Core/Src/main.c **** /* USER CODE END PFP */
  88:Core/Src/main.c **** 
  89:Core/Src/main.c **** /* Private user code ---------------------------------------------------------*/
  90:Core/Src/main.c **** /* USER CODE BEGIN 0 */
  91:Core/Src/main.c **** 
  92:Core/Src/main.c **** /* USER CODE END 0 */
  93:Core/Src/main.c **** 
  94:Core/Src/main.c **** /**
  95:Core/Src/main.c ****   * @brief  The application entry point.
  96:Core/Src/main.c ****   * @retval int
  97:Core/Src/main.c ****   */
  98:Core/Src/main.c **** int main(void)
  99:Core/Src/main.c **** {
 100:Core/Src/main.c ****   /* USER CODE BEGIN 1 */
 101:Core/Src/main.c **** 
 102:Core/Src/main.c ****   /* USER CODE END 1 */
 103:Core/Src/main.c **** 
 104:Core/Src/main.c ****   /* MCU Configuration--------------------------------------------------------*/
 105:Core/Src/main.c **** 
 106:Core/Src/main.c ****   /* Reset of all peripherals, Initializes the Flash interface and the Systick. */
 107:Core/Src/main.c ****   HAL_Init();
 108:Core/Src/main.c **** 
 109:Core/Src/main.c ****   /* USER CODE BEGIN Init */
 110:Core/Src/main.c **** 
 111:Core/Src/main.c ****   /* USER CODE END Init */
 112:Core/Src/main.c **** 
 113:Core/Src/main.c ****   /* Configure the system clock */
 114:Core/Src/main.c ****   SystemClock_Config();
 115:Core/Src/main.c **** 
 116:Core/Src/main.c ****   /* USER CODE BEGIN SysInit */
 117:Core/Src/main.c **** 
 118:Core/Src/main.c ****   /* USER CODE END SysInit */
 119:Core/Src/main.c **** 
 120:Core/Src/main.c ****   /* Initialize all configured peripherals */
 121:Core/Src/main.c ****   MX_GPIO_Init();
 122:Core/Src/main.c ****   MX_DMA_Init();
 123:Core/Src/main.c ****   MX_ADC1_Init();
 124:Core/Src/main.c ****   MX_UART4_Init();
 125:Core/Src/main.c ****   MX_TIM16_Init();
 126:Core/Src/main.c ****   /* USER CODE BEGIN 2 */
 127:Core/Src/main.c **** 
 128:Core/Src/main.c ****   char buffer[BUF_SIZE + 1]; // Buffer size = 8bits * buf_size
 129:Core/Src/main.c ****   memset(buffer, 0 , BUF_SIZE); // Init buffer
 130:Core/Src/main.c ****   
 131:Core/Src/main.c ****   const char format[] = "[ADC1] = %dmv, [ADC2] = %dmv, [ADC3] = %dmv, [ADC4] = %dmv, [ADC5] = %dmv,
 132:Core/Src/main.c ****   
 133:Core/Src/main.c ****   HAL_StatusTypeDef ret; // Return error
 134:Core/Src/main.c **** 
 135:Core/Src/main.c ****   ret = HAL_ADCEx_Calibration_Start(&hadc1, ADC_SINGLE_ENDED); // Calibrate ADC on each Startup
 136:Core/Src/main.c ****   if(ret != HAL_OK) Error_Handler();
 137:Core/Src/main.c **** 
 138:Core/Src/main.c ****   ret = HAL_ADC_Start_DMA(&hadc1, (uint32_t*)adcChannelArray, NUM_ADC_CHANNELS); // Attach adc to d
 139:Core/Src/main.c ****   if(ret != HAL_OK) Error_Handler();
 140:Core/Src/main.c **** 
ARM GAS  C:\Users\afara\AppData\Local\Temp\cc4P9SUg.s 			page 4


 141:Core/Src/main.c ****   ret = HAL_TIM_Base_Start(&htim16); // Start timer 16
 142:Core/Src/main.c ****   if(ret != HAL_OK) Error_Handler();
 143:Core/Src/main.c ****   
 144:Core/Src/main.c ****   txempty = 1; // Init tx flag
 145:Core/Src/main.c ****   uint16_t timerVal = __HAL_TIM_GET_COUNTER(&htim16); // Init timerVal
 146:Core/Src/main.c **** 
 147:Core/Src/main.c ****   /* USER CODE END 2 */
 148:Core/Src/main.c **** 
 149:Core/Src/main.c ****   /* Infinite loop */
 150:Core/Src/main.c ****   /* USER CODE BEGIN WHILE */
 151:Core/Src/main.c ****   while (1)
 152:Core/Src/main.c ****   {
 153:Core/Src/main.c ****     if(__HAL_TIM_GET_COUNTER(&htim16) - timerVal >= INTERVAL && startTransmit == 1)
 154:Core/Src/main.c ****     {      
 155:Core/Src/main.c ****       sprintf(buffer, format, avgBatVoltage[0], avgBatVoltage[1], avgBatVoltage[2], avgBatVoltage[3
 156:Core/Src/main.c ****       
 157:Core/Src/main.c ****       startTransmit = 0; // Reset flag
 158:Core/Src/main.c ****       while(txempty == 0);
 159:Core/Src/main.c ****       ret = HAL_UART_Transmit_DMA(&huart4, (uint8_t *)buffer, BUF_SIZE);
 160:Core/Src/main.c ****       if(ret != HAL_OK) Error_Handler();
 161:Core/Src/main.c ****       txempty = 0;
 162:Core/Src/main.c **** 
 163:Core/Src/main.c ****       ret = HAL_ADC_Start(&hadc1);
 164:Core/Src/main.c ****       if(ret != HAL_OK) Error_Handler();
 165:Core/Src/main.c ****       
 166:Core/Src/main.c ****       timerVal = __HAL_TIM_GET_COUNTER(&htim16); // Update with current timer count
 167:Core/Src/main.c ****     }
 168:Core/Src/main.c **** 
 169:Core/Src/main.c ****     /* USER CODE END WHILE */
 170:Core/Src/main.c **** 
 171:Core/Src/main.c ****     /* USER CODE BEGIN 3 */
 172:Core/Src/main.c ****   }
 173:Core/Src/main.c ****   /* USER CODE END 3 */
 174:Core/Src/main.c **** }
 175:Core/Src/main.c **** 
 176:Core/Src/main.c **** /**
 177:Core/Src/main.c ****   * @brief System Clock Configuration
 178:Core/Src/main.c ****   * @retval None
 179:Core/Src/main.c ****   */
 180:Core/Src/main.c **** void SystemClock_Config(void)
 181:Core/Src/main.c **** {
 182:Core/Src/main.c ****   RCC_OscInitTypeDef RCC_OscInitStruct = {0};
 183:Core/Src/main.c ****   RCC_ClkInitTypeDef RCC_ClkInitStruct = {0};
 184:Core/Src/main.c ****   RCC_PeriphCLKInitTypeDef PeriphClkInit = {0};
 185:Core/Src/main.c **** 
 186:Core/Src/main.c ****   /** Initializes the RCC Oscillators according to the specified parameters
 187:Core/Src/main.c ****   * in the RCC_OscInitTypeDef structure.
 188:Core/Src/main.c ****   */
 189:Core/Src/main.c ****   RCC_OscInitStruct.OscillatorType = RCC_OSCILLATORTYPE_HSE;
 190:Core/Src/main.c ****   RCC_OscInitStruct.HSEState = RCC_HSE_BYPASS;
 191:Core/Src/main.c ****   RCC_OscInitStruct.HSEPredivValue = RCC_HSE_PREDIV_DIV1;
 192:Core/Src/main.c ****   RCC_OscInitStruct.HSIState = RCC_HSI_ON;
 193:Core/Src/main.c ****   RCC_OscInitStruct.PLL.PLLState = RCC_PLL_ON;
 194:Core/Src/main.c ****   RCC_OscInitStruct.PLL.PLLSource = RCC_PLLSOURCE_HSE;
 195:Core/Src/main.c ****   RCC_OscInitStruct.PLL.PLLMUL = RCC_PLL_MUL9;
 196:Core/Src/main.c ****   if (HAL_RCC_OscConfig(&RCC_OscInitStruct) != HAL_OK)
 197:Core/Src/main.c ****   {
ARM GAS  C:\Users\afara\AppData\Local\Temp\cc4P9SUg.s 			page 5


 198:Core/Src/main.c ****     Error_Handler();
 199:Core/Src/main.c ****   }
 200:Core/Src/main.c **** 
 201:Core/Src/main.c ****   /** Initializes the CPU, AHB and APB buses clocks
 202:Core/Src/main.c ****   */
 203:Core/Src/main.c ****   RCC_ClkInitStruct.ClockType = RCC_CLOCKTYPE_HCLK|RCC_CLOCKTYPE_SYSCLK
 204:Core/Src/main.c ****                               |RCC_CLOCKTYPE_PCLK1|RCC_CLOCKTYPE_PCLK2;
 205:Core/Src/main.c ****   RCC_ClkInitStruct.SYSCLKSource = RCC_SYSCLKSOURCE_PLLCLK;
 206:Core/Src/main.c ****   RCC_ClkInitStruct.AHBCLKDivider = RCC_SYSCLK_DIV1;
 207:Core/Src/main.c ****   RCC_ClkInitStruct.APB1CLKDivider = RCC_HCLK_DIV2;
 208:Core/Src/main.c ****   RCC_ClkInitStruct.APB2CLKDivider = RCC_HCLK_DIV1;
 209:Core/Src/main.c **** 
 210:Core/Src/main.c ****   if (HAL_RCC_ClockConfig(&RCC_ClkInitStruct, FLASH_LATENCY_2) != HAL_OK)
 211:Core/Src/main.c ****   {
 212:Core/Src/main.c ****     Error_Handler();
 213:Core/Src/main.c ****   }
 214:Core/Src/main.c ****   PeriphClkInit.PeriphClockSelection = RCC_PERIPHCLK_UART4|RCC_PERIPHCLK_ADC12;
 215:Core/Src/main.c ****   PeriphClkInit.Uart4ClockSelection = RCC_UART4CLKSOURCE_PCLK1;
 216:Core/Src/main.c ****   PeriphClkInit.Adc12ClockSelection = RCC_ADC12PLLCLK_DIV1;
 217:Core/Src/main.c ****   if (HAL_RCCEx_PeriphCLKConfig(&PeriphClkInit) != HAL_OK)
 218:Core/Src/main.c ****   {
 219:Core/Src/main.c ****     Error_Handler();
 220:Core/Src/main.c ****   }
 221:Core/Src/main.c **** }
 222:Core/Src/main.c **** 
 223:Core/Src/main.c **** /* USER CODE BEGIN 4 */
 224:Core/Src/main.c **** 
 225:Core/Src/main.c **** //***********************[ISRs}**********************************
 226:Core/Src/main.c **** void HAL_ADC_ConvCpltCallback(ADC_HandleTypeDef* hadc)
 227:Core/Src/main.c **** {
  33              		.loc 1 227 1 view -0
  34              		.cfi_startproc
  35              		@ args = 0, pretend = 0, frame = 0
  36              		@ frame_needed = 0, uses_anonymous_args = 0
 228:Core/Src/main.c ****   if(hadc == &hadc1)
  37              		.loc 1 228 3 view .LVU1
  38              		.loc 1 228 5 is_stmt 0 view .LVU2
  39 0000 514B     		ldr	r3, .L32+8
  40 0002 8342     		cmp	r3, r0
  41 0004 33D0     		beq	.L28
  42 0006 7047     		bx	lr
  43              	.LVL1:
  44              	.L4:
  45              	.LCFI0:
  46              		.cfi_def_cfa_offset 16
  47              		.cfi_offset 4, -16
  48              		.cfi_offset 5, -12
  49              		.cfi_offset 6, -8
  50              		.cfi_offset 14, -4
  51              	.LBB4:
  52              	.LBB5:
  53              	.LBB6:
 229:Core/Src/main.c ****   {
 230:Core/Src/main.c ****     uint32_t sum = 0;
 231:Core/Src/main.c **** 
 232:Core/Src/main.c ****     // Building a 7x10 matrix 
 233:Core/Src/main.c ****     for(int j = 0; j < NUM_AVG; ++j)
ARM GAS  C:\Users\afara\AppData\Local\Temp\cc4P9SUg.s 			page 6


 234:Core/Src/main.c ****     {
 235:Core/Src/main.c ****       for(int i = 0; i < NUM_ADC_CHANNELS; ++i)
 236:Core/Src/main.c ****         {
 237:Core/Src/main.c ****           if(i == 7)
 238:Core/Src/main.c ****             batVoltage[i][j] = TOLAL_BAT_VOL_SCALE_FAC * (2965UL * adcChannelArray[i] / ADC_RESOLUT
 239:Core/Src/main.c ****           else
 240:Core/Src/main.c ****             batVoltage[i][j] = 2 * (3000UL * adcChannelArray[i] / ADC_RESOLUTION); // Conversion of
  54              		.loc 1 240 13 is_stmt 1 view .LVU3
  55              		.loc 1 240 61 is_stmt 0 view .LVU4
  56 0008 504B     		ldr	r3, .L32+12
  57 000a 33F81430 		ldrh	r3, [r3, r4, lsl #1]
  58              		.loc 1 240 44 view .LVU5
  59 000e 40F6B832 		movw	r2, #3000
  60 0012 02FB03F3 		mul	r3, r2, r3
  61              		.loc 1 240 65 view .LVU6
  62 0016 1B0B     		lsrs	r3, r3, #12
  63              		.loc 1 240 30 view .LVU7
  64 0018 04EB8402 		add	r2, r4, r4, lsl #2
  65 001c 05EB4202 		add	r2, r5, r2, lsl #1
  66 0020 5B00     		lsls	r3, r3, #1
  67 0022 4B49     		ldr	r1, .L32+16
  68 0024 21F81230 		strh	r3, [r1, r2, lsl #1]	@ movhi
  69              	.L5:
 235:Core/Src/main.c ****         {
  70              		.loc 1 235 44 is_stmt 1 discriminator 2 view .LVU8
  71 0028 0134     		adds	r4, r4, #1
  72              	.LVL2:
  73              	.L7:
 235:Core/Src/main.c ****         {
  74              		.loc 1 235 22 discriminator 1 view .LVU9
 235:Core/Src/main.c ****         {
  75              		.loc 1 235 7 is_stmt 0 discriminator 1 view .LVU10
  76 002a 072C     		cmp	r4, #7
  77 002c 1ADC     		bgt	.L29
 237:Core/Src/main.c ****             batVoltage[i][j] = TOLAL_BAT_VOL_SCALE_FAC * (2965UL * adcChannelArray[i] / ADC_RESOLUT
  78              		.loc 1 237 11 is_stmt 1 view .LVU11
 237:Core/Src/main.c ****             batVoltage[i][j] = TOLAL_BAT_VOL_SCALE_FAC * (2965UL * adcChannelArray[i] / ADC_RESOLUT
  79              		.loc 1 237 13 is_stmt 0 view .LVU12
  80 002e 072C     		cmp	r4, #7
  81 0030 EAD1     		bne	.L4
 238:Core/Src/main.c ****           else
  82              		.loc 1 238 13 is_stmt 1 view .LVU13
 238:Core/Src/main.c ****           else
  83              		.loc 1 238 83 is_stmt 0 view .LVU14
  84 0032 464B     		ldr	r3, .L32+12
  85 0034 33F81400 		ldrh	r0, [r3, r4, lsl #1]
 238:Core/Src/main.c ****           else
  86              		.loc 1 238 66 view .LVU15
  87 0038 40F69533 		movw	r3, #2965
  88 003c 03FB00F0 		mul	r0, r3, r0
 238:Core/Src/main.c ****           else
  89              		.loc 1 238 56 view .LVU16
  90 0040 000B     		lsrs	r0, r0, #12
  91 0042 FFF7FEFF 		bl	__aeabi_ui2d
  92              	.LVL3:
  93 0046 3EA3     		adr	r3, .L32
  94 0048 D3E90023 		ldrd	r2, [r3]
ARM GAS  C:\Users\afara\AppData\Local\Temp\cc4P9SUg.s 			page 7


  95 004c FFF7FEFF 		bl	__aeabi_dmul
  96              	.LVL4:
 238:Core/Src/main.c ****           else
  97              		.loc 1 238 30 view .LVU17
  98 0050 04EB8406 		add	r6, r4, r4, lsl #2
  99 0054 05EB4606 		add	r6, r5, r6, lsl #1
 100 0058 FFF7FEFF 		bl	__aeabi_d2uiz
 101              	.LVL5:
 102 005c 3C4B     		ldr	r3, .L32+16
 103 005e 23F81600 		strh	r0, [r3, r6, lsl #1]	@ movhi
 104 0062 E1E7     		b	.L5
 105              	.L29:
 238:Core/Src/main.c ****           else
 106              		.loc 1 238 30 view .LVU18
 107              	.LBE6:
 233:Core/Src/main.c ****     {
 108              		.loc 1 233 33 is_stmt 1 discriminator 2 view .LVU19
 109 0064 0135     		adds	r5, r5, #1
 110              	.LVL6:
 111              	.L2:
 233:Core/Src/main.c ****     {
 112              		.loc 1 233 20 discriminator 1 view .LVU20
 233:Core/Src/main.c ****     {
 113              		.loc 1 233 5 is_stmt 0 discriminator 1 view .LVU21
 114 0066 092D     		cmp	r5, #9
 115 0068 04DC     		bgt	.L30
 116              	.LBB7:
 235:Core/Src/main.c ****         {
 117              		.loc 1 235 15 view .LVU22
 118 006a 0024     		movs	r4, #0
 119 006c DDE7     		b	.L7
 120              	.LVL7:
 121              	.L28:
 122              	.LCFI1:
 123              		.cfi_def_cfa_offset 0
 124              		.cfi_restore 4
 125              		.cfi_restore 5
 126              		.cfi_restore 6
 127              		.cfi_restore 14
 235:Core/Src/main.c ****         {
 128              		.loc 1 235 15 view .LVU23
 129              	.LBE7:
 130              	.LBE5:
 131              	.LBE4:
 227:Core/Src/main.c ****   if(hadc == &hadc1)
 132              		.loc 1 227 1 view .LVU24
 133 006e 70B5     		push	{r4, r5, r6, lr}
 134              	.LCFI2:
 135              		.cfi_def_cfa_offset 16
 136              		.cfi_offset 4, -16
 137              		.cfi_offset 5, -12
 138              		.cfi_offset 6, -8
 139              		.cfi_offset 14, -4
 140              	.LBB12:
 141              	.LBB8:
 233:Core/Src/main.c ****     {
 142              		.loc 1 233 13 view .LVU25
ARM GAS  C:\Users\afara\AppData\Local\Temp\cc4P9SUg.s 			page 8


 143 0070 0025     		movs	r5, #0
 144 0072 F8E7     		b	.L2
 145              	.LVL8:
 146              	.L30:
 233:Core/Src/main.c ****     {
 147              		.loc 1 233 13 view .LVU26
 148              	.LBE8:
 149              	.LBB9:
 241:Core/Src/main.c ****         }
 242:Core/Src/main.c ****     }
 243:Core/Src/main.c **** 
 244:Core/Src/main.c ****     // Taking average of each colume 
 245:Core/Src/main.c ****     for(int x = 0; x < NUM_ADC_CHANNELS; ++x)
 150              		.loc 1 245 13 view .LVU27
 151 0074 0021     		movs	r1, #0
 152 0076 1BE0     		b	.L8
 153              	.LVL9:
 154              	.L9:
 155              	.LBB10:
 246:Core/Src/main.c ****     {
 247:Core/Src/main.c ****       for(int y = 0; y < NUM_AVG; ++y)
 248:Core/Src/main.c ****         sum += batVoltage[x][y];
 156              		.loc 1 248 9 is_stmt 1 discriminator 3 view .LVU28
 157              		.loc 1 248 29 is_stmt 0 discriminator 3 view .LVU29
 158 0078 01EB8102 		add	r2, r1, r1, lsl #2
 159 007c 03EB4202 		add	r2, r3, r2, lsl #1
 160 0080 334C     		ldr	r4, .L32+16
 161 0082 34F81220 		ldrh	r2, [r4, r2, lsl #1]
 162              		.loc 1 248 13 discriminator 3 view .LVU30
 163 0086 1044     		add	r0, r0, r2
 164              	.LVL10:
 247:Core/Src/main.c ****         sum += batVoltage[x][y];
 165              		.loc 1 247 35 is_stmt 1 discriminator 3 view .LVU31
 166 0088 0133     		adds	r3, r3, #1
 167              	.LVL11:
 168              	.L20:
 247:Core/Src/main.c ****         sum += batVoltage[x][y];
 169              		.loc 1 247 22 discriminator 1 view .LVU32
 247:Core/Src/main.c ****         sum += batVoltage[x][y];
 170              		.loc 1 247 7 is_stmt 0 discriminator 1 view .LVU33
 171 008a 092B     		cmp	r3, #9
 172 008c F4DD     		ble	.L9
 173              	.LBE10:
 249:Core/Src/main.c ****       
 250:Core/Src/main.c ****       // Adding offsets to each battery banks
 251:Core/Src/main.c ****       switch (x)
 174              		.loc 1 251 7 is_stmt 1 view .LVU34
 175 008e 0629     		cmp	r1, #6
 176 0090 4AD8     		bhi	.L10
 177 0092 DFE801F0 		tbb	[pc, r1]
 178              	.LVL12:
 179              	.L12:
 180 0096 04       		.byte	(.L18-.L12)/2
 181 0097 12       		.byte	(.L17-.L12)/2
 182 0098 1B       		.byte	(.L16-.L12)/2
 183 0099 24       		.byte	(.L15-.L12)/2
 184 009a 2D       		.byte	(.L14-.L12)/2
ARM GAS  C:\Users\afara\AppData\Local\Temp\cc4P9SUg.s 			page 9


 185 009b 36       		.byte	(.L13-.L12)/2
 186 009c 3F       		.byte	(.L11-.L12)/2
 187 009d 00       		.p2align 1
 188              	.L18:
 252:Core/Src/main.c ****       {
 253:Core/Src/main.c ****       case 0:
 254:Core/Src/main.c ****         avgBatVoltage[x] = 110 + (sum / NUM_AVG);
 189              		.loc 1 254 9 view .LVU35
 190              		.loc 1 254 39 is_stmt 0 view .LVU36
 191 009e 2D4B     		ldr	r3, .L32+20
 192 00a0 A3FB0023 		umull	r2, r3, r3, r0
 193 00a4 DB08     		lsrs	r3, r3, #3
 194              		.loc 1 254 32 view .LVU37
 195 00a6 6E33     		adds	r3, r3, #110
 196              		.loc 1 254 26 view .LVU38
 197 00a8 2B4A     		ldr	r2, .L32+24
 198 00aa 22F81130 		strh	r3, [r2, r1, lsl #1]	@ movhi
 255:Core/Src/main.c ****         break;
 199              		.loc 1 255 9 is_stmt 1 view .LVU39
 200              	.L19:
 256:Core/Src/main.c ****       
 257:Core/Src/main.c ****       case 1:
 258:Core/Src/main.c ****         avgBatVoltage[x] = 150 + (sum / NUM_AVG);
 259:Core/Src/main.c ****         break;
 260:Core/Src/main.c **** 
 261:Core/Src/main.c ****       case 2:
 262:Core/Src/main.c ****         avgBatVoltage[x] = 130 + (sum / NUM_AVG);
 263:Core/Src/main.c ****         break;
 264:Core/Src/main.c ****       
 265:Core/Src/main.c ****       case 3:
 266:Core/Src/main.c ****         avgBatVoltage[x] = 70 + (sum / NUM_AVG);
 267:Core/Src/main.c ****         break;
 268:Core/Src/main.c **** 
 269:Core/Src/main.c ****       case 4:
 270:Core/Src/main.c ****         avgBatVoltage[x] = (sum / NUM_AVG) - 40;
 271:Core/Src/main.c ****         break;
 272:Core/Src/main.c ****       
 273:Core/Src/main.c ****       case 5:
 274:Core/Src/main.c ****         avgBatVoltage[x] = (sum / NUM_AVG) - 115;
 275:Core/Src/main.c ****         break;
 276:Core/Src/main.c ****       
 277:Core/Src/main.c ****       case 6:
 278:Core/Src/main.c ****         avgBatVoltage[x] = 340 + (sum / NUM_AVG);
 279:Core/Src/main.c ****         break;
 280:Core/Src/main.c **** 
 281:Core/Src/main.c ****       default:
 282:Core/Src/main.c ****         avgBatVoltage[x] = sum / NUM_AVG; // This one is for the total battery voltage reading
 283:Core/Src/main.c ****       }
 284:Core/Src/main.c ****       sum = 0; // Reset sum back to zero
 201              		.loc 1 284 7 discriminator 2 view .LVU40
 202              	.LVL13:
 245:Core/Src/main.c ****     {
 203              		.loc 1 245 42 discriminator 2 view .LVU41
 204 00ae 0131     		adds	r1, r1, #1
 205              	.LVL14:
 206              	.L8:
 245:Core/Src/main.c ****     {
ARM GAS  C:\Users\afara\AppData\Local\Temp\cc4P9SUg.s 			page 10


 207              		.loc 1 245 20 discriminator 1 view .LVU42
 245:Core/Src/main.c ****     {
 208              		.loc 1 245 5 is_stmt 0 discriminator 1 view .LVU43
 209 00b0 0729     		cmp	r1, #7
 210 00b2 41DC     		bgt	.L31
 211              	.LBB11:
 247:Core/Src/main.c ****         sum += batVoltage[x][y];
 212              		.loc 1 247 15 view .LVU44
 213 00b4 0023     		movs	r3, #0
 214              	.LBE11:
 215 00b6 1846     		mov	r0, r3
 216 00b8 E7E7     		b	.L20
 217              	.LVL15:
 218              	.L17:
 258:Core/Src/main.c ****         break;
 219              		.loc 1 258 9 is_stmt 1 view .LVU45
 258:Core/Src/main.c ****         break;
 220              		.loc 1 258 39 is_stmt 0 view .LVU46
 221 00ba 264B     		ldr	r3, .L32+20
 222 00bc A3FB0023 		umull	r2, r3, r3, r0
 223 00c0 DB08     		lsrs	r3, r3, #3
 258:Core/Src/main.c ****         break;
 224              		.loc 1 258 32 view .LVU47
 225 00c2 9633     		adds	r3, r3, #150
 258:Core/Src/main.c ****         break;
 226              		.loc 1 258 26 view .LVU48
 227 00c4 244A     		ldr	r2, .L32+24
 228 00c6 22F81130 		strh	r3, [r2, r1, lsl #1]	@ movhi
 259:Core/Src/main.c **** 
 229              		.loc 1 259 9 is_stmt 1 view .LVU49
 230 00ca F0E7     		b	.L19
 231              	.L16:
 262:Core/Src/main.c ****         break;
 232              		.loc 1 262 9 view .LVU50
 262:Core/Src/main.c ****         break;
 233              		.loc 1 262 39 is_stmt 0 view .LVU51
 234 00cc 214B     		ldr	r3, .L32+20
 235 00ce A3FB0023 		umull	r2, r3, r3, r0
 236 00d2 DB08     		lsrs	r3, r3, #3
 262:Core/Src/main.c ****         break;
 237              		.loc 1 262 32 view .LVU52
 238 00d4 8233     		adds	r3, r3, #130
 262:Core/Src/main.c ****         break;
 239              		.loc 1 262 26 view .LVU53
 240 00d6 204A     		ldr	r2, .L32+24
 241 00d8 22F81130 		strh	r3, [r2, r1, lsl #1]	@ movhi
 263:Core/Src/main.c ****       
 242              		.loc 1 263 9 is_stmt 1 view .LVU54
 243 00dc E7E7     		b	.L19
 244              	.L15:
 266:Core/Src/main.c ****         break;
 245              		.loc 1 266 9 view .LVU55
 266:Core/Src/main.c ****         break;
 246              		.loc 1 266 38 is_stmt 0 view .LVU56
 247 00de 1D4B     		ldr	r3, .L32+20
 248 00e0 A3FB0023 		umull	r2, r3, r3, r0
 249 00e4 DB08     		lsrs	r3, r3, #3
ARM GAS  C:\Users\afara\AppData\Local\Temp\cc4P9SUg.s 			page 11


 266:Core/Src/main.c ****         break;
 250              		.loc 1 266 31 view .LVU57
 251 00e6 4633     		adds	r3, r3, #70
 266:Core/Src/main.c ****         break;
 252              		.loc 1 266 26 view .LVU58
 253 00e8 1B4A     		ldr	r2, .L32+24
 254 00ea 22F81130 		strh	r3, [r2, r1, lsl #1]	@ movhi
 267:Core/Src/main.c **** 
 255              		.loc 1 267 9 is_stmt 1 view .LVU59
 256 00ee DEE7     		b	.L19
 257              	.L14:
 270:Core/Src/main.c ****         break;
 258              		.loc 1 270 9 view .LVU60
 270:Core/Src/main.c ****         break;
 259              		.loc 1 270 33 is_stmt 0 view .LVU61
 260 00f0 184B     		ldr	r3, .L32+20
 261 00f2 A3FB0023 		umull	r2, r3, r3, r0
 262 00f6 DB08     		lsrs	r3, r3, #3
 270:Core/Src/main.c ****         break;
 263              		.loc 1 270 44 view .LVU62
 264 00f8 283B     		subs	r3, r3, #40
 270:Core/Src/main.c ****         break;
 265              		.loc 1 270 26 view .LVU63
 266 00fa 174A     		ldr	r2, .L32+24
 267 00fc 22F81130 		strh	r3, [r2, r1, lsl #1]	@ movhi
 271:Core/Src/main.c ****       
 268              		.loc 1 271 9 is_stmt 1 view .LVU64
 269 0100 D5E7     		b	.L19
 270              	.L13:
 274:Core/Src/main.c ****         break;
 271              		.loc 1 274 9 view .LVU65
 274:Core/Src/main.c ****         break;
 272              		.loc 1 274 33 is_stmt 0 view .LVU66
 273 0102 144B     		ldr	r3, .L32+20
 274 0104 A3FB0023 		umull	r2, r3, r3, r0
 275 0108 DB08     		lsrs	r3, r3, #3
 274:Core/Src/main.c ****         break;
 276              		.loc 1 274 44 view .LVU67
 277 010a 733B     		subs	r3, r3, #115
 274:Core/Src/main.c ****         break;
 278              		.loc 1 274 26 view .LVU68
 279 010c 124A     		ldr	r2, .L32+24
 280 010e 22F81130 		strh	r3, [r2, r1, lsl #1]	@ movhi
 275:Core/Src/main.c ****       
 281              		.loc 1 275 9 is_stmt 1 view .LVU69
 282 0112 CCE7     		b	.L19
 283              	.L11:
 278:Core/Src/main.c ****         break;
 284              		.loc 1 278 9 view .LVU70
 278:Core/Src/main.c ****         break;
 285              		.loc 1 278 39 is_stmt 0 view .LVU71
 286 0114 0F4B     		ldr	r3, .L32+20
 287 0116 A3FB0023 		umull	r2, r3, r3, r0
 288 011a DB08     		lsrs	r3, r3, #3
 278:Core/Src/main.c ****         break;
 289              		.loc 1 278 32 view .LVU72
 290 011c 03F5AA73 		add	r3, r3, #340
ARM GAS  C:\Users\afara\AppData\Local\Temp\cc4P9SUg.s 			page 12


 278:Core/Src/main.c ****         break;
 291              		.loc 1 278 26 view .LVU73
 292 0120 0D4A     		ldr	r2, .L32+24
 293 0122 22F81130 		strh	r3, [r2, r1, lsl #1]	@ movhi
 279:Core/Src/main.c **** 
 294              		.loc 1 279 9 is_stmt 1 view .LVU74
 295 0126 C2E7     		b	.L19
 296              	.L10:
 282:Core/Src/main.c ****       }
 297              		.loc 1 282 9 view .LVU75
 282:Core/Src/main.c ****       }
 298              		.loc 1 282 32 is_stmt 0 view .LVU76
 299 0128 0A4B     		ldr	r3, .L32+20
 300 012a A3FB0023 		umull	r2, r3, r3, r0
 301 012e DB08     		lsrs	r3, r3, #3
 282:Core/Src/main.c ****       }
 302              		.loc 1 282 26 view .LVU77
 303 0130 094A     		ldr	r2, .L32+24
 304 0132 22F81130 		strh	r3, [r2, r1, lsl #1]	@ movhi
 305 0136 BAE7     		b	.L19
 306              	.LVL16:
 307              	.L31:
 282:Core/Src/main.c ****       }
 308              		.loc 1 282 26 view .LVU78
 309              	.LBE9:
 285:Core/Src/main.c ****     }
 286:Core/Src/main.c **** 
 287:Core/Src/main.c ****     startTransmit = 1; // Setting the transmit ready flag
 310              		.loc 1 287 5 is_stmt 1 view .LVU79
 311              		.loc 1 287 19 is_stmt 0 view .LVU80
 312 0138 084B     		ldr	r3, .L32+28
 313 013a 0122     		movs	r2, #1
 314 013c 1A70     		strb	r2, [r3]
 315              	.LBE12:
 288:Core/Src/main.c ****   }
 289:Core/Src/main.c **** }
 316              		.loc 1 289 1 view .LVU81
 317 013e 70BD     		pop	{r4, r5, r6, pc}
 318              	.LVL17:
 319              	.L33:
 320              		.loc 1 289 1 view .LVU82
 321              		.align	3
 322              	.L32:
 323 0140 105839B4 		.word	-1271310320
 324 0144 C8B62640 		.word	1076278984
 325 0148 00000000 		.word	hadc1
 326 014c 00000000 		.word	.LANCHOR0
 327 0150 00000000 		.word	.LANCHOR1
 328 0154 CDCCCCCC 		.word	-858993459
 329 0158 00000000 		.word	.LANCHOR2
 330 015c 00000000 		.word	.LANCHOR3
 331              		.cfi_endproc
 332              	.LFE135:
 334              		.section	.text.HAL_UART_RxCpltCallback,"ax",%progbits
 335              		.align	1
 336              		.global	HAL_UART_RxCpltCallback
 337              		.syntax unified
ARM GAS  C:\Users\afara\AppData\Local\Temp\cc4P9SUg.s 			page 13


 338              		.thumb
 339              		.thumb_func
 341              	HAL_UART_RxCpltCallback:
 342              	.LVL18:
 343              	.LFB136:
 290:Core/Src/main.c **** 
 291:Core/Src/main.c **** void HAL_UART_RxCpltCallback(UART_HandleTypeDef *huart)
 292:Core/Src/main.c **** {
 344              		.loc 1 292 1 is_stmt 1 view -0
 345              		.cfi_startproc
 346              		@ args = 0, pretend = 0, frame = 0
 347              		@ frame_needed = 0, uses_anonymous_args = 0
 348              		@ link register save eliminated.
 293:Core/Src/main.c **** 	if (huart == &huart4)
 349              		.loc 1 293 2 view .LVU84
 350              		.loc 1 293 5 is_stmt 0 view .LVU85
 351 0000 034B     		ldr	r3, .L37
 352 0002 8342     		cmp	r3, r0
 353 0004 00D0     		beq	.L36
 354              	.L34:
 294:Core/Src/main.c **** 	{
 295:Core/Src/main.c **** 		rxfull = 1;
 296:Core/Src/main.c **** 	}
 297:Core/Src/main.c **** }
 355              		.loc 1 297 1 view .LVU86
 356 0006 7047     		bx	lr
 357              	.L36:
 295:Core/Src/main.c **** 	}
 358              		.loc 1 295 3 is_stmt 1 view .LVU87
 295:Core/Src/main.c **** 	}
 359              		.loc 1 295 10 is_stmt 0 view .LVU88
 360 0008 024B     		ldr	r3, .L37+4
 361 000a 0122     		movs	r2, #1
 362 000c 1A70     		strb	r2, [r3]
 363              		.loc 1 297 1 view .LVU89
 364 000e FAE7     		b	.L34
 365              	.L38:
 366              		.align	2
 367              	.L37:
 368 0010 00000000 		.word	huart4
 369 0014 00000000 		.word	.LANCHOR4
 370              		.cfi_endproc
 371              	.LFE136:
 373              		.section	.text.HAL_UART_TxCpltCallback,"ax",%progbits
 374              		.align	1
 375              		.global	HAL_UART_TxCpltCallback
 376              		.syntax unified
 377              		.thumb
 378              		.thumb_func
 380              	HAL_UART_TxCpltCallback:
 381              	.LVL19:
 382              	.LFB137:
 298:Core/Src/main.c **** 
 299:Core/Src/main.c **** void HAL_UART_TxCpltCallback(UART_HandleTypeDef *huart)
 300:Core/Src/main.c **** {
 383              		.loc 1 300 1 is_stmt 1 view -0
 384              		.cfi_startproc
ARM GAS  C:\Users\afara\AppData\Local\Temp\cc4P9SUg.s 			page 14


 385              		@ args = 0, pretend = 0, frame = 0
 386              		@ frame_needed = 0, uses_anonymous_args = 0
 387              		@ link register save eliminated.
 301:Core/Src/main.c **** 	if (huart == &huart4)
 388              		.loc 1 301 2 view .LVU91
 389              		.loc 1 301 5 is_stmt 0 view .LVU92
 390 0000 034B     		ldr	r3, .L42
 391 0002 8342     		cmp	r3, r0
 392 0004 00D0     		beq	.L41
 393              	.L39:
 302:Core/Src/main.c **** 	{
 303:Core/Src/main.c **** 		txempty = 1;
 304:Core/Src/main.c **** 	}
 305:Core/Src/main.c **** }
 394              		.loc 1 305 1 view .LVU93
 395 0006 7047     		bx	lr
 396              	.L41:
 303:Core/Src/main.c **** 	}
 397              		.loc 1 303 3 is_stmt 1 view .LVU94
 303:Core/Src/main.c **** 	}
 398              		.loc 1 303 11 is_stmt 0 view .LVU95
 399 0008 024B     		ldr	r3, .L42+4
 400 000a 0122     		movs	r2, #1
 401 000c 1A70     		strb	r2, [r3]
 402              		.loc 1 305 1 view .LVU96
 403 000e FAE7     		b	.L39
 404              	.L43:
 405              		.align	2
 406              	.L42:
 407 0010 00000000 		.word	huart4
 408 0014 00000000 		.word	.LANCHOR5
 409              		.cfi_endproc
 410              	.LFE137:
 412              		.section	.text.Error_Handler,"ax",%progbits
 413              		.align	1
 414              		.global	Error_Handler
 415              		.syntax unified
 416              		.thumb
 417              		.thumb_func
 419              	Error_Handler:
 420              	.LFB138:
 306:Core/Src/main.c **** 
 307:Core/Src/main.c **** /* USER CODE END 4 */
 308:Core/Src/main.c **** 
 309:Core/Src/main.c **** /**
 310:Core/Src/main.c ****   * @brief  This function is executed in case of error occurrence.
 311:Core/Src/main.c ****   * @retval None
 312:Core/Src/main.c ****   */
 313:Core/Src/main.c **** void Error_Handler(void)
 314:Core/Src/main.c **** {
 421              		.loc 1 314 1 is_stmt 1 view -0
 422              		.cfi_startproc
 423              		@ Volatile: function does not return.
 424              		@ args = 0, pretend = 0, frame = 0
 425              		@ frame_needed = 0, uses_anonymous_args = 0
 426              		@ link register save eliminated.
 315:Core/Src/main.c ****   /* USER CODE BEGIN Error_Handler_Debug */
ARM GAS  C:\Users\afara\AppData\Local\Temp\cc4P9SUg.s 			page 15


 316:Core/Src/main.c ****   /* User can add his own implementation to report the HAL error return state */
 317:Core/Src/main.c ****   __disable_irq();
 427              		.loc 1 317 3 view .LVU98
 428              	.LBB13:
 429              	.LBI13:
 430              		.file 2 "Drivers/CMSIS/Include/cmsis_gcc.h"
   1:Drivers/CMSIS/Include/cmsis_gcc.h **** /**************************************************************************//**
   2:Drivers/CMSIS/Include/cmsis_gcc.h ****  * @file     cmsis_gcc.h
   3:Drivers/CMSIS/Include/cmsis_gcc.h ****  * @brief    CMSIS compiler GCC header file
   4:Drivers/CMSIS/Include/cmsis_gcc.h ****  * @version  V5.0.4
   5:Drivers/CMSIS/Include/cmsis_gcc.h ****  * @date     09. April 2018
   6:Drivers/CMSIS/Include/cmsis_gcc.h ****  ******************************************************************************/
   7:Drivers/CMSIS/Include/cmsis_gcc.h **** /*
   8:Drivers/CMSIS/Include/cmsis_gcc.h ****  * Copyright (c) 2009-2018 Arm Limited. All rights reserved.
   9:Drivers/CMSIS/Include/cmsis_gcc.h ****  *
  10:Drivers/CMSIS/Include/cmsis_gcc.h ****  * SPDX-License-Identifier: Apache-2.0
  11:Drivers/CMSIS/Include/cmsis_gcc.h ****  *
  12:Drivers/CMSIS/Include/cmsis_gcc.h ****  * Licensed under the Apache License, Version 2.0 (the License); you may
  13:Drivers/CMSIS/Include/cmsis_gcc.h ****  * not use this file except in compliance with the License.
  14:Drivers/CMSIS/Include/cmsis_gcc.h ****  * You may obtain a copy of the License at
  15:Drivers/CMSIS/Include/cmsis_gcc.h ****  *
  16:Drivers/CMSIS/Include/cmsis_gcc.h ****  * www.apache.org/licenses/LICENSE-2.0
  17:Drivers/CMSIS/Include/cmsis_gcc.h ****  *
  18:Drivers/CMSIS/Include/cmsis_gcc.h ****  * Unless required by applicable law or agreed to in writing, software
  19:Drivers/CMSIS/Include/cmsis_gcc.h ****  * distributed under the License is distributed on an AS IS BASIS, WITHOUT
  20:Drivers/CMSIS/Include/cmsis_gcc.h ****  * WARRANTIES OR CONDITIONS OF ANY KIND, either express or implied.
  21:Drivers/CMSIS/Include/cmsis_gcc.h ****  * See the License for the specific language governing permissions and
  22:Drivers/CMSIS/Include/cmsis_gcc.h ****  * limitations under the License.
  23:Drivers/CMSIS/Include/cmsis_gcc.h ****  */
  24:Drivers/CMSIS/Include/cmsis_gcc.h **** 
  25:Drivers/CMSIS/Include/cmsis_gcc.h **** #ifndef __CMSIS_GCC_H
  26:Drivers/CMSIS/Include/cmsis_gcc.h **** #define __CMSIS_GCC_H
  27:Drivers/CMSIS/Include/cmsis_gcc.h **** 
  28:Drivers/CMSIS/Include/cmsis_gcc.h **** /* ignore some GCC warnings */
  29:Drivers/CMSIS/Include/cmsis_gcc.h **** #pragma GCC diagnostic push
  30:Drivers/CMSIS/Include/cmsis_gcc.h **** #pragma GCC diagnostic ignored "-Wsign-conversion"
  31:Drivers/CMSIS/Include/cmsis_gcc.h **** #pragma GCC diagnostic ignored "-Wconversion"
  32:Drivers/CMSIS/Include/cmsis_gcc.h **** #pragma GCC diagnostic ignored "-Wunused-parameter"
  33:Drivers/CMSIS/Include/cmsis_gcc.h **** 
  34:Drivers/CMSIS/Include/cmsis_gcc.h **** /* Fallback for __has_builtin */
  35:Drivers/CMSIS/Include/cmsis_gcc.h **** #ifndef __has_builtin
  36:Drivers/CMSIS/Include/cmsis_gcc.h ****   #define __has_builtin(x) (0)
  37:Drivers/CMSIS/Include/cmsis_gcc.h **** #endif
  38:Drivers/CMSIS/Include/cmsis_gcc.h **** 
  39:Drivers/CMSIS/Include/cmsis_gcc.h **** /* CMSIS compiler specific defines */
  40:Drivers/CMSIS/Include/cmsis_gcc.h **** #ifndef   __ASM
  41:Drivers/CMSIS/Include/cmsis_gcc.h ****   #define __ASM                                  __asm
  42:Drivers/CMSIS/Include/cmsis_gcc.h **** #endif
  43:Drivers/CMSIS/Include/cmsis_gcc.h **** #ifndef   __INLINE
  44:Drivers/CMSIS/Include/cmsis_gcc.h ****   #define __INLINE                               inline
  45:Drivers/CMSIS/Include/cmsis_gcc.h **** #endif
  46:Drivers/CMSIS/Include/cmsis_gcc.h **** #ifndef   __STATIC_INLINE
  47:Drivers/CMSIS/Include/cmsis_gcc.h ****   #define __STATIC_INLINE                        static inline
  48:Drivers/CMSIS/Include/cmsis_gcc.h **** #endif
  49:Drivers/CMSIS/Include/cmsis_gcc.h **** #ifndef   __STATIC_FORCEINLINE                 
  50:Drivers/CMSIS/Include/cmsis_gcc.h ****   #define __STATIC_FORCEINLINE                   __attribute__((always_inline)) static inline
  51:Drivers/CMSIS/Include/cmsis_gcc.h **** #endif                                           
ARM GAS  C:\Users\afara\AppData\Local\Temp\cc4P9SUg.s 			page 16


  52:Drivers/CMSIS/Include/cmsis_gcc.h **** #ifndef   __NO_RETURN
  53:Drivers/CMSIS/Include/cmsis_gcc.h ****   #define __NO_RETURN                            __attribute__((__noreturn__))
  54:Drivers/CMSIS/Include/cmsis_gcc.h **** #endif
  55:Drivers/CMSIS/Include/cmsis_gcc.h **** #ifndef   __USED
  56:Drivers/CMSIS/Include/cmsis_gcc.h ****   #define __USED                                 __attribute__((used))
  57:Drivers/CMSIS/Include/cmsis_gcc.h **** #endif
  58:Drivers/CMSIS/Include/cmsis_gcc.h **** #ifndef   __WEAK
  59:Drivers/CMSIS/Include/cmsis_gcc.h ****   #define __WEAK                                 __attribute__((weak))
  60:Drivers/CMSIS/Include/cmsis_gcc.h **** #endif
  61:Drivers/CMSIS/Include/cmsis_gcc.h **** #ifndef   __PACKED
  62:Drivers/CMSIS/Include/cmsis_gcc.h ****   #define __PACKED                               __attribute__((packed, aligned(1)))
  63:Drivers/CMSIS/Include/cmsis_gcc.h **** #endif
  64:Drivers/CMSIS/Include/cmsis_gcc.h **** #ifndef   __PACKED_STRUCT
  65:Drivers/CMSIS/Include/cmsis_gcc.h ****   #define __PACKED_STRUCT                        struct __attribute__((packed, aligned(1)))
  66:Drivers/CMSIS/Include/cmsis_gcc.h **** #endif
  67:Drivers/CMSIS/Include/cmsis_gcc.h **** #ifndef   __PACKED_UNION
  68:Drivers/CMSIS/Include/cmsis_gcc.h ****   #define __PACKED_UNION                         union __attribute__((packed, aligned(1)))
  69:Drivers/CMSIS/Include/cmsis_gcc.h **** #endif
  70:Drivers/CMSIS/Include/cmsis_gcc.h **** #ifndef   __UNALIGNED_UINT32        /* deprecated */
  71:Drivers/CMSIS/Include/cmsis_gcc.h ****   #pragma GCC diagnostic push
  72:Drivers/CMSIS/Include/cmsis_gcc.h ****   #pragma GCC diagnostic ignored "-Wpacked"
  73:Drivers/CMSIS/Include/cmsis_gcc.h ****   #pragma GCC diagnostic ignored "-Wattributes"
  74:Drivers/CMSIS/Include/cmsis_gcc.h ****   struct __attribute__((packed)) T_UINT32 { uint32_t v; };
  75:Drivers/CMSIS/Include/cmsis_gcc.h ****   #pragma GCC diagnostic pop
  76:Drivers/CMSIS/Include/cmsis_gcc.h ****   #define __UNALIGNED_UINT32(x)                  (((struct T_UINT32 *)(x))->v)
  77:Drivers/CMSIS/Include/cmsis_gcc.h **** #endif
  78:Drivers/CMSIS/Include/cmsis_gcc.h **** #ifndef   __UNALIGNED_UINT16_WRITE
  79:Drivers/CMSIS/Include/cmsis_gcc.h ****   #pragma GCC diagnostic push
  80:Drivers/CMSIS/Include/cmsis_gcc.h ****   #pragma GCC diagnostic ignored "-Wpacked"
  81:Drivers/CMSIS/Include/cmsis_gcc.h ****   #pragma GCC diagnostic ignored "-Wattributes"
  82:Drivers/CMSIS/Include/cmsis_gcc.h ****   __PACKED_STRUCT T_UINT16_WRITE { uint16_t v; };
  83:Drivers/CMSIS/Include/cmsis_gcc.h ****   #pragma GCC diagnostic pop
  84:Drivers/CMSIS/Include/cmsis_gcc.h ****   #define __UNALIGNED_UINT16_WRITE(addr, val)    (void)((((struct T_UINT16_WRITE *)(void *)(addr))-
  85:Drivers/CMSIS/Include/cmsis_gcc.h **** #endif
  86:Drivers/CMSIS/Include/cmsis_gcc.h **** #ifndef   __UNALIGNED_UINT16_READ
  87:Drivers/CMSIS/Include/cmsis_gcc.h ****   #pragma GCC diagnostic push
  88:Drivers/CMSIS/Include/cmsis_gcc.h ****   #pragma GCC diagnostic ignored "-Wpacked"
  89:Drivers/CMSIS/Include/cmsis_gcc.h ****   #pragma GCC diagnostic ignored "-Wattributes"
  90:Drivers/CMSIS/Include/cmsis_gcc.h ****   __PACKED_STRUCT T_UINT16_READ { uint16_t v; };
  91:Drivers/CMSIS/Include/cmsis_gcc.h ****   #pragma GCC diagnostic pop
  92:Drivers/CMSIS/Include/cmsis_gcc.h ****   #define __UNALIGNED_UINT16_READ(addr)          (((const struct T_UINT16_READ *)(const void *)(add
  93:Drivers/CMSIS/Include/cmsis_gcc.h **** #endif
  94:Drivers/CMSIS/Include/cmsis_gcc.h **** #ifndef   __UNALIGNED_UINT32_WRITE
  95:Drivers/CMSIS/Include/cmsis_gcc.h ****   #pragma GCC diagnostic push
  96:Drivers/CMSIS/Include/cmsis_gcc.h ****   #pragma GCC diagnostic ignored "-Wpacked"
  97:Drivers/CMSIS/Include/cmsis_gcc.h ****   #pragma GCC diagnostic ignored "-Wattributes"
  98:Drivers/CMSIS/Include/cmsis_gcc.h ****   __PACKED_STRUCT T_UINT32_WRITE { uint32_t v; };
  99:Drivers/CMSIS/Include/cmsis_gcc.h ****   #pragma GCC diagnostic pop
 100:Drivers/CMSIS/Include/cmsis_gcc.h ****   #define __UNALIGNED_UINT32_WRITE(addr, val)    (void)((((struct T_UINT32_WRITE *)(void *)(addr))-
 101:Drivers/CMSIS/Include/cmsis_gcc.h **** #endif
 102:Drivers/CMSIS/Include/cmsis_gcc.h **** #ifndef   __UNALIGNED_UINT32_READ
 103:Drivers/CMSIS/Include/cmsis_gcc.h ****   #pragma GCC diagnostic push
 104:Drivers/CMSIS/Include/cmsis_gcc.h ****   #pragma GCC diagnostic ignored "-Wpacked"
 105:Drivers/CMSIS/Include/cmsis_gcc.h ****   #pragma GCC diagnostic ignored "-Wattributes"
 106:Drivers/CMSIS/Include/cmsis_gcc.h ****   __PACKED_STRUCT T_UINT32_READ { uint32_t v; };
 107:Drivers/CMSIS/Include/cmsis_gcc.h ****   #pragma GCC diagnostic pop
 108:Drivers/CMSIS/Include/cmsis_gcc.h ****   #define __UNALIGNED_UINT32_READ(addr)          (((const struct T_UINT32_READ *)(const void *)(add
ARM GAS  C:\Users\afara\AppData\Local\Temp\cc4P9SUg.s 			page 17


 109:Drivers/CMSIS/Include/cmsis_gcc.h **** #endif
 110:Drivers/CMSIS/Include/cmsis_gcc.h **** #ifndef   __ALIGNED
 111:Drivers/CMSIS/Include/cmsis_gcc.h ****   #define __ALIGNED(x)                           __attribute__((aligned(x)))
 112:Drivers/CMSIS/Include/cmsis_gcc.h **** #endif
 113:Drivers/CMSIS/Include/cmsis_gcc.h **** #ifndef   __RESTRICT
 114:Drivers/CMSIS/Include/cmsis_gcc.h ****   #define __RESTRICT                             __restrict
 115:Drivers/CMSIS/Include/cmsis_gcc.h **** #endif
 116:Drivers/CMSIS/Include/cmsis_gcc.h **** 
 117:Drivers/CMSIS/Include/cmsis_gcc.h **** 
 118:Drivers/CMSIS/Include/cmsis_gcc.h **** /* ###########################  Core Function Access  ########################### */
 119:Drivers/CMSIS/Include/cmsis_gcc.h **** /** \ingroup  CMSIS_Core_FunctionInterface
 120:Drivers/CMSIS/Include/cmsis_gcc.h ****     \defgroup CMSIS_Core_RegAccFunctions CMSIS Core Register Access Functions
 121:Drivers/CMSIS/Include/cmsis_gcc.h ****   @{
 122:Drivers/CMSIS/Include/cmsis_gcc.h ****  */
 123:Drivers/CMSIS/Include/cmsis_gcc.h **** 
 124:Drivers/CMSIS/Include/cmsis_gcc.h **** /**
 125:Drivers/CMSIS/Include/cmsis_gcc.h ****   \brief   Enable IRQ Interrupts
 126:Drivers/CMSIS/Include/cmsis_gcc.h ****   \details Enables IRQ interrupts by clearing the I-bit in the CPSR.
 127:Drivers/CMSIS/Include/cmsis_gcc.h ****            Can only be executed in Privileged modes.
 128:Drivers/CMSIS/Include/cmsis_gcc.h ****  */
 129:Drivers/CMSIS/Include/cmsis_gcc.h **** __STATIC_FORCEINLINE void __enable_irq(void)
 130:Drivers/CMSIS/Include/cmsis_gcc.h **** {
 131:Drivers/CMSIS/Include/cmsis_gcc.h ****   __ASM volatile ("cpsie i" : : : "memory");
 132:Drivers/CMSIS/Include/cmsis_gcc.h **** }
 133:Drivers/CMSIS/Include/cmsis_gcc.h **** 
 134:Drivers/CMSIS/Include/cmsis_gcc.h **** 
 135:Drivers/CMSIS/Include/cmsis_gcc.h **** /**
 136:Drivers/CMSIS/Include/cmsis_gcc.h ****   \brief   Disable IRQ Interrupts
 137:Drivers/CMSIS/Include/cmsis_gcc.h ****   \details Disables IRQ interrupts by setting the I-bit in the CPSR.
 138:Drivers/CMSIS/Include/cmsis_gcc.h ****            Can only be executed in Privileged modes.
 139:Drivers/CMSIS/Include/cmsis_gcc.h ****  */
 140:Drivers/CMSIS/Include/cmsis_gcc.h **** __STATIC_FORCEINLINE void __disable_irq(void)
 431              		.loc 2 140 27 view .LVU99
 432              	.LBB14:
 141:Drivers/CMSIS/Include/cmsis_gcc.h **** {
 142:Drivers/CMSIS/Include/cmsis_gcc.h ****   __ASM volatile ("cpsid i" : : : "memory");
 433              		.loc 2 142 3 view .LVU100
 434              		.syntax unified
 435              	@ 142 "Drivers/CMSIS/Include/cmsis_gcc.h" 1
 436 0000 72B6     		cpsid i
 437              	@ 0 "" 2
 438              		.thumb
 439              		.syntax unified
 440              	.L45:
 441              	.LBE14:
 442              	.LBE13:
 318:Core/Src/main.c ****   while (1)
 443              		.loc 1 318 3 discriminator 1 view .LVU101
 319:Core/Src/main.c ****   {
 320:Core/Src/main.c ****   }
 444              		.loc 1 320 3 discriminator 1 view .LVU102
 318:Core/Src/main.c ****   while (1)
 445              		.loc 1 318 9 discriminator 1 view .LVU103
 446 0002 FEE7     		b	.L45
 447              		.cfi_endproc
 448              	.LFE138:
 450              		.section	.text.SystemClock_Config,"ax",%progbits
ARM GAS  C:\Users\afara\AppData\Local\Temp\cc4P9SUg.s 			page 18


 451              		.align	1
 452              		.global	SystemClock_Config
 453              		.syntax unified
 454              		.thumb
 455              		.thumb_func
 457              	SystemClock_Config:
 458              	.LFB134:
 181:Core/Src/main.c ****   RCC_OscInitTypeDef RCC_OscInitStruct = {0};
 459              		.loc 1 181 1 view -0
 460              		.cfi_startproc
 461              		@ args = 0, pretend = 0, frame = 120
 462              		@ frame_needed = 0, uses_anonymous_args = 0
 463 0000 00B5     		push	{lr}
 464              	.LCFI3:
 465              		.cfi_def_cfa_offset 4
 466              		.cfi_offset 14, -4
 467 0002 9FB0     		sub	sp, sp, #124
 468              	.LCFI4:
 469              		.cfi_def_cfa_offset 128
 182:Core/Src/main.c ****   RCC_ClkInitTypeDef RCC_ClkInitStruct = {0};
 470              		.loc 1 182 3 view .LVU105
 182:Core/Src/main.c ****   RCC_ClkInitTypeDef RCC_ClkInitStruct = {0};
 471              		.loc 1 182 22 is_stmt 0 view .LVU106
 472 0004 2822     		movs	r2, #40
 473 0006 0021     		movs	r1, #0
 474 0008 14A8     		add	r0, sp, #80
 475 000a FFF7FEFF 		bl	memset
 476              	.LVL20:
 183:Core/Src/main.c ****   RCC_PeriphCLKInitTypeDef PeriphClkInit = {0};
 477              		.loc 1 183 3 is_stmt 1 view .LVU107
 183:Core/Src/main.c ****   RCC_PeriphCLKInitTypeDef PeriphClkInit = {0};
 478              		.loc 1 183 22 is_stmt 0 view .LVU108
 479 000e 0021     		movs	r1, #0
 480 0010 0F91     		str	r1, [sp, #60]
 481 0012 1091     		str	r1, [sp, #64]
 482 0014 1191     		str	r1, [sp, #68]
 483 0016 1291     		str	r1, [sp, #72]
 484 0018 1391     		str	r1, [sp, #76]
 184:Core/Src/main.c **** 
 485              		.loc 1 184 3 is_stmt 1 view .LVU109
 184:Core/Src/main.c **** 
 486              		.loc 1 184 28 is_stmt 0 view .LVU110
 487 001a 3C22     		movs	r2, #60
 488 001c 6846     		mov	r0, sp
 489 001e FFF7FEFF 		bl	memset
 490              	.LVL21:
 189:Core/Src/main.c ****   RCC_OscInitStruct.HSEState = RCC_HSE_BYPASS;
 491              		.loc 1 189 3 is_stmt 1 view .LVU111
 189:Core/Src/main.c ****   RCC_OscInitStruct.HSEState = RCC_HSE_BYPASS;
 492              		.loc 1 189 36 is_stmt 0 view .LVU112
 493 0022 0123     		movs	r3, #1
 494 0024 1493     		str	r3, [sp, #80]
 190:Core/Src/main.c ****   RCC_OscInitStruct.HSEPredivValue = RCC_HSE_PREDIV_DIV1;
 495              		.loc 1 190 3 is_stmt 1 view .LVU113
 190:Core/Src/main.c ****   RCC_OscInitStruct.HSEPredivValue = RCC_HSE_PREDIV_DIV1;
 496              		.loc 1 190 30 is_stmt 0 view .LVU114
 497 0026 4FF4A022 		mov	r2, #327680
ARM GAS  C:\Users\afara\AppData\Local\Temp\cc4P9SUg.s 			page 19


 498 002a 1592     		str	r2, [sp, #84]
 191:Core/Src/main.c ****   RCC_OscInitStruct.HSIState = RCC_HSI_ON;
 499              		.loc 1 191 3 is_stmt 1 view .LVU115
 192:Core/Src/main.c ****   RCC_OscInitStruct.PLL.PLLState = RCC_PLL_ON;
 500              		.loc 1 192 3 view .LVU116
 192:Core/Src/main.c ****   RCC_OscInitStruct.PLL.PLLState = RCC_PLL_ON;
 501              		.loc 1 192 30 is_stmt 0 view .LVU117
 502 002c 1893     		str	r3, [sp, #96]
 193:Core/Src/main.c ****   RCC_OscInitStruct.PLL.PLLSource = RCC_PLLSOURCE_HSE;
 503              		.loc 1 193 3 is_stmt 1 view .LVU118
 193:Core/Src/main.c ****   RCC_OscInitStruct.PLL.PLLSource = RCC_PLLSOURCE_HSE;
 504              		.loc 1 193 34 is_stmt 0 view .LVU119
 505 002e 0223     		movs	r3, #2
 506 0030 1B93     		str	r3, [sp, #108]
 194:Core/Src/main.c ****   RCC_OscInitStruct.PLL.PLLMUL = RCC_PLL_MUL9;
 507              		.loc 1 194 3 is_stmt 1 view .LVU120
 194:Core/Src/main.c ****   RCC_OscInitStruct.PLL.PLLMUL = RCC_PLL_MUL9;
 508              		.loc 1 194 35 is_stmt 0 view .LVU121
 509 0032 4FF48033 		mov	r3, #65536
 510 0036 1C93     		str	r3, [sp, #112]
 195:Core/Src/main.c ****   if (HAL_RCC_OscConfig(&RCC_OscInitStruct) != HAL_OK)
 511              		.loc 1 195 3 is_stmt 1 view .LVU122
 195:Core/Src/main.c ****   if (HAL_RCC_OscConfig(&RCC_OscInitStruct) != HAL_OK)
 512              		.loc 1 195 32 is_stmt 0 view .LVU123
 513 0038 4FF4E013 		mov	r3, #1835008
 514 003c 1D93     		str	r3, [sp, #116]
 196:Core/Src/main.c ****   {
 515              		.loc 1 196 3 is_stmt 1 view .LVU124
 196:Core/Src/main.c ****   {
 516              		.loc 1 196 7 is_stmt 0 view .LVU125
 517 003e 14A8     		add	r0, sp, #80
 518 0040 FFF7FEFF 		bl	HAL_RCC_OscConfig
 519              	.LVL22:
 196:Core/Src/main.c ****   {
 520              		.loc 1 196 6 view .LVU126
 521 0044 D8B9     		cbnz	r0, .L51
 203:Core/Src/main.c ****                               |RCC_CLOCKTYPE_PCLK1|RCC_CLOCKTYPE_PCLK2;
 522              		.loc 1 203 3 is_stmt 1 view .LVU127
 203:Core/Src/main.c ****                               |RCC_CLOCKTYPE_PCLK1|RCC_CLOCKTYPE_PCLK2;
 523              		.loc 1 203 31 is_stmt 0 view .LVU128
 524 0046 0F23     		movs	r3, #15
 525 0048 0F93     		str	r3, [sp, #60]
 205:Core/Src/main.c ****   RCC_ClkInitStruct.AHBCLKDivider = RCC_SYSCLK_DIV1;
 526              		.loc 1 205 3 is_stmt 1 view .LVU129
 205:Core/Src/main.c ****   RCC_ClkInitStruct.AHBCLKDivider = RCC_SYSCLK_DIV1;
 527              		.loc 1 205 34 is_stmt 0 view .LVU130
 528 004a 0221     		movs	r1, #2
 529 004c 1091     		str	r1, [sp, #64]
 206:Core/Src/main.c ****   RCC_ClkInitStruct.APB1CLKDivider = RCC_HCLK_DIV2;
 530              		.loc 1 206 3 is_stmt 1 view .LVU131
 206:Core/Src/main.c ****   RCC_ClkInitStruct.APB1CLKDivider = RCC_HCLK_DIV2;
 531              		.loc 1 206 35 is_stmt 0 view .LVU132
 532 004e 0023     		movs	r3, #0
 533 0050 1193     		str	r3, [sp, #68]
 207:Core/Src/main.c ****   RCC_ClkInitStruct.APB2CLKDivider = RCC_HCLK_DIV1;
 534              		.loc 1 207 3 is_stmt 1 view .LVU133
 207:Core/Src/main.c ****   RCC_ClkInitStruct.APB2CLKDivider = RCC_HCLK_DIV1;
ARM GAS  C:\Users\afara\AppData\Local\Temp\cc4P9SUg.s 			page 20


 535              		.loc 1 207 36 is_stmt 0 view .LVU134
 536 0052 4FF48062 		mov	r2, #1024
 537 0056 1292     		str	r2, [sp, #72]
 208:Core/Src/main.c **** 
 538              		.loc 1 208 3 is_stmt 1 view .LVU135
 208:Core/Src/main.c **** 
 539              		.loc 1 208 36 is_stmt 0 view .LVU136
 540 0058 1393     		str	r3, [sp, #76]
 210:Core/Src/main.c ****   {
 541              		.loc 1 210 3 is_stmt 1 view .LVU137
 210:Core/Src/main.c ****   {
 542              		.loc 1 210 7 is_stmt 0 view .LVU138
 543 005a 0FA8     		add	r0, sp, #60
 544 005c FFF7FEFF 		bl	HAL_RCC_ClockConfig
 545              	.LVL23:
 210:Core/Src/main.c ****   {
 546              		.loc 1 210 6 view .LVU139
 547 0060 78B9     		cbnz	r0, .L52
 214:Core/Src/main.c ****   PeriphClkInit.Uart4ClockSelection = RCC_UART4CLKSOURCE_PCLK1;
 548              		.loc 1 214 3 is_stmt 1 view .LVU140
 214:Core/Src/main.c ****   PeriphClkInit.Uart4ClockSelection = RCC_UART4CLKSOURCE_PCLK1;
 549              		.loc 1 214 38 is_stmt 0 view .LVU141
 550 0062 8823     		movs	r3, #136
 551 0064 0093     		str	r3, [sp]
 215:Core/Src/main.c ****   PeriphClkInit.Adc12ClockSelection = RCC_ADC12PLLCLK_DIV1;
 552              		.loc 1 215 3 is_stmt 1 view .LVU142
 215:Core/Src/main.c ****   PeriphClkInit.Adc12ClockSelection = RCC_ADC12PLLCLK_DIV1;
 553              		.loc 1 215 37 is_stmt 0 view .LVU143
 554 0066 0023     		movs	r3, #0
 555 0068 0593     		str	r3, [sp, #20]
 216:Core/Src/main.c ****   if (HAL_RCCEx_PeriphCLKConfig(&PeriphClkInit) != HAL_OK)
 556              		.loc 1 216 3 is_stmt 1 view .LVU144
 216:Core/Src/main.c ****   if (HAL_RCCEx_PeriphCLKConfig(&PeriphClkInit) != HAL_OK)
 557              		.loc 1 216 37 is_stmt 0 view .LVU145
 558 006a 4FF48073 		mov	r3, #256
 559 006e 0993     		str	r3, [sp, #36]
 217:Core/Src/main.c ****   {
 560              		.loc 1 217 3 is_stmt 1 view .LVU146
 217:Core/Src/main.c ****   {
 561              		.loc 1 217 7 is_stmt 0 view .LVU147
 562 0070 6846     		mov	r0, sp
 563 0072 FFF7FEFF 		bl	HAL_RCCEx_PeriphCLKConfig
 564              	.LVL24:
 217:Core/Src/main.c ****   {
 565              		.loc 1 217 6 view .LVU148
 566 0076 30B9     		cbnz	r0, .L53
 221:Core/Src/main.c **** 
 567              		.loc 1 221 1 view .LVU149
 568 0078 1FB0     		add	sp, sp, #124
 569              	.LCFI5:
 570              		.cfi_remember_state
 571              		.cfi_def_cfa_offset 4
 572              		@ sp needed
 573 007a 5DF804FB 		ldr	pc, [sp], #4
 574              	.L51:
 575              	.LCFI6:
 576              		.cfi_restore_state
ARM GAS  C:\Users\afara\AppData\Local\Temp\cc4P9SUg.s 			page 21


 198:Core/Src/main.c ****   }
 577              		.loc 1 198 5 is_stmt 1 view .LVU150
 578 007e FFF7FEFF 		bl	Error_Handler
 579              	.LVL25:
 580              	.L52:
 212:Core/Src/main.c ****   }
 581              		.loc 1 212 5 view .LVU151
 582 0082 FFF7FEFF 		bl	Error_Handler
 583              	.LVL26:
 584              	.L53:
 219:Core/Src/main.c ****   }
 585              		.loc 1 219 5 view .LVU152
 586 0086 FFF7FEFF 		bl	Error_Handler
 587              	.LVL27:
 588              		.cfi_endproc
 589              	.LFE134:
 591              		.section	.rodata.main.str1.4,"aMS",%progbits,1
 592              		.align	2
 593              	.LC0:
 594 0000 5B414443 		.ascii	"[ADC1] = %dmv, [ADC2] = %dmv, [ADC3] = %dmv, [ADC4]"
 594      315D203D 
 594      2025646D 
 594      762C205B 
 594      41444332 
 595 0033 203D2025 		.ascii	" = %dmv, [ADC5] = %dmv, [ADC6] = %dmv, [ADC7] = %dm"
 595      646D762C 
 595      205B4144 
 595      43355D20 
 595      3D202564 
 596 0066 762C205B 		.ascii	"v, [BATVOL] = %dmv\015\012\000"
 596      42415456 
 596      4F4C5D20 
 596      3D202564 
 596      6D760D0A 
 597              		.section	.text.main,"ax",%progbits
 598              		.align	1
 599              		.global	main
 600              		.syntax unified
 601              		.thumb
 602              		.thumb_func
 604              	main:
 605              	.LFB133:
  99:Core/Src/main.c ****   /* USER CODE BEGIN 1 */
 606              		.loc 1 99 1 view -0
 607              		.cfi_startproc
 608              		@ args = 0, pretend = 0, frame = 384
 609              		@ frame_needed = 0, uses_anonymous_args = 0
 610 0000 70B5     		push	{r4, r5, r6, lr}
 611              	.LCFI7:
 612              		.cfi_def_cfa_offset 16
 613              		.cfi_offset 4, -16
 614              		.cfi_offset 5, -12
 615              		.cfi_offset 6, -8
 616              		.cfi_offset 14, -4
 617 0002 E6B0     		sub	sp, sp, #408
 618              	.LCFI8:
 619              		.cfi_def_cfa_offset 424
ARM GAS  C:\Users\afara\AppData\Local\Temp\cc4P9SUg.s 			page 22


 107:Core/Src/main.c **** 
 620              		.loc 1 107 3 view .LVU154
 621 0004 FFF7FEFF 		bl	HAL_Init
 622              	.LVL28:
 114:Core/Src/main.c **** 
 623              		.loc 1 114 3 view .LVU155
 624 0008 FFF7FEFF 		bl	SystemClock_Config
 625              	.LVL29:
 121:Core/Src/main.c ****   MX_DMA_Init();
 626              		.loc 1 121 3 view .LVU156
 627 000c FFF7FEFF 		bl	MX_GPIO_Init
 628              	.LVL30:
 122:Core/Src/main.c ****   MX_ADC1_Init();
 629              		.loc 1 122 3 view .LVU157
 630 0010 FFF7FEFF 		bl	MX_DMA_Init
 631              	.LVL31:
 123:Core/Src/main.c ****   MX_UART4_Init();
 632              		.loc 1 123 3 view .LVU158
 633 0014 FFF7FEFF 		bl	MX_ADC1_Init
 634              	.LVL32:
 124:Core/Src/main.c ****   MX_TIM16_Init();
 635              		.loc 1 124 3 view .LVU159
 636 0018 FFF7FEFF 		bl	MX_UART4_Init
 637              	.LVL33:
 125:Core/Src/main.c ****   /* USER CODE BEGIN 2 */
 638              		.loc 1 125 3 view .LVU160
 639 001c FFF7FEFF 		bl	MX_TIM16_Init
 640              	.LVL34:
 128:Core/Src/main.c ****   memset(buffer, 0 , BUF_SIZE); // Init buffer
 641              		.loc 1 128 3 view .LVU161
 129:Core/Src/main.c ****   
 642              		.loc 1 129 3 view .LVU162
 643 0020 4FF48072 		mov	r2, #256
 644 0024 0021     		movs	r1, #0
 645 0026 25A8     		add	r0, sp, #148
 646 0028 FFF7FEFF 		bl	memset
 647              	.LVL35:
 131:Core/Src/main.c ****   
 648              		.loc 1 131 3 view .LVU163
 131:Core/Src/main.c ****   
 649              		.loc 1 131 14 is_stmt 0 view .LVU164
 650 002c 7B22     		movs	r2, #123
 651 002e 2F49     		ldr	r1, .L68
 652 0030 06A8     		add	r0, sp, #24
 653 0032 FFF7FEFF 		bl	memcpy
 654              	.LVL36:
 133:Core/Src/main.c **** 
 655              		.loc 1 133 3 is_stmt 1 view .LVU165
 135:Core/Src/main.c ****   if(ret != HAL_OK) Error_Handler();
 656              		.loc 1 135 3 view .LVU166
 135:Core/Src/main.c ****   if(ret != HAL_OK) Error_Handler();
 657              		.loc 1 135 9 is_stmt 0 view .LVU167
 658 0036 0021     		movs	r1, #0
 659 0038 2D48     		ldr	r0, .L68+4
 660 003a FFF7FEFF 		bl	HAL_ADCEx_Calibration_Start
 661              	.LVL37:
 136:Core/Src/main.c **** 
ARM GAS  C:\Users\afara\AppData\Local\Temp\cc4P9SUg.s 			page 23


 662              		.loc 1 136 3 is_stmt 1 view .LVU168
 136:Core/Src/main.c **** 
 663              		.loc 1 136 5 is_stmt 0 view .LVU169
 664 003e 08B1     		cbz	r0, .L55
 136:Core/Src/main.c **** 
 665              		.loc 1 136 21 is_stmt 1 discriminator 1 view .LVU170
 666 0040 FFF7FEFF 		bl	Error_Handler
 667              	.LVL38:
 668              	.L55:
 138:Core/Src/main.c ****   if(ret != HAL_OK) Error_Handler();
 669              		.loc 1 138 3 view .LVU171
 138:Core/Src/main.c ****   if(ret != HAL_OK) Error_Handler();
 670              		.loc 1 138 9 is_stmt 0 view .LVU172
 671 0044 0822     		movs	r2, #8
 672 0046 2B49     		ldr	r1, .L68+8
 673 0048 2948     		ldr	r0, .L68+4
 674              	.LVL39:
 138:Core/Src/main.c ****   if(ret != HAL_OK) Error_Handler();
 675              		.loc 1 138 9 view .LVU173
 676 004a FFF7FEFF 		bl	HAL_ADC_Start_DMA
 677              	.LVL40:
 139:Core/Src/main.c **** 
 678              		.loc 1 139 3 is_stmt 1 view .LVU174
 139:Core/Src/main.c **** 
 679              		.loc 1 139 5 is_stmt 0 view .LVU175
 680 004e 08B1     		cbz	r0, .L56
 139:Core/Src/main.c **** 
 681              		.loc 1 139 21 is_stmt 1 discriminator 1 view .LVU176
 682 0050 FFF7FEFF 		bl	Error_Handler
 683              	.LVL41:
 684              	.L56:
 141:Core/Src/main.c ****   if(ret != HAL_OK) Error_Handler();
 685              		.loc 1 141 3 view .LVU177
 141:Core/Src/main.c ****   if(ret != HAL_OK) Error_Handler();
 686              		.loc 1 141 9 is_stmt 0 view .LVU178
 687 0054 2848     		ldr	r0, .L68+12
 688              	.LVL42:
 141:Core/Src/main.c ****   if(ret != HAL_OK) Error_Handler();
 689              		.loc 1 141 9 view .LVU179
 690 0056 FFF7FEFF 		bl	HAL_TIM_Base_Start
 691              	.LVL43:
 142:Core/Src/main.c ****   
 692              		.loc 1 142 3 is_stmt 1 view .LVU180
 142:Core/Src/main.c ****   
 693              		.loc 1 142 5 is_stmt 0 view .LVU181
 694 005a 0028     		cmp	r0, #0
 695 005c 3FD1     		bne	.L65
 144:Core/Src/main.c ****   uint16_t timerVal = __HAL_TIM_GET_COUNTER(&htim16); // Init timerVal
 696              		.loc 1 144 3 is_stmt 1 view .LVU182
 144:Core/Src/main.c ****   uint16_t timerVal = __HAL_TIM_GET_COUNTER(&htim16); // Init timerVal
 697              		.loc 1 144 11 is_stmt 0 view .LVU183
 698 005e 274B     		ldr	r3, .L68+16
 699 0060 0122     		movs	r2, #1
 700 0062 1A70     		strb	r2, [r3]
 145:Core/Src/main.c **** 
 701              		.loc 1 145 3 is_stmt 1 view .LVU184
 145:Core/Src/main.c **** 
ARM GAS  C:\Users\afara\AppData\Local\Temp\cc4P9SUg.s 			page 24


 702              		.loc 1 145 23 is_stmt 0 view .LVU185
 703 0064 244B     		ldr	r3, .L68+12
 704 0066 1B68     		ldr	r3, [r3]
 705 0068 596A     		ldr	r1, [r3, #36]
 145:Core/Src/main.c **** 
 706              		.loc 1 145 12 view .LVU186
 707 006a 89B2     		uxth	r1, r1
 708              	.LVL44:
 709              	.L58:
 151:Core/Src/main.c ****   {
 710              		.loc 1 151 3 is_stmt 1 view .LVU187
 153:Core/Src/main.c ****     {      
 711              		.loc 1 153 5 view .LVU188
 153:Core/Src/main.c ****     {      
 712              		.loc 1 153 8 is_stmt 0 view .LVU189
 713 006c 224B     		ldr	r3, .L68+12
 714 006e 1B68     		ldr	r3, [r3]
 715 0070 5B6A     		ldr	r3, [r3, #36]
 153:Core/Src/main.c ****     {      
 716              		.loc 1 153 39 view .LVU190
 717 0072 5B1A     		subs	r3, r3, r1
 153:Core/Src/main.c ****     {      
 718              		.loc 1 153 7 view .LVU191
 719 0074 44F61F62 		movw	r2, #19999
 720 0078 9342     		cmp	r3, r2
 721 007a F7D9     		bls	.L58
 153:Core/Src/main.c ****     {      
 722              		.loc 1 153 79 discriminator 1 view .LVU192
 723 007c 204B     		ldr	r3, .L68+20
 724 007e 1B78     		ldrb	r3, [r3]	@ zero_extendqisi2
 153:Core/Src/main.c ****     {      
 725              		.loc 1 153 62 discriminator 1 view .LVU193
 726 0080 012B     		cmp	r3, #1
 727 0082 F3D1     		bne	.L58
 155:Core/Src/main.c ****       
 728              		.loc 1 155 7 is_stmt 1 view .LVU194
 155:Core/Src/main.c ****       
 729              		.loc 1 155 44 is_stmt 0 view .LVU195
 730 0084 1F4A     		ldr	r2, .L68+24
 155:Core/Src/main.c ****       
 731              		.loc 1 155 80 view .LVU196
 732 0086 9388     		ldrh	r3, [r2, #4]
 155:Core/Src/main.c ****       
 733              		.loc 1 155 98 view .LVU197
 734 0088 D188     		ldrh	r1, [r2, #6]
 735              	.LVL45:
 155:Core/Src/main.c ****       
 736              		.loc 1 155 116 view .LVU198
 737 008a 1089     		ldrh	r0, [r2, #8]
 738              	.LVL46:
 155:Core/Src/main.c ****       
 739              		.loc 1 155 134 view .LVU199
 740 008c 5489     		ldrh	r4, [r2, #10]
 155:Core/Src/main.c ****       
 741              		.loc 1 155 152 view .LVU200
 742 008e 9589     		ldrh	r5, [r2, #12]
 155:Core/Src/main.c ****       
ARM GAS  C:\Users\afara\AppData\Local\Temp\cc4P9SUg.s 			page 25


 743              		.loc 1 155 170 view .LVU201
 744 0090 D689     		ldrh	r6, [r2, #14]
 155:Core/Src/main.c ****       
 745              		.loc 1 155 7 view .LVU202
 746 0092 0596     		str	r6, [sp, #20]
 747 0094 0495     		str	r5, [sp, #16]
 748 0096 0394     		str	r4, [sp, #12]
 749 0098 0290     		str	r0, [sp, #8]
 750 009a 0191     		str	r1, [sp, #4]
 751 009c 0093     		str	r3, [sp]
 752 009e 5388     		ldrh	r3, [r2, #2]
 753 00a0 1288     		ldrh	r2, [r2]
 754 00a2 06A9     		add	r1, sp, #24
 755 00a4 25A8     		add	r0, sp, #148
 756 00a6 FFF7FEFF 		bl	sprintf
 757              	.LVL47:
 157:Core/Src/main.c ****       while(txempty == 0);
 758              		.loc 1 157 7 is_stmt 1 view .LVU203
 157:Core/Src/main.c ****       while(txempty == 0);
 759              		.loc 1 157 21 is_stmt 0 view .LVU204
 760 00aa 154B     		ldr	r3, .L68+20
 761 00ac 0022     		movs	r2, #0
 762 00ae 1A70     		strb	r2, [r3]
 158:Core/Src/main.c ****       ret = HAL_UART_Transmit_DMA(&huart4, (uint8_t *)buffer, BUF_SIZE);
 763              		.loc 1 158 7 is_stmt 1 view .LVU205
 764              	.L60:
 158:Core/Src/main.c ****       ret = HAL_UART_Transmit_DMA(&huart4, (uint8_t *)buffer, BUF_SIZE);
 765              		.loc 1 158 26 discriminator 1 view .LVU206
 158:Core/Src/main.c ****       ret = HAL_UART_Transmit_DMA(&huart4, (uint8_t *)buffer, BUF_SIZE);
 766              		.loc 1 158 12 discriminator 1 view .LVU207
 158:Core/Src/main.c ****       ret = HAL_UART_Transmit_DMA(&huart4, (uint8_t *)buffer, BUF_SIZE);
 767              		.loc 1 158 21 is_stmt 0 discriminator 1 view .LVU208
 768 00b0 124B     		ldr	r3, .L68+16
 769 00b2 1B78     		ldrb	r3, [r3]	@ zero_extendqisi2
 158:Core/Src/main.c ****       ret = HAL_UART_Transmit_DMA(&huart4, (uint8_t *)buffer, BUF_SIZE);
 770              		.loc 1 158 12 discriminator 1 view .LVU209
 771 00b4 002B     		cmp	r3, #0
 772 00b6 FBD0     		beq	.L60
 159:Core/Src/main.c ****       if(ret != HAL_OK) Error_Handler();
 773              		.loc 1 159 7 is_stmt 1 view .LVU210
 159:Core/Src/main.c ****       if(ret != HAL_OK) Error_Handler();
 774              		.loc 1 159 13 is_stmt 0 view .LVU211
 775 00b8 4FF48072 		mov	r2, #256
 776 00bc 25A9     		add	r1, sp, #148
 777 00be 1248     		ldr	r0, .L68+28
 778 00c0 FFF7FEFF 		bl	HAL_UART_Transmit_DMA
 779              	.LVL48:
 160:Core/Src/main.c ****       txempty = 0;
 780              		.loc 1 160 7 is_stmt 1 view .LVU212
 160:Core/Src/main.c ****       txempty = 0;
 781              		.loc 1 160 9 is_stmt 0 view .LVU213
 782 00c4 68B9     		cbnz	r0, .L66
 161:Core/Src/main.c **** 
 783              		.loc 1 161 7 is_stmt 1 view .LVU214
 161:Core/Src/main.c **** 
 784              		.loc 1 161 15 is_stmt 0 view .LVU215
 785 00c6 0D4B     		ldr	r3, .L68+16
ARM GAS  C:\Users\afara\AppData\Local\Temp\cc4P9SUg.s 			page 26


 786 00c8 0022     		movs	r2, #0
 787 00ca 1A70     		strb	r2, [r3]
 163:Core/Src/main.c ****       if(ret != HAL_OK) Error_Handler();
 788              		.loc 1 163 7 is_stmt 1 view .LVU216
 163:Core/Src/main.c ****       if(ret != HAL_OK) Error_Handler();
 789              		.loc 1 163 13 is_stmt 0 view .LVU217
 790 00cc 0848     		ldr	r0, .L68+4
 791              	.LVL49:
 163:Core/Src/main.c ****       if(ret != HAL_OK) Error_Handler();
 792              		.loc 1 163 13 view .LVU218
 793 00ce FFF7FEFF 		bl	HAL_ADC_Start
 794              	.LVL50:
 164:Core/Src/main.c ****       
 795              		.loc 1 164 7 is_stmt 1 view .LVU219
 164:Core/Src/main.c ****       
 796              		.loc 1 164 9 is_stmt 0 view .LVU220
 797 00d2 40B9     		cbnz	r0, .L67
 166:Core/Src/main.c ****     }
 798              		.loc 1 166 7 is_stmt 1 view .LVU221
 166:Core/Src/main.c ****     }
 799              		.loc 1 166 18 is_stmt 0 view .LVU222
 800 00d4 084B     		ldr	r3, .L68+12
 801 00d6 1B68     		ldr	r3, [r3]
 802 00d8 596A     		ldr	r1, [r3, #36]
 166:Core/Src/main.c ****     }
 803              		.loc 1 166 16 view .LVU223
 804 00da 89B2     		uxth	r1, r1
 805              	.LVL51:
 166:Core/Src/main.c ****     }
 806              		.loc 1 166 16 view .LVU224
 807 00dc C6E7     		b	.L58
 808              	.LVL52:
 809              	.L65:
 142:Core/Src/main.c ****   
 810              		.loc 1 142 21 is_stmt 1 discriminator 1 view .LVU225
 811 00de FFF7FEFF 		bl	Error_Handler
 812              	.LVL53:
 813              	.L66:
 160:Core/Src/main.c ****       txempty = 0;
 814              		.loc 1 160 25 discriminator 1 view .LVU226
 815 00e2 FFF7FEFF 		bl	Error_Handler
 816              	.LVL54:
 817              	.L67:
 164:Core/Src/main.c ****       
 818              		.loc 1 164 25 discriminator 1 view .LVU227
 819 00e6 FFF7FEFF 		bl	Error_Handler
 820              	.LVL55:
 821              	.L69:
 164:Core/Src/main.c ****       
 822              		.loc 1 164 25 is_stmt 0 discriminator 1 view .LVU228
 823 00ea 00BF     		.align	2
 824              	.L68:
 825 00ec 00000000 		.word	.LC0
 826 00f0 00000000 		.word	hadc1
 827 00f4 00000000 		.word	.LANCHOR0
 828 00f8 00000000 		.word	htim16
 829 00fc 00000000 		.word	.LANCHOR5
ARM GAS  C:\Users\afara\AppData\Local\Temp\cc4P9SUg.s 			page 27


 830 0100 00000000 		.word	.LANCHOR3
 831 0104 00000000 		.word	.LANCHOR2
 832 0108 00000000 		.word	huart4
 833              		.cfi_endproc
 834              	.LFE133:
 836              		.global	avgBatVoltage
 837              		.global	batVoltage
 838              		.global	adcChannelArray
 839              		.global	rxbuff
 840              		.global	startTransmit
 841              		.global	rxfull
 842              		.global	txempty
 843              		.section	.bss.adcChannelArray,"aw",%nobits
 844              		.align	2
 845              		.set	.LANCHOR0,. + 0
 848              	adcChannelArray:
 849 0000 00000000 		.space	16
 849      00000000 
 849      00000000 
 849      00000000 
 850              		.section	.bss.avgBatVoltage,"aw",%nobits
 851              		.align	2
 852              		.set	.LANCHOR2,. + 0
 855              	avgBatVoltage:
 856 0000 00000000 		.space	16
 856      00000000 
 856      00000000 
 856      00000000 
 857              		.section	.bss.batVoltage,"aw",%nobits
 858              		.align	2
 859              		.set	.LANCHOR1,. + 0
 862              	batVoltage:
 863 0000 00000000 		.space	160
 863      00000000 
 863      00000000 
 863      00000000 
 863      00000000 
 864              		.section	.bss.rxbuff,"aw",%nobits
 865              		.align	2
 868              	rxbuff:
 869 0000 00000000 		.space	8
 869      00000000 
 870              		.section	.bss.rxfull,"aw",%nobits
 871              		.set	.LANCHOR4,. + 0
 874              	rxfull:
 875 0000 00       		.space	1
 876              		.section	.bss.startTransmit,"aw",%nobits
 877              		.set	.LANCHOR3,. + 0
 880              	startTransmit:
 881 0000 00       		.space	1
 882              		.section	.bss.txempty,"aw",%nobits
 883              		.set	.LANCHOR5,. + 0
 886              	txempty:
 887 0000 00       		.space	1
 888              		.text
 889              	.Letext0:
 890              		.file 3 "c:\\dev\\dev_tools\\gcc-arm-none-eabi-10.3-2021.10\\arm-none-eabi\\include\\machine\\_def
ARM GAS  C:\Users\afara\AppData\Local\Temp\cc4P9SUg.s 			page 28


 891              		.file 4 "c:\\dev\\dev_tools\\gcc-arm-none-eabi-10.3-2021.10\\arm-none-eabi\\include\\sys\\_stdint.
 892              		.file 5 "Drivers/CMSIS/Device/ST/STM32F3xx/Include/stm32f303xc.h"
 893              		.file 6 "Drivers/CMSIS/Device/ST/STM32F3xx/Include/stm32f3xx.h"
 894              		.file 7 "Drivers/STM32F3xx_HAL_Driver/Inc/stm32f3xx_hal_def.h"
 895              		.file 8 "Drivers/STM32F3xx_HAL_Driver/Inc/stm32f3xx_hal_rcc.h"
 896              		.file 9 "Drivers/STM32F3xx_HAL_Driver/Inc/stm32f3xx_hal_rcc_ex.h"
 897              		.file 10 "Drivers/STM32F3xx_HAL_Driver/Inc/stm32f3xx_hal_dma.h"
 898              		.file 11 "Drivers/STM32F3xx_HAL_Driver/Inc/stm32f3xx_hal_adc_ex.h"
 899              		.file 12 "Drivers/STM32F3xx_HAL_Driver/Inc/stm32f3xx_hal_adc.h"
 900              		.file 13 "Drivers/STM32F3xx_HAL_Driver/Inc/stm32f3xx_hal_tim.h"
 901              		.file 14 "Drivers/STM32F3xx_HAL_Driver/Inc/stm32f3xx_hal_uart.h"
 902              		.file 15 "Core/Inc/adc.h"
 903              		.file 16 "Core/Inc/tim.h"
 904              		.file 17 "Core/Inc/usart.h"
 905              		.file 18 "Drivers/STM32F3xx_HAL_Driver/Inc/stm32f3xx_hal.h"
 906              		.file 19 "Core/Inc/gpio.h"
 907              		.file 20 "Core/Inc/dma.h"
 908              		.file 21 "<built-in>"
 909              		.file 22 "c:\\dev\\dev_tools\\gcc-arm-none-eabi-10.3-2021.10\\arm-none-eabi\\include\\stdio.h"
ARM GAS  C:\Users\afara\AppData\Local\Temp\cc4P9SUg.s 			page 29


DEFINED SYMBOLS
                            *ABS*:00000000 main.c
C:\Users\afara\AppData\Local\Temp\cc4P9SUg.s:23     .text.HAL_ADC_ConvCpltCallback:00000000 $t
C:\Users\afara\AppData\Local\Temp\cc4P9SUg.s:29     .text.HAL_ADC_ConvCpltCallback:00000000 HAL_ADC_ConvCpltCallback
C:\Users\afara\AppData\Local\Temp\cc4P9SUg.s:180    .text.HAL_ADC_ConvCpltCallback:00000096 $d
C:\Users\afara\AppData\Local\Temp\cc4P9SUg.s:323    .text.HAL_ADC_ConvCpltCallback:00000140 $d
C:\Users\afara\AppData\Local\Temp\cc4P9SUg.s:335    .text.HAL_UART_RxCpltCallback:00000000 $t
C:\Users\afara\AppData\Local\Temp\cc4P9SUg.s:341    .text.HAL_UART_RxCpltCallback:00000000 HAL_UART_RxCpltCallback
C:\Users\afara\AppData\Local\Temp\cc4P9SUg.s:368    .text.HAL_UART_RxCpltCallback:00000010 $d
C:\Users\afara\AppData\Local\Temp\cc4P9SUg.s:374    .text.HAL_UART_TxCpltCallback:00000000 $t
C:\Users\afara\AppData\Local\Temp\cc4P9SUg.s:380    .text.HAL_UART_TxCpltCallback:00000000 HAL_UART_TxCpltCallback
C:\Users\afara\AppData\Local\Temp\cc4P9SUg.s:407    .text.HAL_UART_TxCpltCallback:00000010 $d
C:\Users\afara\AppData\Local\Temp\cc4P9SUg.s:413    .text.Error_Handler:00000000 $t
C:\Users\afara\AppData\Local\Temp\cc4P9SUg.s:419    .text.Error_Handler:00000000 Error_Handler
C:\Users\afara\AppData\Local\Temp\cc4P9SUg.s:451    .text.SystemClock_Config:00000000 $t
C:\Users\afara\AppData\Local\Temp\cc4P9SUg.s:457    .text.SystemClock_Config:00000000 SystemClock_Config
C:\Users\afara\AppData\Local\Temp\cc4P9SUg.s:592    .rodata.main.str1.4:00000000 $d
C:\Users\afara\AppData\Local\Temp\cc4P9SUg.s:598    .text.main:00000000 $t
C:\Users\afara\AppData\Local\Temp\cc4P9SUg.s:604    .text.main:00000000 main
C:\Users\afara\AppData\Local\Temp\cc4P9SUg.s:825    .text.main:000000ec $d
C:\Users\afara\AppData\Local\Temp\cc4P9SUg.s:855    .bss.avgBatVoltage:00000000 avgBatVoltage
C:\Users\afara\AppData\Local\Temp\cc4P9SUg.s:862    .bss.batVoltage:00000000 batVoltage
C:\Users\afara\AppData\Local\Temp\cc4P9SUg.s:848    .bss.adcChannelArray:00000000 adcChannelArray
C:\Users\afara\AppData\Local\Temp\cc4P9SUg.s:868    .bss.rxbuff:00000000 rxbuff
C:\Users\afara\AppData\Local\Temp\cc4P9SUg.s:880    .bss.startTransmit:00000000 startTransmit
C:\Users\afara\AppData\Local\Temp\cc4P9SUg.s:874    .bss.rxfull:00000000 rxfull
C:\Users\afara\AppData\Local\Temp\cc4P9SUg.s:886    .bss.txempty:00000000 txempty
C:\Users\afara\AppData\Local\Temp\cc4P9SUg.s:844    .bss.adcChannelArray:00000000 $d
C:\Users\afara\AppData\Local\Temp\cc4P9SUg.s:851    .bss.avgBatVoltage:00000000 $d
C:\Users\afara\AppData\Local\Temp\cc4P9SUg.s:858    .bss.batVoltage:00000000 $d
C:\Users\afara\AppData\Local\Temp\cc4P9SUg.s:865    .bss.rxbuff:00000000 $d
C:\Users\afara\AppData\Local\Temp\cc4P9SUg.s:875    .bss.rxfull:00000000 $d
C:\Users\afara\AppData\Local\Temp\cc4P9SUg.s:881    .bss.startTransmit:00000000 $d
C:\Users\afara\AppData\Local\Temp\cc4P9SUg.s:887    .bss.txempty:00000000 $d
C:\Users\afara\AppData\Local\Temp\cc4P9SUg.s:187    .text.HAL_ADC_ConvCpltCallback:0000009d $d
C:\Users\afara\AppData\Local\Temp\cc4P9SUg.s:187    .text.HAL_ADC_ConvCpltCallback:0000009e $t

UNDEFINED SYMBOLS
__aeabi_ui2d
__aeabi_dmul
__aeabi_d2uiz
hadc1
huart4
memset
HAL_RCC_OscConfig
HAL_RCC_ClockConfig
HAL_RCCEx_PeriphCLKConfig
HAL_Init
MX_GPIO_Init
MX_DMA_Init
MX_ADC1_Init
MX_UART4_Init
MX_TIM16_Init
memcpy
HAL_ADCEx_Calibration_Start
HAL_ADC_Start_DMA
HAL_TIM_Base_Start
ARM GAS  C:\Users\afara\AppData\Local\Temp\cc4P9SUg.s 			page 30


sprintf
HAL_UART_Transmit_DMA
HAL_ADC_Start
htim16
