ARM GAS  C:\Users\afara\AppData\Local\Temp\ccJYy5Ou.s 			page 1


   1              		.cpu cortex-m4
   2              		.arch armv7e-m
   3              		.fpu fpv4-sp-d16
   4              		.eabi_attribute 27, 1
   5              		.eabi_attribute 28, 1
   6              		.eabi_attribute 20, 1
   7              		.eabi_attribute 21, 1
   8              		.eabi_attribute 23, 3
   9              		.eabi_attribute 24, 1
  10              		.eabi_attribute 25, 1
  11              		.eabi_attribute 26, 1
  12              		.eabi_attribute 30, 1
  13              		.eabi_attribute 34, 1
  14              		.eabi_attribute 18, 4
  15              		.file	"usart.c"
  16              		.text
  17              	.Ltext0:
  18              		.cfi_sections	.debug_frame
  19              		.section	.text.MX_UART4_Init,"ax",%progbits
  20              		.align	1
  21              		.global	MX_UART4_Init
  22              		.syntax unified
  23              		.thumb
  24              		.thumb_func
  26              	MX_UART4_Init:
  27              	.LFB130:
  28              		.file 1 "Core/Src/usart.c"
   1:Core/Src/usart.c **** /* USER CODE BEGIN Header */
   2:Core/Src/usart.c **** /**
   3:Core/Src/usart.c ****   ******************************************************************************
   4:Core/Src/usart.c ****   * @file    usart.c
   5:Core/Src/usart.c ****   * @brief   This file provides code for the configuration
   6:Core/Src/usart.c ****   *          of the USART instances.
   7:Core/Src/usart.c ****   ******************************************************************************
   8:Core/Src/usart.c ****   * @attention
   9:Core/Src/usart.c ****   *
  10:Core/Src/usart.c ****   * Copyright (c) 2022 STMicroelectronics.
  11:Core/Src/usart.c ****   * All rights reserved.
  12:Core/Src/usart.c ****   *
  13:Core/Src/usart.c ****   * This software is licensed under terms that can be found in the LICENSE file
  14:Core/Src/usart.c ****   * in the root directory of this software component.
  15:Core/Src/usart.c ****   * If no LICENSE file comes with this software, it is provided AS-IS.
  16:Core/Src/usart.c ****   *
  17:Core/Src/usart.c ****   ******************************************************************************
  18:Core/Src/usart.c ****   */
  19:Core/Src/usart.c **** /* USER CODE END Header */
  20:Core/Src/usart.c **** /* Includes ------------------------------------------------------------------*/
  21:Core/Src/usart.c **** #include "usart.h"
  22:Core/Src/usart.c **** 
  23:Core/Src/usart.c **** /* USER CODE BEGIN 0 */
  24:Core/Src/usart.c **** 
  25:Core/Src/usart.c **** /* USER CODE END 0 */
  26:Core/Src/usart.c **** 
  27:Core/Src/usart.c **** UART_HandleTypeDef huart4;
  28:Core/Src/usart.c **** DMA_HandleTypeDef hdma_uart4_rx;
  29:Core/Src/usart.c **** DMA_HandleTypeDef hdma_uart4_tx;
  30:Core/Src/usart.c **** 
ARM GAS  C:\Users\afara\AppData\Local\Temp\ccJYy5Ou.s 			page 2


  31:Core/Src/usart.c **** /* UART4 init function */
  32:Core/Src/usart.c **** void MX_UART4_Init(void)
  33:Core/Src/usart.c **** {
  29              		.loc 1 33 1 view -0
  30              		.cfi_startproc
  31              		@ args = 0, pretend = 0, frame = 0
  32              		@ frame_needed = 0, uses_anonymous_args = 0
  33 0000 08B5     		push	{r3, lr}
  34              	.LCFI0:
  35              		.cfi_def_cfa_offset 8
  36              		.cfi_offset 3, -8
  37              		.cfi_offset 14, -4
  34:Core/Src/usart.c **** 
  35:Core/Src/usart.c ****   /* USER CODE BEGIN UART4_Init 0 */
  36:Core/Src/usart.c **** 
  37:Core/Src/usart.c ****   /* USER CODE END UART4_Init 0 */
  38:Core/Src/usart.c **** 
  39:Core/Src/usart.c ****   /* USER CODE BEGIN UART4_Init 1 */
  40:Core/Src/usart.c **** 
  41:Core/Src/usart.c ****   /* USER CODE END UART4_Init 1 */
  42:Core/Src/usart.c ****   huart4.Instance = UART4;
  38              		.loc 1 42 3 view .LVU1
  39              		.loc 1 42 19 is_stmt 0 view .LVU2
  40 0002 0B48     		ldr	r0, .L5
  41 0004 0B4B     		ldr	r3, .L5+4
  42 0006 0360     		str	r3, [r0]
  43:Core/Src/usart.c ****   huart4.Init.BaudRate = 115200;
  43              		.loc 1 43 3 is_stmt 1 view .LVU3
  44              		.loc 1 43 24 is_stmt 0 view .LVU4
  45 0008 4FF4E133 		mov	r3, #115200
  46 000c 4360     		str	r3, [r0, #4]
  44:Core/Src/usart.c ****   huart4.Init.WordLength = UART_WORDLENGTH_8B;
  47              		.loc 1 44 3 is_stmt 1 view .LVU5
  48              		.loc 1 44 26 is_stmt 0 view .LVU6
  49 000e 0023     		movs	r3, #0
  50 0010 8360     		str	r3, [r0, #8]
  45:Core/Src/usart.c ****   huart4.Init.StopBits = UART_STOPBITS_1;
  51              		.loc 1 45 3 is_stmt 1 view .LVU7
  52              		.loc 1 45 24 is_stmt 0 view .LVU8
  53 0012 C360     		str	r3, [r0, #12]
  46:Core/Src/usart.c ****   huart4.Init.Parity = UART_PARITY_NONE;
  54              		.loc 1 46 3 is_stmt 1 view .LVU9
  55              		.loc 1 46 22 is_stmt 0 view .LVU10
  56 0014 0361     		str	r3, [r0, #16]
  47:Core/Src/usart.c ****   huart4.Init.Mode = UART_MODE_TX_RX;
  57              		.loc 1 47 3 is_stmt 1 view .LVU11
  58              		.loc 1 47 20 is_stmt 0 view .LVU12
  59 0016 0C22     		movs	r2, #12
  60 0018 4261     		str	r2, [r0, #20]
  48:Core/Src/usart.c ****   huart4.Init.HwFlowCtl = UART_HWCONTROL_NONE;
  61              		.loc 1 48 3 is_stmt 1 view .LVU13
  62              		.loc 1 48 25 is_stmt 0 view .LVU14
  63 001a 8361     		str	r3, [r0, #24]
  49:Core/Src/usart.c ****   huart4.Init.OverSampling = UART_OVERSAMPLING_16;
  64              		.loc 1 49 3 is_stmt 1 view .LVU15
  65              		.loc 1 49 28 is_stmt 0 view .LVU16
  66 001c C361     		str	r3, [r0, #28]
ARM GAS  C:\Users\afara\AppData\Local\Temp\ccJYy5Ou.s 			page 3


  50:Core/Src/usart.c ****   huart4.Init.OneBitSampling = UART_ONE_BIT_SAMPLE_DISABLE;
  67              		.loc 1 50 3 is_stmt 1 view .LVU17
  68              		.loc 1 50 30 is_stmt 0 view .LVU18
  69 001e 0362     		str	r3, [r0, #32]
  51:Core/Src/usart.c ****   huart4.AdvancedInit.AdvFeatureInit = UART_ADVFEATURE_NO_INIT;
  70              		.loc 1 51 3 is_stmt 1 view .LVU19
  71              		.loc 1 51 38 is_stmt 0 view .LVU20
  72 0020 4362     		str	r3, [r0, #36]
  52:Core/Src/usart.c ****   if (HAL_UART_Init(&huart4) != HAL_OK)
  73              		.loc 1 52 3 is_stmt 1 view .LVU21
  74              		.loc 1 52 7 is_stmt 0 view .LVU22
  75 0022 FFF7FEFF 		bl	HAL_UART_Init
  76              	.LVL0:
  77              		.loc 1 52 6 view .LVU23
  78 0026 00B9     		cbnz	r0, .L4
  79              	.L1:
  53:Core/Src/usart.c ****   {
  54:Core/Src/usart.c ****     Error_Handler();
  55:Core/Src/usart.c ****   }
  56:Core/Src/usart.c ****   /* USER CODE BEGIN UART4_Init 2 */
  57:Core/Src/usart.c **** 
  58:Core/Src/usart.c ****   /* USER CODE END UART4_Init 2 */
  59:Core/Src/usart.c **** 
  60:Core/Src/usart.c **** }
  80              		.loc 1 60 1 view .LVU24
  81 0028 08BD     		pop	{r3, pc}
  82              	.L4:
  54:Core/Src/usart.c ****   }
  83              		.loc 1 54 5 is_stmt 1 view .LVU25
  84 002a FFF7FEFF 		bl	Error_Handler
  85              	.LVL1:
  86              		.loc 1 60 1 is_stmt 0 view .LVU26
  87 002e FBE7     		b	.L1
  88              	.L6:
  89              		.align	2
  90              	.L5:
  91 0030 00000000 		.word	.LANCHOR0
  92 0034 004C0040 		.word	1073761280
  93              		.cfi_endproc
  94              	.LFE130:
  96              		.section	.text.HAL_UART_MspInit,"ax",%progbits
  97              		.align	1
  98              		.global	HAL_UART_MspInit
  99              		.syntax unified
 100              		.thumb
 101              		.thumb_func
 103              	HAL_UART_MspInit:
 104              	.LVL2:
 105              	.LFB131:
  61:Core/Src/usart.c **** 
  62:Core/Src/usart.c **** void HAL_UART_MspInit(UART_HandleTypeDef* uartHandle)
  63:Core/Src/usart.c **** {
 106              		.loc 1 63 1 is_stmt 1 view -0
 107              		.cfi_startproc
 108              		@ args = 0, pretend = 0, frame = 32
 109              		@ frame_needed = 0, uses_anonymous_args = 0
 110              		.loc 1 63 1 is_stmt 0 view .LVU28
ARM GAS  C:\Users\afara\AppData\Local\Temp\ccJYy5Ou.s 			page 4


 111 0000 10B5     		push	{r4, lr}
 112              	.LCFI1:
 113              		.cfi_def_cfa_offset 8
 114              		.cfi_offset 4, -8
 115              		.cfi_offset 14, -4
 116 0002 88B0     		sub	sp, sp, #32
 117              	.LCFI2:
 118              		.cfi_def_cfa_offset 40
  64:Core/Src/usart.c **** 
  65:Core/Src/usart.c ****   GPIO_InitTypeDef GPIO_InitStruct = {0};
 119              		.loc 1 65 3 is_stmt 1 view .LVU29
 120              		.loc 1 65 20 is_stmt 0 view .LVU30
 121 0004 0023     		movs	r3, #0
 122 0006 0393     		str	r3, [sp, #12]
 123 0008 0493     		str	r3, [sp, #16]
 124 000a 0593     		str	r3, [sp, #20]
 125 000c 0693     		str	r3, [sp, #24]
 126 000e 0793     		str	r3, [sp, #28]
  66:Core/Src/usart.c ****   if(uartHandle->Instance==UART4)
 127              		.loc 1 66 3 is_stmt 1 view .LVU31
 128              		.loc 1 66 16 is_stmt 0 view .LVU32
 129 0010 0268     		ldr	r2, [r0]
 130              		.loc 1 66 5 view .LVU33
 131 0012 2F4B     		ldr	r3, .L15
 132 0014 9A42     		cmp	r2, r3
 133 0016 01D0     		beq	.L12
 134              	.LVL3:
 135              	.L7:
  67:Core/Src/usart.c ****   {
  68:Core/Src/usart.c ****   /* USER CODE BEGIN UART4_MspInit 0 */
  69:Core/Src/usart.c **** 
  70:Core/Src/usart.c ****   /* USER CODE END UART4_MspInit 0 */
  71:Core/Src/usart.c ****     /* UART4 clock enable */
  72:Core/Src/usart.c ****     __HAL_RCC_UART4_CLK_ENABLE();
  73:Core/Src/usart.c **** 
  74:Core/Src/usart.c ****     __HAL_RCC_GPIOC_CLK_ENABLE();
  75:Core/Src/usart.c ****     /**UART4 GPIO Configuration
  76:Core/Src/usart.c ****     PC10     ------> UART4_TX
  77:Core/Src/usart.c ****     PC11     ------> UART4_RX
  78:Core/Src/usart.c ****     */
  79:Core/Src/usart.c ****     GPIO_InitStruct.Pin = GPIO_PIN_10|GPIO_PIN_11;
  80:Core/Src/usart.c ****     GPIO_InitStruct.Mode = GPIO_MODE_AF_PP;
  81:Core/Src/usart.c ****     GPIO_InitStruct.Pull = GPIO_NOPULL;
  82:Core/Src/usart.c ****     GPIO_InitStruct.Speed = GPIO_SPEED_FREQ_HIGH;
  83:Core/Src/usart.c ****     GPIO_InitStruct.Alternate = GPIO_AF5_UART4;
  84:Core/Src/usart.c ****     HAL_GPIO_Init(GPIOC, &GPIO_InitStruct);
  85:Core/Src/usart.c **** 
  86:Core/Src/usart.c ****     /* UART4 DMA Init */
  87:Core/Src/usart.c ****     /* UART4_RX Init */
  88:Core/Src/usart.c ****     hdma_uart4_rx.Instance = DMA2_Channel3;
  89:Core/Src/usart.c ****     hdma_uart4_rx.Init.Direction = DMA_PERIPH_TO_MEMORY;
  90:Core/Src/usart.c ****     hdma_uart4_rx.Init.PeriphInc = DMA_PINC_DISABLE;
  91:Core/Src/usart.c ****     hdma_uart4_rx.Init.MemInc = DMA_MINC_ENABLE;
  92:Core/Src/usart.c ****     hdma_uart4_rx.Init.PeriphDataAlignment = DMA_PDATAALIGN_BYTE;
  93:Core/Src/usart.c ****     hdma_uart4_rx.Init.MemDataAlignment = DMA_MDATAALIGN_BYTE;
  94:Core/Src/usart.c ****     hdma_uart4_rx.Init.Mode = DMA_NORMAL;
  95:Core/Src/usart.c ****     hdma_uart4_rx.Init.Priority = DMA_PRIORITY_MEDIUM;
ARM GAS  C:\Users\afara\AppData\Local\Temp\ccJYy5Ou.s 			page 5


  96:Core/Src/usart.c ****     if (HAL_DMA_Init(&hdma_uart4_rx) != HAL_OK)
  97:Core/Src/usart.c ****     {
  98:Core/Src/usart.c ****       Error_Handler();
  99:Core/Src/usart.c ****     }
 100:Core/Src/usart.c **** 
 101:Core/Src/usart.c ****     __HAL_LINKDMA(uartHandle,hdmarx,hdma_uart4_rx);
 102:Core/Src/usart.c **** 
 103:Core/Src/usart.c ****     /* UART4_TX Init */
 104:Core/Src/usart.c ****     hdma_uart4_tx.Instance = DMA2_Channel5;
 105:Core/Src/usart.c ****     hdma_uart4_tx.Init.Direction = DMA_MEMORY_TO_PERIPH;
 106:Core/Src/usart.c ****     hdma_uart4_tx.Init.PeriphInc = DMA_PINC_DISABLE;
 107:Core/Src/usart.c ****     hdma_uart4_tx.Init.MemInc = DMA_MINC_ENABLE;
 108:Core/Src/usart.c ****     hdma_uart4_tx.Init.PeriphDataAlignment = DMA_PDATAALIGN_BYTE;
 109:Core/Src/usart.c ****     hdma_uart4_tx.Init.MemDataAlignment = DMA_MDATAALIGN_BYTE;
 110:Core/Src/usart.c ****     hdma_uart4_tx.Init.Mode = DMA_NORMAL;
 111:Core/Src/usart.c ****     hdma_uart4_tx.Init.Priority = DMA_PRIORITY_HIGH;
 112:Core/Src/usart.c ****     if (HAL_DMA_Init(&hdma_uart4_tx) != HAL_OK)
 113:Core/Src/usart.c ****     {
 114:Core/Src/usart.c ****       Error_Handler();
 115:Core/Src/usart.c ****     }
 116:Core/Src/usart.c **** 
 117:Core/Src/usart.c ****     __HAL_LINKDMA(uartHandle,hdmatx,hdma_uart4_tx);
 118:Core/Src/usart.c **** 
 119:Core/Src/usart.c ****     /* UART4 interrupt Init */
 120:Core/Src/usart.c ****     HAL_NVIC_SetPriority(UART4_IRQn, 0, 0);
 121:Core/Src/usart.c ****     HAL_NVIC_EnableIRQ(UART4_IRQn);
 122:Core/Src/usart.c ****   /* USER CODE BEGIN UART4_MspInit 1 */
 123:Core/Src/usart.c **** 
 124:Core/Src/usart.c ****   /* USER CODE END UART4_MspInit 1 */
 125:Core/Src/usart.c ****   }
 126:Core/Src/usart.c **** }
 136              		.loc 1 126 1 view .LVU34
 137 0018 08B0     		add	sp, sp, #32
 138              	.LCFI3:
 139              		.cfi_remember_state
 140              		.cfi_def_cfa_offset 8
 141              		@ sp needed
 142 001a 10BD     		pop	{r4, pc}
 143              	.LVL4:
 144              	.L12:
 145              	.LCFI4:
 146              		.cfi_restore_state
 147              		.loc 1 126 1 view .LVU35
 148 001c 0446     		mov	r4, r0
  72:Core/Src/usart.c **** 
 149              		.loc 1 72 5 is_stmt 1 view .LVU36
 150              	.LBB2:
  72:Core/Src/usart.c **** 
 151              		.loc 1 72 5 view .LVU37
  72:Core/Src/usart.c **** 
 152              		.loc 1 72 5 view .LVU38
 153 001e 03F5E233 		add	r3, r3, #115712
 154 0022 DA69     		ldr	r2, [r3, #28]
 155 0024 42F40022 		orr	r2, r2, #524288
 156 0028 DA61     		str	r2, [r3, #28]
  72:Core/Src/usart.c **** 
 157              		.loc 1 72 5 view .LVU39
ARM GAS  C:\Users\afara\AppData\Local\Temp\ccJYy5Ou.s 			page 6


 158 002a DA69     		ldr	r2, [r3, #28]
 159 002c 02F40022 		and	r2, r2, #524288
 160 0030 0192     		str	r2, [sp, #4]
  72:Core/Src/usart.c **** 
 161              		.loc 1 72 5 view .LVU40
 162 0032 019A     		ldr	r2, [sp, #4]
 163              	.LBE2:
  72:Core/Src/usart.c **** 
 164              		.loc 1 72 5 view .LVU41
  74:Core/Src/usart.c ****     /**UART4 GPIO Configuration
 165              		.loc 1 74 5 view .LVU42
 166              	.LBB3:
  74:Core/Src/usart.c ****     /**UART4 GPIO Configuration
 167              		.loc 1 74 5 view .LVU43
  74:Core/Src/usart.c ****     /**UART4 GPIO Configuration
 168              		.loc 1 74 5 view .LVU44
 169 0034 5A69     		ldr	r2, [r3, #20]
 170 0036 42F40022 		orr	r2, r2, #524288
 171 003a 5A61     		str	r2, [r3, #20]
  74:Core/Src/usart.c ****     /**UART4 GPIO Configuration
 172              		.loc 1 74 5 view .LVU45
 173 003c 5B69     		ldr	r3, [r3, #20]
 174 003e 03F40023 		and	r3, r3, #524288
 175 0042 0293     		str	r3, [sp, #8]
  74:Core/Src/usart.c ****     /**UART4 GPIO Configuration
 176              		.loc 1 74 5 view .LVU46
 177 0044 029B     		ldr	r3, [sp, #8]
 178              	.LBE3:
  74:Core/Src/usart.c ****     /**UART4 GPIO Configuration
 179              		.loc 1 74 5 view .LVU47
  79:Core/Src/usart.c ****     GPIO_InitStruct.Mode = GPIO_MODE_AF_PP;
 180              		.loc 1 79 5 view .LVU48
  79:Core/Src/usart.c ****     GPIO_InitStruct.Mode = GPIO_MODE_AF_PP;
 181              		.loc 1 79 25 is_stmt 0 view .LVU49
 182 0046 4FF44063 		mov	r3, #3072
 183 004a 0393     		str	r3, [sp, #12]
  80:Core/Src/usart.c ****     GPIO_InitStruct.Pull = GPIO_NOPULL;
 184              		.loc 1 80 5 is_stmt 1 view .LVU50
  80:Core/Src/usart.c ****     GPIO_InitStruct.Pull = GPIO_NOPULL;
 185              		.loc 1 80 26 is_stmt 0 view .LVU51
 186 004c 0223     		movs	r3, #2
 187 004e 0493     		str	r3, [sp, #16]
  81:Core/Src/usart.c ****     GPIO_InitStruct.Speed = GPIO_SPEED_FREQ_HIGH;
 188              		.loc 1 81 5 is_stmt 1 view .LVU52
  82:Core/Src/usart.c ****     GPIO_InitStruct.Alternate = GPIO_AF5_UART4;
 189              		.loc 1 82 5 view .LVU53
  82:Core/Src/usart.c ****     GPIO_InitStruct.Alternate = GPIO_AF5_UART4;
 190              		.loc 1 82 27 is_stmt 0 view .LVU54
 191 0050 0323     		movs	r3, #3
 192 0052 0693     		str	r3, [sp, #24]
  83:Core/Src/usart.c ****     HAL_GPIO_Init(GPIOC, &GPIO_InitStruct);
 193              		.loc 1 83 5 is_stmt 1 view .LVU55
  83:Core/Src/usart.c ****     HAL_GPIO_Init(GPIOC, &GPIO_InitStruct);
 194              		.loc 1 83 31 is_stmt 0 view .LVU56
 195 0054 0523     		movs	r3, #5
 196 0056 0793     		str	r3, [sp, #28]
  84:Core/Src/usart.c **** 
ARM GAS  C:\Users\afara\AppData\Local\Temp\ccJYy5Ou.s 			page 7


 197              		.loc 1 84 5 is_stmt 1 view .LVU57
 198 0058 03A9     		add	r1, sp, #12
 199 005a 1E48     		ldr	r0, .L15+4
 200              	.LVL5:
  84:Core/Src/usart.c **** 
 201              		.loc 1 84 5 is_stmt 0 view .LVU58
 202 005c FFF7FEFF 		bl	HAL_GPIO_Init
 203              	.LVL6:
  88:Core/Src/usart.c ****     hdma_uart4_rx.Init.Direction = DMA_PERIPH_TO_MEMORY;
 204              		.loc 1 88 5 is_stmt 1 view .LVU59
  88:Core/Src/usart.c ****     hdma_uart4_rx.Init.Direction = DMA_PERIPH_TO_MEMORY;
 205              		.loc 1 88 28 is_stmt 0 view .LVU60
 206 0060 1D48     		ldr	r0, .L15+8
 207 0062 1E4B     		ldr	r3, .L15+12
 208 0064 0360     		str	r3, [r0]
  89:Core/Src/usart.c ****     hdma_uart4_rx.Init.PeriphInc = DMA_PINC_DISABLE;
 209              		.loc 1 89 5 is_stmt 1 view .LVU61
  89:Core/Src/usart.c ****     hdma_uart4_rx.Init.PeriphInc = DMA_PINC_DISABLE;
 210              		.loc 1 89 34 is_stmt 0 view .LVU62
 211 0066 0023     		movs	r3, #0
 212 0068 4360     		str	r3, [r0, #4]
  90:Core/Src/usart.c ****     hdma_uart4_rx.Init.MemInc = DMA_MINC_ENABLE;
 213              		.loc 1 90 5 is_stmt 1 view .LVU63
  90:Core/Src/usart.c ****     hdma_uart4_rx.Init.MemInc = DMA_MINC_ENABLE;
 214              		.loc 1 90 34 is_stmt 0 view .LVU64
 215 006a 8360     		str	r3, [r0, #8]
  91:Core/Src/usart.c ****     hdma_uart4_rx.Init.PeriphDataAlignment = DMA_PDATAALIGN_BYTE;
 216              		.loc 1 91 5 is_stmt 1 view .LVU65
  91:Core/Src/usart.c ****     hdma_uart4_rx.Init.PeriphDataAlignment = DMA_PDATAALIGN_BYTE;
 217              		.loc 1 91 31 is_stmt 0 view .LVU66
 218 006c 8022     		movs	r2, #128
 219 006e C260     		str	r2, [r0, #12]
  92:Core/Src/usart.c ****     hdma_uart4_rx.Init.MemDataAlignment = DMA_MDATAALIGN_BYTE;
 220              		.loc 1 92 5 is_stmt 1 view .LVU67
  92:Core/Src/usart.c ****     hdma_uart4_rx.Init.MemDataAlignment = DMA_MDATAALIGN_BYTE;
 221              		.loc 1 92 44 is_stmt 0 view .LVU68
 222 0070 0361     		str	r3, [r0, #16]
  93:Core/Src/usart.c ****     hdma_uart4_rx.Init.Mode = DMA_NORMAL;
 223              		.loc 1 93 5 is_stmt 1 view .LVU69
  93:Core/Src/usart.c ****     hdma_uart4_rx.Init.Mode = DMA_NORMAL;
 224              		.loc 1 93 41 is_stmt 0 view .LVU70
 225 0072 4361     		str	r3, [r0, #20]
  94:Core/Src/usart.c ****     hdma_uart4_rx.Init.Priority = DMA_PRIORITY_MEDIUM;
 226              		.loc 1 94 5 is_stmt 1 view .LVU71
  94:Core/Src/usart.c ****     hdma_uart4_rx.Init.Priority = DMA_PRIORITY_MEDIUM;
 227              		.loc 1 94 29 is_stmt 0 view .LVU72
 228 0074 8361     		str	r3, [r0, #24]
  95:Core/Src/usart.c ****     if (HAL_DMA_Init(&hdma_uart4_rx) != HAL_OK)
 229              		.loc 1 95 5 is_stmt 1 view .LVU73
  95:Core/Src/usart.c ****     if (HAL_DMA_Init(&hdma_uart4_rx) != HAL_OK)
 230              		.loc 1 95 33 is_stmt 0 view .LVU74
 231 0076 4FF48053 		mov	r3, #4096
 232 007a C361     		str	r3, [r0, #28]
  96:Core/Src/usart.c ****     {
 233              		.loc 1 96 5 is_stmt 1 view .LVU75
  96:Core/Src/usart.c ****     {
 234              		.loc 1 96 9 is_stmt 0 view .LVU76
ARM GAS  C:\Users\afara\AppData\Local\Temp\ccJYy5Ou.s 			page 8


 235 007c FFF7FEFF 		bl	HAL_DMA_Init
 236              	.LVL7:
  96:Core/Src/usart.c ****     {
 237              		.loc 1 96 8 view .LVU77
 238 0080 00BB     		cbnz	r0, .L13
 239              	.L9:
 101:Core/Src/usart.c **** 
 240              		.loc 1 101 5 is_stmt 1 view .LVU78
 101:Core/Src/usart.c **** 
 241              		.loc 1 101 5 view .LVU79
 242 0082 154B     		ldr	r3, .L15+8
 243 0084 2367     		str	r3, [r4, #112]
 101:Core/Src/usart.c **** 
 244              		.loc 1 101 5 view .LVU80
 245 0086 5C62     		str	r4, [r3, #36]
 101:Core/Src/usart.c **** 
 246              		.loc 1 101 5 view .LVU81
 104:Core/Src/usart.c ****     hdma_uart4_tx.Init.Direction = DMA_MEMORY_TO_PERIPH;
 247              		.loc 1 104 5 view .LVU82
 104:Core/Src/usart.c ****     hdma_uart4_tx.Init.Direction = DMA_MEMORY_TO_PERIPH;
 248              		.loc 1 104 28 is_stmt 0 view .LVU83
 249 0088 1548     		ldr	r0, .L15+16
 250 008a 164B     		ldr	r3, .L15+20
 251 008c 0360     		str	r3, [r0]
 105:Core/Src/usart.c ****     hdma_uart4_tx.Init.PeriphInc = DMA_PINC_DISABLE;
 252              		.loc 1 105 5 is_stmt 1 view .LVU84
 105:Core/Src/usart.c ****     hdma_uart4_tx.Init.PeriphInc = DMA_PINC_DISABLE;
 253              		.loc 1 105 34 is_stmt 0 view .LVU85
 254 008e 1023     		movs	r3, #16
 255 0090 4360     		str	r3, [r0, #4]
 106:Core/Src/usart.c ****     hdma_uart4_tx.Init.MemInc = DMA_MINC_ENABLE;
 256              		.loc 1 106 5 is_stmt 1 view .LVU86
 106:Core/Src/usart.c ****     hdma_uart4_tx.Init.MemInc = DMA_MINC_ENABLE;
 257              		.loc 1 106 34 is_stmt 0 view .LVU87
 258 0092 0023     		movs	r3, #0
 259 0094 8360     		str	r3, [r0, #8]
 107:Core/Src/usart.c ****     hdma_uart4_tx.Init.PeriphDataAlignment = DMA_PDATAALIGN_BYTE;
 260              		.loc 1 107 5 is_stmt 1 view .LVU88
 107:Core/Src/usart.c ****     hdma_uart4_tx.Init.PeriphDataAlignment = DMA_PDATAALIGN_BYTE;
 261              		.loc 1 107 31 is_stmt 0 view .LVU89
 262 0096 8022     		movs	r2, #128
 263 0098 C260     		str	r2, [r0, #12]
 108:Core/Src/usart.c ****     hdma_uart4_tx.Init.MemDataAlignment = DMA_MDATAALIGN_BYTE;
 264              		.loc 1 108 5 is_stmt 1 view .LVU90
 108:Core/Src/usart.c ****     hdma_uart4_tx.Init.MemDataAlignment = DMA_MDATAALIGN_BYTE;
 265              		.loc 1 108 44 is_stmt 0 view .LVU91
 266 009a 0361     		str	r3, [r0, #16]
 109:Core/Src/usart.c ****     hdma_uart4_tx.Init.Mode = DMA_NORMAL;
 267              		.loc 1 109 5 is_stmt 1 view .LVU92
 109:Core/Src/usart.c ****     hdma_uart4_tx.Init.Mode = DMA_NORMAL;
 268              		.loc 1 109 41 is_stmt 0 view .LVU93
 269 009c 4361     		str	r3, [r0, #20]
 110:Core/Src/usart.c ****     hdma_uart4_tx.Init.Priority = DMA_PRIORITY_HIGH;
 270              		.loc 1 110 5 is_stmt 1 view .LVU94
 110:Core/Src/usart.c ****     hdma_uart4_tx.Init.Priority = DMA_PRIORITY_HIGH;
 271              		.loc 1 110 29 is_stmt 0 view .LVU95
 272 009e 8361     		str	r3, [r0, #24]
ARM GAS  C:\Users\afara\AppData\Local\Temp\ccJYy5Ou.s 			page 9


 111:Core/Src/usart.c ****     if (HAL_DMA_Init(&hdma_uart4_tx) != HAL_OK)
 273              		.loc 1 111 5 is_stmt 1 view .LVU96
 111:Core/Src/usart.c ****     if (HAL_DMA_Init(&hdma_uart4_tx) != HAL_OK)
 274              		.loc 1 111 33 is_stmt 0 view .LVU97
 275 00a0 4FF40053 		mov	r3, #8192
 276 00a4 C361     		str	r3, [r0, #28]
 112:Core/Src/usart.c ****     {
 277              		.loc 1 112 5 is_stmt 1 view .LVU98
 112:Core/Src/usart.c ****     {
 278              		.loc 1 112 9 is_stmt 0 view .LVU99
 279 00a6 FFF7FEFF 		bl	HAL_DMA_Init
 280              	.LVL8:
 112:Core/Src/usart.c ****     {
 281              		.loc 1 112 8 view .LVU100
 282 00aa 70B9     		cbnz	r0, .L14
 283              	.L10:
 117:Core/Src/usart.c **** 
 284              		.loc 1 117 5 is_stmt 1 view .LVU101
 117:Core/Src/usart.c **** 
 285              		.loc 1 117 5 view .LVU102
 286 00ac 0C4B     		ldr	r3, .L15+16
 287 00ae E366     		str	r3, [r4, #108]
 117:Core/Src/usart.c **** 
 288              		.loc 1 117 5 view .LVU103
 289 00b0 5C62     		str	r4, [r3, #36]
 117:Core/Src/usart.c **** 
 290              		.loc 1 117 5 view .LVU104
 120:Core/Src/usart.c ****     HAL_NVIC_EnableIRQ(UART4_IRQn);
 291              		.loc 1 120 5 view .LVU105
 292 00b2 0022     		movs	r2, #0
 293 00b4 1146     		mov	r1, r2
 294 00b6 3420     		movs	r0, #52
 295 00b8 FFF7FEFF 		bl	HAL_NVIC_SetPriority
 296              	.LVL9:
 121:Core/Src/usart.c ****   /* USER CODE BEGIN UART4_MspInit 1 */
 297              		.loc 1 121 5 view .LVU106
 298 00bc 3420     		movs	r0, #52
 299 00be FFF7FEFF 		bl	HAL_NVIC_EnableIRQ
 300              	.LVL10:
 301              		.loc 1 126 1 is_stmt 0 view .LVU107
 302 00c2 A9E7     		b	.L7
 303              	.L13:
  98:Core/Src/usart.c ****     }
 304              		.loc 1 98 7 is_stmt 1 view .LVU108
 305 00c4 FFF7FEFF 		bl	Error_Handler
 306              	.LVL11:
 307 00c8 DBE7     		b	.L9
 308              	.L14:
 114:Core/Src/usart.c ****     }
 309              		.loc 1 114 7 view .LVU109
 310 00ca FFF7FEFF 		bl	Error_Handler
 311              	.LVL12:
 312 00ce EDE7     		b	.L10
 313              	.L16:
 314              		.align	2
 315              	.L15:
 316 00d0 004C0040 		.word	1073761280
ARM GAS  C:\Users\afara\AppData\Local\Temp\ccJYy5Ou.s 			page 10


 317 00d4 00080048 		.word	1207961600
 318 00d8 00000000 		.word	.LANCHOR1
 319 00dc 30040240 		.word	1073873968
 320 00e0 00000000 		.word	.LANCHOR2
 321 00e4 58040240 		.word	1073874008
 322              		.cfi_endproc
 323              	.LFE131:
 325              		.section	.text.HAL_UART_MspDeInit,"ax",%progbits
 326              		.align	1
 327              		.global	HAL_UART_MspDeInit
 328              		.syntax unified
 329              		.thumb
 330              		.thumb_func
 332              	HAL_UART_MspDeInit:
 333              	.LVL13:
 334              	.LFB132:
 127:Core/Src/usart.c **** 
 128:Core/Src/usart.c **** void HAL_UART_MspDeInit(UART_HandleTypeDef* uartHandle)
 129:Core/Src/usart.c **** {
 335              		.loc 1 129 1 view -0
 336              		.cfi_startproc
 337              		@ args = 0, pretend = 0, frame = 0
 338              		@ frame_needed = 0, uses_anonymous_args = 0
 130:Core/Src/usart.c **** 
 131:Core/Src/usart.c ****   if(uartHandle->Instance==UART4)
 339              		.loc 1 131 3 view .LVU111
 340              		.loc 1 131 16 is_stmt 0 view .LVU112
 341 0000 0268     		ldr	r2, [r0]
 342              		.loc 1 131 5 view .LVU113
 343 0002 0D4B     		ldr	r3, .L24
 344 0004 9A42     		cmp	r2, r3
 345 0006 00D0     		beq	.L23
 346 0008 7047     		bx	lr
 347              	.L23:
 129:Core/Src/usart.c **** 
 348              		.loc 1 129 1 view .LVU114
 349 000a 10B5     		push	{r4, lr}
 350              	.LCFI5:
 351              		.cfi_def_cfa_offset 8
 352              		.cfi_offset 4, -8
 353              		.cfi_offset 14, -4
 354 000c 0446     		mov	r4, r0
 132:Core/Src/usart.c ****   {
 133:Core/Src/usart.c ****   /* USER CODE BEGIN UART4_MspDeInit 0 */
 134:Core/Src/usart.c **** 
 135:Core/Src/usart.c ****   /* USER CODE END UART4_MspDeInit 0 */
 136:Core/Src/usart.c ****     /* Peripheral clock disable */
 137:Core/Src/usart.c ****     __HAL_RCC_UART4_CLK_DISABLE();
 355              		.loc 1 137 5 is_stmt 1 view .LVU115
 356 000e 0B4A     		ldr	r2, .L24+4
 357 0010 D369     		ldr	r3, [r2, #28]
 358 0012 23F40023 		bic	r3, r3, #524288
 359 0016 D361     		str	r3, [r2, #28]
 138:Core/Src/usart.c **** 
 139:Core/Src/usart.c ****     /**UART4 GPIO Configuration
 140:Core/Src/usart.c ****     PC10     ------> UART4_TX
 141:Core/Src/usart.c ****     PC11     ------> UART4_RX
ARM GAS  C:\Users\afara\AppData\Local\Temp\ccJYy5Ou.s 			page 11


 142:Core/Src/usart.c ****     */
 143:Core/Src/usart.c ****     HAL_GPIO_DeInit(GPIOC, GPIO_PIN_10|GPIO_PIN_11);
 360              		.loc 1 143 5 view .LVU116
 361 0018 4FF44061 		mov	r1, #3072
 362 001c 0848     		ldr	r0, .L24+8
 363              	.LVL14:
 364              		.loc 1 143 5 is_stmt 0 view .LVU117
 365 001e FFF7FEFF 		bl	HAL_GPIO_DeInit
 366              	.LVL15:
 144:Core/Src/usart.c **** 
 145:Core/Src/usart.c ****     /* UART4 DMA DeInit */
 146:Core/Src/usart.c ****     HAL_DMA_DeInit(uartHandle->hdmarx);
 367              		.loc 1 146 5 is_stmt 1 view .LVU118
 368 0022 206F     		ldr	r0, [r4, #112]
 369 0024 FFF7FEFF 		bl	HAL_DMA_DeInit
 370              	.LVL16:
 147:Core/Src/usart.c ****     HAL_DMA_DeInit(uartHandle->hdmatx);
 371              		.loc 1 147 5 view .LVU119
 372 0028 E06E     		ldr	r0, [r4, #108]
 373 002a FFF7FEFF 		bl	HAL_DMA_DeInit
 374              	.LVL17:
 148:Core/Src/usart.c **** 
 149:Core/Src/usart.c ****     /* UART4 interrupt Deinit */
 150:Core/Src/usart.c ****     HAL_NVIC_DisableIRQ(UART4_IRQn);
 375              		.loc 1 150 5 view .LVU120
 376 002e 3420     		movs	r0, #52
 377 0030 FFF7FEFF 		bl	HAL_NVIC_DisableIRQ
 378              	.LVL18:
 151:Core/Src/usart.c ****   /* USER CODE BEGIN UART4_MspDeInit 1 */
 152:Core/Src/usart.c **** 
 153:Core/Src/usart.c ****   /* USER CODE END UART4_MspDeInit 1 */
 154:Core/Src/usart.c ****   }
 155:Core/Src/usart.c **** }
 379              		.loc 1 155 1 is_stmt 0 view .LVU121
 380 0034 10BD     		pop	{r4, pc}
 381              	.LVL19:
 382              	.L25:
 383              		.loc 1 155 1 view .LVU122
 384 0036 00BF     		.align	2
 385              	.L24:
 386 0038 004C0040 		.word	1073761280
 387 003c 00100240 		.word	1073876992
 388 0040 00080048 		.word	1207961600
 389              		.cfi_endproc
 390              	.LFE132:
 392              		.global	hdma_uart4_tx
 393              		.global	hdma_uart4_rx
 394              		.global	huart4
 395              		.section	.bss.hdma_uart4_rx,"aw",%nobits
 396              		.align	2
 397              		.set	.LANCHOR1,. + 0
 400              	hdma_uart4_rx:
 401 0000 00000000 		.space	68
 401      00000000 
 401      00000000 
 401      00000000 
 401      00000000 
ARM GAS  C:\Users\afara\AppData\Local\Temp\ccJYy5Ou.s 			page 12


 402              		.section	.bss.hdma_uart4_tx,"aw",%nobits
 403              		.align	2
 404              		.set	.LANCHOR2,. + 0
 407              	hdma_uart4_tx:
 408 0000 00000000 		.space	68
 408      00000000 
 408      00000000 
 408      00000000 
 408      00000000 
 409              		.section	.bss.huart4,"aw",%nobits
 410              		.align	2
 411              		.set	.LANCHOR0,. + 0
 414              	huart4:
 415 0000 00000000 		.space	132
 415      00000000 
 415      00000000 
 415      00000000 
 415      00000000 
 416              		.text
 417              	.Letext0:
 418              		.file 2 "c:\\dev\\dev_tools\\gcc-arm-none-eabi-10.3-2021.10\\arm-none-eabi\\include\\machine\\_def
 419              		.file 3 "c:\\dev\\dev_tools\\gcc-arm-none-eabi-10.3-2021.10\\arm-none-eabi\\include\\sys\\_stdint.
 420              		.file 4 "Drivers/CMSIS/Device/ST/STM32F3xx/Include/stm32f303xc.h"
 421              		.file 5 "Drivers/STM32F3xx_HAL_Driver/Inc/stm32f3xx_hal_def.h"
 422              		.file 6 "Drivers/STM32F3xx_HAL_Driver/Inc/stm32f3xx_hal_gpio.h"
 423              		.file 7 "Drivers/STM32F3xx_HAL_Driver/Inc/stm32f3xx_hal_dma.h"
 424              		.file 8 "Drivers/STM32F3xx_HAL_Driver/Inc/stm32f3xx_hal_uart.h"
 425              		.file 9 "Core/Inc/usart.h"
 426              		.file 10 "Drivers/STM32F3xx_HAL_Driver/Inc/stm32f3xx_hal_cortex.h"
 427              		.file 11 "Core/Inc/main.h"
ARM GAS  C:\Users\afara\AppData\Local\Temp\ccJYy5Ou.s 			page 13


DEFINED SYMBOLS
                            *ABS*:00000000 usart.c
C:\Users\afara\AppData\Local\Temp\ccJYy5Ou.s:20     .text.MX_UART4_Init:00000000 $t
C:\Users\afara\AppData\Local\Temp\ccJYy5Ou.s:26     .text.MX_UART4_Init:00000000 MX_UART4_Init
C:\Users\afara\AppData\Local\Temp\ccJYy5Ou.s:91     .text.MX_UART4_Init:00000030 $d
C:\Users\afara\AppData\Local\Temp\ccJYy5Ou.s:97     .text.HAL_UART_MspInit:00000000 $t
C:\Users\afara\AppData\Local\Temp\ccJYy5Ou.s:103    .text.HAL_UART_MspInit:00000000 HAL_UART_MspInit
C:\Users\afara\AppData\Local\Temp\ccJYy5Ou.s:316    .text.HAL_UART_MspInit:000000d0 $d
C:\Users\afara\AppData\Local\Temp\ccJYy5Ou.s:326    .text.HAL_UART_MspDeInit:00000000 $t
C:\Users\afara\AppData\Local\Temp\ccJYy5Ou.s:332    .text.HAL_UART_MspDeInit:00000000 HAL_UART_MspDeInit
C:\Users\afara\AppData\Local\Temp\ccJYy5Ou.s:386    .text.HAL_UART_MspDeInit:00000038 $d
C:\Users\afara\AppData\Local\Temp\ccJYy5Ou.s:407    .bss.hdma_uart4_tx:00000000 hdma_uart4_tx
C:\Users\afara\AppData\Local\Temp\ccJYy5Ou.s:400    .bss.hdma_uart4_rx:00000000 hdma_uart4_rx
C:\Users\afara\AppData\Local\Temp\ccJYy5Ou.s:414    .bss.huart4:00000000 huart4
C:\Users\afara\AppData\Local\Temp\ccJYy5Ou.s:396    .bss.hdma_uart4_rx:00000000 $d
C:\Users\afara\AppData\Local\Temp\ccJYy5Ou.s:403    .bss.hdma_uart4_tx:00000000 $d
C:\Users\afara\AppData\Local\Temp\ccJYy5Ou.s:410    .bss.huart4:00000000 $d

UNDEFINED SYMBOLS
HAL_UART_Init
Error_Handler
HAL_GPIO_Init
HAL_DMA_Init
HAL_NVIC_SetPriority
HAL_NVIC_EnableIRQ
HAL_GPIO_DeInit
HAL_DMA_DeInit
HAL_NVIC_DisableIRQ
